{"E:\\NEU\\MSD\\TA Portal\\Project1\\taportal-master\\testspec\\dummytest.js":{"path":"E:\\NEU\\MSD\\TA Portal\\Project1\\taportal-master\\testspec\\dummytest.js","s":{},"b":{},"f":{},"fnMap":{},"statementMap":{},"branchMap":{}},"E:\\NEU\\MSD\\TA Portal\\Project1\\taportal-master\\testspec\\test.js":{"path":"E:\\NEU\\MSD\\TA Portal\\Project1\\taportal-master\\testspec\\test.js","s":{"1":1,"2":1,"3":1,"4":1,"5":1,"6":1,"7":1,"8":1,"9":1,"10":1,"11":1,"12":1,"13":1,"14":1,"15":1,"16":1,"17":1,"18":1,"19":1,"20":1,"21":1,"22":1,"23":1,"24":1,"25":1,"26":1,"27":1,"28":1,"29":1,"30":1,"31":1,"32":1,"33":1,"34":1,"35":1,"36":1,"37":1,"38":1,"39":1,"40":1,"41":1,"42":1,"43":1,"44":1,"45":1,"46":1,"47":1,"48":1,"49":1,"50":1,"51":1,"52":1,"53":1,"54":1,"55":1,"56":1,"57":1,"58":1,"59":1,"60":1,"61":1,"62":1,"63":1,"64":1,"65":1,"66":1,"67":1,"68":1,"69":1,"70":1,"71":1,"72":1,"73":1,"74":1,"75":1,"76":1,"77":1,"78":1,"79":1,"80":1,"81":1,"82":1,"83":1,"84":1,"85":1,"86":1,"87":1,"88":1,"89":1,"90":1,"91":1,"92":1,"93":1,"94":1,"95":1,"96":1,"97":1,"98":1,"99":0,"100":0,"101":1,"102":1,"103":1,"104":1,"105":1,"106":1,"107":1,"108":1,"109":1,"110":1,"111":1,"112":1,"113":1,"114":1,"115":1,"116":1,"117":1,"118":1,"119":1,"120":1,"121":1},"b":{},"f":{"1":1,"2":1,"3":1,"4":1,"5":1,"6":1,"7":1,"8":1,"9":1,"10":1,"11":1,"12":1,"13":1,"14":1,"15":1,"16":1,"17":1,"18":1,"19":1,"20":1,"21":1,"22":1,"23":1,"24":1,"25":1,"26":1,"27":1,"28":1,"29":1,"30":1,"31":1,"32":1,"33":1,"34":1,"35":1,"36":1,"37":1,"38":1,"39":1,"40":1,"41":1,"42":1,"43":1,"44":1,"45":1,"46":1,"47":1,"48":1,"49":0,"50":1,"51":1,"52":1,"53":1,"54":1,"55":1,"56":1,"57":1,"58":1,"59":1,"60":1,"61":1},"fnMap":{"1":{"name":"(anonymous_1)","line":25,"loc":{"start":{"line":25,"column":26},"end":{"line":25,"column":37}}},"2":{"name":"(anonymous_2)","line":27,"loc":{"start":{"line":27,"column":31},"end":{"line":27,"column":47}}},"3":{"name":"(anonymous_3)","line":30,"loc":{"start":{"line":30,"column":17},"end":{"line":30,"column":35}}},"4":{"name":"(anonymous_4)","line":37,"loc":{"start":{"line":37,"column":37},"end":{"line":37,"column":53}}},"5":{"name":"(anonymous_5)","line":40,"loc":{"start":{"line":40,"column":17},"end":{"line":40,"column":35}}},"6":{"name":"(anonymous_6)","line":47,"loc":{"start":{"line":47,"column":53},"end":{"line":47,"column":68}}},"7":{"name":"(anonymous_7)","line":51,"loc":{"start":{"line":51,"column":17},"end":{"line":51,"column":35}}},"8":{"name":"(anonymous_8)","line":57,"loc":{"start":{"line":57,"column":39},"end":{"line":57,"column":55}}},"9":{"name":"(anonymous_9)","line":60,"loc":{"start":{"line":60,"column":17},"end":{"line":60,"column":35}}},"10":{"name":"(anonymous_10)","line":67,"loc":{"start":{"line":67,"column":41},"end":{"line":67,"column":57}}},"11":{"name":"(anonymous_11)","line":70,"loc":{"start":{"line":70,"column":17},"end":{"line":70,"column":37}}},"12":{"name":"(anonymous_12)","line":77,"loc":{"start":{"line":77,"column":39},"end":{"line":77,"column":55}}},"13":{"name":"(anonymous_13)","line":80,"loc":{"start":{"line":80,"column":17},"end":{"line":80,"column":37}}},"14":{"name":"(anonymous_14)","line":87,"loc":{"start":{"line":87,"column":53},"end":{"line":87,"column":69}}},"15":{"name":"(anonymous_15)","line":90,"loc":{"start":{"line":90,"column":17},"end":{"line":90,"column":37}}},"16":{"name":"(anonymous_16)","line":98,"loc":{"start":{"line":98,"column":53},"end":{"line":98,"column":68}}},"17":{"name":"(anonymous_17)","line":102,"loc":{"start":{"line":102,"column":17},"end":{"line":102,"column":35}}},"18":{"name":"(anonymous_18)","line":110,"loc":{"start":{"line":110,"column":65},"end":{"line":110,"column":80}}},"19":{"name":"(anonymous_19)","line":114,"loc":{"start":{"line":114,"column":17},"end":{"line":114,"column":35}}},"20":{"name":"(anonymous_20)","line":132,"loc":{"start":{"line":132,"column":55},"end":{"line":132,"column":70}}},"21":{"name":"(anonymous_21)","line":136,"loc":{"start":{"line":136,"column":17},"end":{"line":136,"column":36}}},"22":{"name":"(anonymous_22)","line":140,"loc":{"start":{"line":140,"column":25},"end":{"line":140,"column":45}}},"23":{"name":"(anonymous_23)","line":156,"loc":{"start":{"line":156,"column":56},"end":{"line":156,"column":71}}},"24":{"name":"(anonymous_24)","line":160,"loc":{"start":{"line":160,"column":17},"end":{"line":160,"column":35}}},"25":{"name":"(anonymous_25)","line":166,"loc":{"start":{"line":166,"column":44},"end":{"line":166,"column":60}}},"26":{"name":"(anonymous_26)","line":169,"loc":{"start":{"line":169,"column":17},"end":{"line":169,"column":35}}},"27":{"name":"(anonymous_27)","line":173,"loc":{"start":{"line":173,"column":25},"end":{"line":173,"column":52}}},"28":{"name":"(anonymous_28)","line":181,"loc":{"start":{"line":181,"column":31},"end":{"line":181,"column":47}}},"29":{"name":"(anonymous_29)","line":184,"loc":{"start":{"line":184,"column":17},"end":{"line":184,"column":35}}},"30":{"name":"(anonymous_30)","line":196,"loc":{"start":{"line":196,"column":25},"end":{"line":196,"column":52}}},"31":{"name":"(anonymous_31)","line":203,"loc":{"start":{"line":203,"column":42},"end":{"line":203,"column":58}}},"32":{"name":"(anonymous_32)","line":206,"loc":{"start":{"line":206,"column":17},"end":{"line":206,"column":35}}},"33":{"name":"(anonymous_33)","line":218,"loc":{"start":{"line":218,"column":25},"end":{"line":218,"column":52}}},"34":{"name":"(anonymous_34)","line":228,"loc":{"start":{"line":228,"column":46},"end":{"line":228,"column":62}}},"35":{"name":"(anonymous_35)","line":236,"loc":{"start":{"line":236,"column":13},"end":{"line":236,"column":31}}},"36":{"name":"(anonymous_36)","line":253,"loc":{"start":{"line":253,"column":17},"end":{"line":253,"column":44}}},"37":{"name":"(anonymous_37)","line":261,"loc":{"start":{"line":261,"column":47},"end":{"line":261,"column":63}}},"38":{"name":"(anonymous_38)","line":269,"loc":{"start":{"line":269,"column":13},"end":{"line":269,"column":31}}},"39":{"name":"(anonymous_39)","line":286,"loc":{"start":{"line":286,"column":17},"end":{"line":286,"column":44}}},"40":{"name":"(anonymous_40)","line":294,"loc":{"start":{"line":294,"column":61},"end":{"line":294,"column":77}}},"41":{"name":"(anonymous_41)","line":297,"loc":{"start":{"line":297,"column":17},"end":{"line":297,"column":35}}},"42":{"name":"(anonymous_42)","line":309,"loc":{"start":{"line":309,"column":25},"end":{"line":309,"column":52}}},"43":{"name":"(anonymous_43)","line":317,"loc":{"start":{"line":317,"column":37},"end":{"line":317,"column":53}}},"44":{"name":"(anonymous_44)","line":320,"loc":{"start":{"line":320,"column":17},"end":{"line":320,"column":35}}},"45":{"name":"(anonymous_45)","line":323,"loc":{"start":{"line":323,"column":25},"end":{"line":323,"column":52}}},"46":{"name":"(anonymous_46)","line":330,"loc":{"start":{"line":330,"column":40},"end":{"line":330,"column":56}}},"47":{"name":"(anonymous_47)","line":333,"loc":{"start":{"line":333,"column":17},"end":{"line":333,"column":35}}},"48":{"name":"(anonymous_48)","line":339,"loc":{"start":{"line":339,"column":32},"end":{"line":339,"column":48}}},"49":{"name":"(anonymous_49)","line":342,"loc":{"start":{"line":342,"column":17},"end":{"line":342,"column":35}}},"50":{"name":"(anonymous_50)","line":352,"loc":{"start":{"line":352,"column":36},"end":{"line":352,"column":52}}},"51":{"name":"(anonymous_51)","line":355,"loc":{"start":{"line":355,"column":13},"end":{"line":355,"column":31}}},"52":{"name":"(anonymous_52)","line":367,"loc":{"start":{"line":367,"column":17},"end":{"line":367,"column":44}}},"53":{"name":"(anonymous_53)","line":377,"loc":{"start":{"line":377,"column":39},"end":{"line":377,"column":55}}},"54":{"name":"(anonymous_54)","line":380,"loc":{"start":{"line":380,"column":13},"end":{"line":380,"column":31}}},"55":{"name":"(anonymous_55)","line":392,"loc":{"start":{"line":392,"column":17},"end":{"line":392,"column":44}}},"56":{"name":"(anonymous_56)","line":402,"loc":{"start":{"line":402,"column":29},"end":{"line":402,"column":45}}},"57":{"name":"(anonymous_57)","line":405,"loc":{"start":{"line":405,"column":17},"end":{"line":405,"column":35}}},"58":{"name":"(anonymous_58)","line":408,"loc":{"start":{"line":408,"column":25},"end":{"line":408,"column":52}}},"59":{"name":"(anonymous_59)","line":415,"loc":{"start":{"line":415,"column":29},"end":{"line":415,"column":45}}},"60":{"name":"(anonymous_60)","line":418,"loc":{"start":{"line":418,"column":17},"end":{"line":418,"column":35}}},"61":{"name":"(anonymous_61)","line":421,"loc":{"start":{"line":421,"column":25},"end":{"line":421,"column":52}}}},"statementMap":{"1":{"start":{"line":8,"column":0},"end":{"line":8,"column":27}},"2":{"start":{"line":9,"column":0},"end":{"line":9,"column":36}},"3":{"start":{"line":10,"column":0},"end":{"line":10,"column":34}},"4":{"start":{"line":12,"column":0},"end":{"line":12,"column":27}},"5":{"start":{"line":14,"column":0},"end":{"line":14,"column":36}},"6":{"start":{"line":16,"column":0},"end":{"line":16,"column":63}},"7":{"start":{"line":18,"column":0},"end":{"line":18,"column":33}},"8":{"start":{"line":20,"column":0},"end":{"line":20,"column":20}},"9":{"start":{"line":21,"column":0},"end":{"line":21,"column":18}},"10":{"start":{"line":22,"column":0},"end":{"line":22,"column":19}},"11":{"start":{"line":25,"column":0},"end":{"line":428,"column":3}},"12":{"start":{"line":27,"column":4},"end":{"line":34,"column":7}},"13":{"start":{"line":28,"column":8},"end":{"line":33,"column":14}},"14":{"start":{"line":31,"column":16},"end":{"line":31,"column":44}},"15":{"start":{"line":32,"column":16},"end":{"line":32,"column":23}},"16":{"start":{"line":37,"column":4},"end":{"line":44,"column":7}},"17":{"start":{"line":38,"column":8},"end":{"line":43,"column":14}},"18":{"start":{"line":41,"column":16},"end":{"line":41,"column":44}},"19":{"start":{"line":42,"column":16},"end":{"line":42,"column":23}},"20":{"start":{"line":47,"column":4},"end":{"line":55,"column":7}},"21":{"start":{"line":48,"column":8},"end":{"line":54,"column":14}},"22":{"start":{"line":52,"column":16},"end":{"line":52,"column":44}},"23":{"start":{"line":53,"column":16},"end":{"line":53,"column":23}},"24":{"start":{"line":57,"column":4},"end":{"line":64,"column":7}},"25":{"start":{"line":58,"column":8},"end":{"line":63,"column":14}},"26":{"start":{"line":61,"column":16},"end":{"line":61,"column":44}},"27":{"start":{"line":62,"column":16},"end":{"line":62,"column":23}},"28":{"start":{"line":67,"column":4},"end":{"line":75,"column":7}},"29":{"start":{"line":68,"column":8},"end":{"line":73,"column":14}},"30":{"start":{"line":71,"column":16},"end":{"line":71,"column":44}},"31":{"start":{"line":72,"column":16},"end":{"line":72,"column":23}},"32":{"start":{"line":77,"column":4},"end":{"line":85,"column":7}},"33":{"start":{"line":78,"column":8},"end":{"line":83,"column":14}},"34":{"start":{"line":81,"column":16},"end":{"line":81,"column":44}},"35":{"start":{"line":82,"column":16},"end":{"line":82,"column":23}},"36":{"start":{"line":87,"column":4},"end":{"line":95,"column":7}},"37":{"start":{"line":88,"column":8},"end":{"line":93,"column":14}},"38":{"start":{"line":91,"column":16},"end":{"line":91,"column":44}},"39":{"start":{"line":92,"column":16},"end":{"line":92,"column":23}},"40":{"start":{"line":98,"column":4},"end":{"line":106,"column":7}},"41":{"start":{"line":99,"column":8},"end":{"line":105,"column":15}},"42":{"start":{"line":103,"column":16},"end":{"line":103,"column":44}},"43":{"start":{"line":104,"column":16},"end":{"line":104,"column":23}},"44":{"start":{"line":110,"column":4},"end":{"line":118,"column":7}},"45":{"start":{"line":111,"column":8},"end":{"line":117,"column":15}},"46":{"start":{"line":115,"column":16},"end":{"line":115,"column":44}},"47":{"start":{"line":116,"column":16},"end":{"line":116,"column":23}},"48":{"start":{"line":132,"column":4},"end":{"line":145,"column":7}},"49":{"start":{"line":133,"column":8},"end":{"line":144,"column":15}},"50":{"start":{"line":137,"column":16},"end":{"line":137,"column":37}},"51":{"start":{"line":138,"column":16},"end":{"line":143,"column":23}},"52":{"start":{"line":141,"column":24},"end":{"line":141,"column":52}},"53":{"start":{"line":142,"column":24},"end":{"line":142,"column":31}},"54":{"start":{"line":156,"column":4},"end":{"line":164,"column":7}},"55":{"start":{"line":157,"column":8},"end":{"line":163,"column":14}},"56":{"start":{"line":161,"column":16},"end":{"line":161,"column":44}},"57":{"start":{"line":162,"column":16},"end":{"line":162,"column":23}},"58":{"start":{"line":166,"column":4},"end":{"line":178,"column":7}},"59":{"start":{"line":167,"column":8},"end":{"line":177,"column":15}},"60":{"start":{"line":170,"column":16},"end":{"line":176,"column":23}},"61":{"start":{"line":174,"column":24},"end":{"line":174,"column":57}},"62":{"start":{"line":175,"column":24},"end":{"line":175,"column":31}},"63":{"start":{"line":181,"column":4},"end":{"line":201,"column":7}},"64":{"start":{"line":182,"column":8},"end":{"line":200,"column":15}},"65":{"start":{"line":185,"column":16},"end":{"line":199,"column":23}},"66":{"start":{"line":197,"column":24},"end":{"line":197,"column":57}},"67":{"start":{"line":198,"column":24},"end":{"line":198,"column":31}},"68":{"start":{"line":203,"column":4},"end":{"line":223,"column":7}},"69":{"start":{"line":204,"column":8},"end":{"line":222,"column":15}},"70":{"start":{"line":207,"column":16},"end":{"line":221,"column":23}},"71":{"start":{"line":219,"column":24},"end":{"line":219,"column":54}},"72":{"start":{"line":220,"column":24},"end":{"line":220,"column":31}},"73":{"start":{"line":228,"column":4},"end":{"line":258,"column":7}},"74":{"start":{"line":229,"column":8},"end":{"line":257,"column":11}},"75":{"start":{"line":237,"column":12},"end":{"line":256,"column":15}},"76":{"start":{"line":254,"column":16},"end":{"line":254,"column":49}},"77":{"start":{"line":255,"column":16},"end":{"line":255,"column":23}},"78":{"start":{"line":261,"column":4},"end":{"line":291,"column":7}},"79":{"start":{"line":262,"column":8},"end":{"line":290,"column":11}},"80":{"start":{"line":270,"column":12},"end":{"line":289,"column":15}},"81":{"start":{"line":287,"column":16},"end":{"line":287,"column":49}},"82":{"start":{"line":288,"column":16},"end":{"line":288,"column":23}},"83":{"start":{"line":294,"column":4},"end":{"line":314,"column":7}},"84":{"start":{"line":295,"column":8},"end":{"line":313,"column":15}},"85":{"start":{"line":298,"column":16},"end":{"line":312,"column":23}},"86":{"start":{"line":310,"column":24},"end":{"line":310,"column":57}},"87":{"start":{"line":311,"column":24},"end":{"line":311,"column":31}},"88":{"start":{"line":317,"column":4},"end":{"line":328,"column":7}},"89":{"start":{"line":318,"column":8},"end":{"line":327,"column":15}},"90":{"start":{"line":321,"column":16},"end":{"line":326,"column":22}},"91":{"start":{"line":324,"column":24},"end":{"line":324,"column":57}},"92":{"start":{"line":325,"column":24},"end":{"line":325,"column":31}},"93":{"start":{"line":330,"column":4},"end":{"line":337,"column":7}},"94":{"start":{"line":331,"column":8},"end":{"line":336,"column":14}},"95":{"start":{"line":334,"column":16},"end":{"line":334,"column":44}},"96":{"start":{"line":335,"column":16},"end":{"line":335,"column":23}},"97":{"start":{"line":339,"column":4},"end":{"line":347,"column":7}},"98":{"start":{"line":340,"column":8},"end":{"line":345,"column":14}},"99":{"start":{"line":343,"column":16},"end":{"line":343,"column":44}},"100":{"start":{"line":344,"column":16},"end":{"line":344,"column":23}},"101":{"start":{"line":346,"column":8},"end":{"line":346,"column":15}},"102":{"start":{"line":352,"column":4},"end":{"line":372,"column":7}},"103":{"start":{"line":353,"column":8},"end":{"line":371,"column":11}},"104":{"start":{"line":356,"column":12},"end":{"line":370,"column":15}},"105":{"start":{"line":368,"column":16},"end":{"line":368,"column":49}},"106":{"start":{"line":369,"column":16},"end":{"line":369,"column":23}},"107":{"start":{"line":377,"column":4},"end":{"line":397,"column":7}},"108":{"start":{"line":378,"column":8},"end":{"line":396,"column":11}},"109":{"start":{"line":381,"column":12},"end":{"line":395,"column":15}},"110":{"start":{"line":393,"column":16},"end":{"line":393,"column":49}},"111":{"start":{"line":394,"column":16},"end":{"line":394,"column":23}},"112":{"start":{"line":402,"column":4},"end":{"line":413,"column":7}},"113":{"start":{"line":403,"column":8},"end":{"line":412,"column":15}},"114":{"start":{"line":406,"column":16},"end":{"line":410,"column":23}},"115":{"start":{"line":409,"column":24},"end":{"line":409,"column":57}},"116":{"start":{"line":411,"column":16},"end":{"line":411,"column":23}},"117":{"start":{"line":415,"column":4},"end":{"line":426,"column":7}},"118":{"start":{"line":416,"column":8},"end":{"line":425,"column":15}},"119":{"start":{"line":419,"column":16},"end":{"line":423,"column":23}},"120":{"start":{"line":422,"column":24},"end":{"line":422,"column":57}},"121":{"start":{"line":424,"column":16},"end":{"line":424,"column":23}}},"branchMap":{}},"E:\\NEU\\MSD\\TA Portal\\Project1\\taportal-master\\server.js":{"path":"E:\\NEU\\MSD\\TA Portal\\Project1\\taportal-master\\server.js","s":{"1":1,"2":1,"3":1,"4":1,"5":1,"6":1,"7":1,"8":1,"9":1,"10":1,"11":1,"12":1,"13":1,"14":1,"15":1,"16":1,"17":1,"18":1,"19":1,"20":1,"21":1,"22":1},"b":{"1":[1,1]},"f":{},"fnMap":{},"statementMap":{"1":{"start":{"line":1,"column":0},"end":{"line":1,"column":33}},"2":{"start":{"line":4,"column":0},"end":{"line":4,"column":44}},"3":{"start":{"line":5,"column":0},"end":{"line":5,"column":46}},"4":{"start":{"line":6,"column":0},"end":{"line":6,"column":35}},"5":{"start":{"line":7,"column":0},"end":{"line":7,"column":20}},"6":{"start":{"line":10,"column":0},"end":{"line":10,"column":80}},"7":{"start":{"line":12,"column":0},"end":{"line":12,"column":35}},"8":{"start":{"line":13,"column":0},"end":{"line":13,"column":35}},"9":{"start":{"line":15,"column":0},"end":{"line":15,"column":40}},"10":{"start":{"line":16,"column":0},"end":{"line":16,"column":27}},"11":{"start":{"line":17,"column":0},"end":{"line":17,"column":51}},"12":{"start":{"line":20,"column":0},"end":{"line":20,"column":24}},"13":{"start":{"line":21,"column":0},"end":{"line":21,"column":40}},"14":{"start":{"line":25,"column":0},"end":{"line":25,"column":31}},"15":{"start":{"line":26,"column":0},"end":{"line":26,"column":28}},"16":{"start":{"line":29,"column":0},"end":{"line":29,"column":47}},"17":{"start":{"line":33,"column":0},"end":{"line":33,"column":48}},"18":{"start":{"line":34,"column":0},"end":{"line":34,"column":58}},"19":{"start":{"line":36,"column":0},"end":{"line":36,"column":42}},"20":{"start":{"line":37,"column":0},"end":{"line":37,"column":13}},"21":{"start":{"line":41,"column":0},"end":{"line":41,"column":28}},"22":{"start":{"line":44,"column":0},"end":{"line":44,"column":21}}},"branchMap":{"1":{"line":34,"type":"binary-expr","locations":[{"start":{"line":34,"column":16},"end":{"line":34,"column":49}},{"start":{"line":34,"column":53},"end":{"line":34,"column":57}}]}}},"E:\\NEU\\MSD\\TA Portal\\Project1\\taportal-master\\project\\app.js":{"path":"E:\\NEU\\MSD\\TA Portal\\Project1\\taportal-master\\project\\app.js","s":{"1":1,"2":1,"3":1,"4":1,"5":1},"b":{},"f":{"1":1},"fnMap":{"1":{"name":"(anonymous_1)","line":5,"loc":{"start":{"line":5,"column":17},"end":{"line":5,"column":32}}}},"statementMap":{"1":{"start":{"line":5,"column":0},"end":{"line":12,"column":2}},"2":{"start":{"line":6,"column":4},"end":{"line":6,"column":55}},"3":{"start":{"line":8,"column":4},"end":{"line":8,"column":62}},"4":{"start":{"line":9,"column":4},"end":{"line":9,"column":77}},"5":{"start":{"line":10,"column":4},"end":{"line":10,"column":65}}},"branchMap":{}},"E:\\NEU\\MSD\\TA Portal\\Project1\\taportal-master\\project\\model\\models.server.js":{"path":"E:\\NEU\\MSD\\TA Portal\\Project1\\taportal-master\\project\\model\\models.server.js","s":{"1":1,"2":1,"3":1},"b":{},"f":{"1":1},"fnMap":{"1":{"name":"(anonymous_1)","line":4,"loc":{"start":{"line":4,"column":18},"end":{"line":4,"column":30}}}},"statementMap":{"1":{"start":{"line":4,"column":0},"end":{"line":15,"column":2}},"2":{"start":{"line":6,"column":4},"end":{"line":13,"column":6}},"3":{"start":{"line":14,"column":4},"end":{"line":14,"column":18}}},"branchMap":{}},"E:\\NEU\\MSD\\TA Portal\\Project1\\taportal-master\\project\\model\\user\\user.model.server.js":{"path":"E:\\NEU\\MSD\\TA Portal\\Project1\\taportal-master\\project\\model\\user\\user.model.server.js","s":{"1":1,"2":1,"3":1,"4":1,"5":1,"6":1,"7":1,"8":5,"9":1,"10":1,"11":1,"12":17,"13":1,"14":2,"15":1,"16":1,"17":1,"18":1,"19":1,"20":1,"21":1,"22":3,"23":1,"24":4,"25":1,"26":1,"27":1,"28":4,"29":1,"30":0},"b":{},"f":{"1":1,"2":5,"3":1,"4":17,"5":2,"6":1,"7":1,"8":1,"9":3,"10":4,"11":1,"12":4,"13":0},"fnMap":{"1":{"name":"(anonymous_1)","line":5,"loc":{"start":{"line":5,"column":17},"end":{"line":5,"column":29}}},"2":{"name":"findAllUsers","line":38,"loc":{"start":{"line":38,"column":4},"end":{"line":38,"column":28}}},"3":{"name":"findUserById","line":44,"loc":{"start":{"line":44,"column":4},"end":{"line":44,"column":34}}},"4":{"name":"findUserByUsername","line":50,"loc":{"start":{"line":50,"column":4},"end":{"line":50,"column":42}}},"5":{"name":"addUserCourses","line":58,"loc":{"start":{"line":58,"column":4},"end":{"line":58,"column":42}}},"6":{"name":"addCurrentCourses","line":69,"loc":{"start":{"line":69,"column":4},"end":{"line":69,"column":45}}},"7":{"name":"deleteUserCourse","line":80,"loc":{"start":{"line":80,"column":4},"end":{"line":80,"column":50}}},"8":{"name":"deleteCurrentCourse","line":91,"loc":{"start":{"line":91,"column":4},"end":{"line":91,"column":53}}},"9":{"name":"updateUser","line":116,"loc":{"start":{"line":116,"column":4},"end":{"line":116,"column":38}}},"10":{"name":"deleteUser","line":136,"loc":{"start":{"line":136,"column":4},"end":{"line":136,"column":32}}},"11":{"name":"findUserByCredentials","line":142,"loc":{"start":{"line":142,"column":4},"end":{"line":142,"column":55}}},"12":{"name":"createUser","line":148,"loc":{"start":{"line":148,"column":4},"end":{"line":148,"column":29}}},"13":{"name":"updateResumeOfStudent","line":157,"loc":{"start":{"line":157,"column":4},"end":{"line":157,"column":51}}}},"statementMap":{"1":{"start":{"line":5,"column":0},"end":{"line":172,"column":2}},"2":{"start":{"line":7,"column":4},"end":{"line":7,"column":40}},"3":{"start":{"line":8,"column":4},"end":{"line":8,"column":55}},"4":{"start":{"line":9,"column":4},"end":{"line":9,"column":51}},"5":{"start":{"line":11,"column":4},"end":{"line":27,"column":6}},"6":{"start":{"line":28,"column":4},"end":{"line":28,"column":15}},"7":{"start":{"line":38,"column":4},"end":{"line":40,"column":5}},"8":{"start":{"line":39,"column":8},"end":{"line":39,"column":27}},"9":{"start":{"line":44,"column":4},"end":{"line":46,"column":5}},"10":{"start":{"line":45,"column":8},"end":{"line":45,"column":44}},"11":{"start":{"line":50,"column":4},"end":{"line":52,"column":5}},"12":{"start":{"line":51,"column":8},"end":{"line":51,"column":50}},"13":{"start":{"line":58,"column":4},"end":{"line":64,"column":5}},"14":{"start":{"line":59,"column":8},"end":{"line":62,"column":15}},"15":{"start":{"line":69,"column":4},"end":{"line":75,"column":5}},"16":{"start":{"line":70,"column":8},"end":{"line":73,"column":15}},"17":{"start":{"line":80,"column":4},"end":{"line":85,"column":5}},"18":{"start":{"line":81,"column":8},"end":{"line":84,"column":15}},"19":{"start":{"line":91,"column":4},"end":{"line":96,"column":5}},"20":{"start":{"line":92,"column":8},"end":{"line":95,"column":15}},"21":{"start":{"line":116,"column":4},"end":{"line":132,"column":5}},"22":{"start":{"line":118,"column":8},"end":{"line":131,"column":14}},"23":{"start":{"line":136,"column":4},"end":{"line":138,"column":5}},"24":{"start":{"line":137,"column":12},"end":{"line":137,"column":46}},"25":{"start":{"line":142,"column":4},"end":{"line":144,"column":5}},"26":{"start":{"line":143,"column":8},"end":{"line":143,"column":70}},"27":{"start":{"line":148,"column":4},"end":{"line":150,"column":5}},"28":{"start":{"line":149,"column":8},"end":{"line":149,"column":34}},"29":{"start":{"line":157,"column":4},"end":{"line":164,"column":5}},"30":{"start":{"line":159,"column":8},"end":{"line":163,"column":14}}},"branchMap":{}},"E:\\NEU\\MSD\\TA Portal\\Project1\\taportal-master\\project\\model\\user\\user.schema.server.js":{"path":"E:\\NEU\\MSD\\TA Portal\\Project1\\taportal-master\\project\\model\\user\\user.schema.server.js","s":{"1":1,"2":1,"3":1,"4":1},"b":{},"f":{"1":1},"fnMap":{"1":{"name":"(anonymous_1)","line":6,"loc":{"start":{"line":6,"column":17},"end":{"line":6,"column":29}}}},"statementMap":{"1":{"start":{"line":6,"column":0},"end":{"line":71,"column":2}},"2":{"start":{"line":8,"column":4},"end":{"line":8,"column":39}},"3":{"start":{"line":10,"column":4},"end":{"line":69,"column":38}},"4":{"start":{"line":70,"column":4},"end":{"line":70,"column":22}}},"branchMap":{}},"E:\\NEU\\MSD\\TA Portal\\Project1\\taportal-master\\project\\model\\user\\course.model.server.js":{"path":"E:\\NEU\\MSD\\TA Portal\\Project1\\taportal-master\\project\\model\\user\\course.model.server.js","s":{"1":1,"2":1,"3":1,"4":1,"5":1,"6":1,"7":1,"8":3,"9":1,"10":2,"11":2,"12":1,"13":3,"14":1,"15":1,"16":1,"17":2,"18":1,"19":1,"20":1,"21":2},"b":{},"f":{"1":1,"2":3,"3":2,"4":3,"5":1,"6":2,"7":1,"8":2},"fnMap":{"1":{"name":"(anonymous_1)","line":5,"loc":{"start":{"line":5,"column":17},"end":{"line":5,"column":29}}},"2":{"name":"findCourseByName","line":35,"loc":{"start":{"line":35,"column":4},"end":{"line":35,"column":42}}},"3":{"name":"updateCourse","line":43,"loc":{"start":{"line":43,"column":4},"end":{"line":43,"column":44}}},"4":{"name":"findAllCourses","line":51,"loc":{"start":{"line":51,"column":4},"end":{"line":51,"column":29}}},"5":{"name":"createCourse","line":55,"loc":{"start":{"line":55,"column":4},"end":{"line":55,"column":34}}},"6":{"name":"deleteCourse","line":60,"loc":{"start":{"line":60,"column":4},"end":{"line":60,"column":36}}},"7":{"name":"findCourseById","line":64,"loc":{"start":{"line":64,"column":4},"end":{"line":64,"column":38}}},"8":{"name":"findCourseByCoursename","line":68,"loc":{"start":{"line":68,"column":4},"end":{"line":68,"column":48}}}},"statementMap":{"1":{"start":{"line":5,"column":0},"end":{"line":85,"column":2}},"2":{"start":{"line":7,"column":4},"end":{"line":7,"column":40}},"3":{"start":{"line":8,"column":4},"end":{"line":8,"column":59}},"4":{"start":{"line":9,"column":4},"end":{"line":9,"column":57}},"5":{"start":{"line":13,"column":4},"end":{"line":21,"column":5}},"6":{"start":{"line":23,"column":4},"end":{"line":23,"column":15}},"7":{"start":{"line":35,"column":4},"end":{"line":38,"column":5}},"8":{"start":{"line":37,"column":8},"end":{"line":37,"column":56}},"9":{"start":{"line":43,"column":4},"end":{"line":49,"column":5}},"10":{"start":{"line":44,"column":8},"end":{"line":44,"column":26}},"11":{"start":{"line":45,"column":8},"end":{"line":48,"column":14}},"12":{"start":{"line":51,"column":4},"end":{"line":53,"column":5}},"13":{"start":{"line":52,"column":8},"end":{"line":52,"column":29}},"14":{"start":{"line":55,"column":4},"end":{"line":58,"column":5}},"15":{"start":{"line":57,"column":8},"end":{"line":57,"column":38}},"16":{"start":{"line":60,"column":4},"end":{"line":62,"column":5}},"17":{"start":{"line":61,"column":8},"end":{"line":61,"column":46}},"18":{"start":{"line":64,"column":4},"end":{"line":66,"column":5}},"19":{"start":{"line":65,"column":8},"end":{"line":65,"column":48}},"20":{"start":{"line":68,"column":4},"end":{"line":70,"column":5}},"21":{"start":{"line":69,"column":8},"end":{"line":69,"column":56}}},"branchMap":{}},"E:\\NEU\\MSD\\TA Portal\\Project1\\taportal-master\\project\\model\\user\\course.schema.server.js":{"path":"E:\\NEU\\MSD\\TA Portal\\Project1\\taportal-master\\project\\model\\user\\course.schema.server.js","s":{"1":1,"2":1,"3":1,"4":1},"b":{},"f":{"1":1},"fnMap":{"1":{"name":"(anonymous_1)","line":6,"loc":{"start":{"line":6,"column":17},"end":{"line":6,"column":29}}}},"statementMap":{"1":{"start":{"line":6,"column":0},"end":{"line":13,"column":2}},"2":{"start":{"line":7,"column":4},"end":{"line":7,"column":39}},"3":{"start":{"line":9,"column":4},"end":{"line":11,"column":41}},"4":{"start":{"line":12,"column":4},"end":{"line":12,"column":24}}},"branchMap":{}},"E:\\NEU\\MSD\\TA Portal\\Project1\\taportal-master\\project\\model\\user\\semester.model.server.js":{"path":"E:\\NEU\\MSD\\TA Portal\\Project1\\taportal-master\\project\\model\\user\\semester.model.server.js","s":{"1":1,"2":1,"3":1,"4":1,"5":1,"6":1,"7":1,"8":2,"9":1,"10":2,"11":2,"12":1,"13":2,"14":1,"15":1,"16":1,"17":0,"18":1,"19":1,"20":1,"21":3},"b":{},"f":{"1":1,"2":2,"3":2,"4":2,"5":1,"6":0,"7":1,"8":3},"fnMap":{"1":{"name":"(anonymous_1)","line":6,"loc":{"start":{"line":6,"column":17},"end":{"line":6,"column":29}}},"2":{"name":"findSemesterByName","line":38,"loc":{"start":{"line":38,"column":4},"end":{"line":38,"column":46}}},"3":{"name":"updateSemester","line":46,"loc":{"start":{"line":46,"column":4},"end":{"line":46,"column":50}}},"4":{"name":"findAllSemesters","line":55,"loc":{"start":{"line":55,"column":4},"end":{"line":55,"column":31}}},"5":{"name":"createSemester","line":60,"loc":{"start":{"line":60,"column":4},"end":{"line":60,"column":38}}},"6":{"name":"deleteSemester","line":65,"loc":{"start":{"line":65,"column":4},"end":{"line":65,"column":40}}},"7":{"name":"findSemesterById","line":70,"loc":{"start":{"line":70,"column":4},"end":{"line":70,"column":42}}},"8":{"name":"findSemesterBySemestername","line":75,"loc":{"start":{"line":75,"column":4},"end":{"line":75,"column":54}}}},"statementMap":{"1":{"start":{"line":6,"column":0},"end":{"line":90,"column":2}},"2":{"start":{"line":8,"column":4},"end":{"line":8,"column":40}},"3":{"start":{"line":9,"column":4},"end":{"line":9,"column":63}},"4":{"start":{"line":10,"column":4},"end":{"line":10,"column":63}},"5":{"start":{"line":14,"column":4},"end":{"line":22,"column":6}},"6":{"start":{"line":24,"column":4},"end":{"line":24,"column":15}},"7":{"start":{"line":38,"column":4},"end":{"line":41,"column":5}},"8":{"start":{"line":40,"column":8},"end":{"line":40,"column":62}},"9":{"start":{"line":46,"column":4},"end":{"line":52,"column":5}},"10":{"start":{"line":47,"column":8},"end":{"line":47,"column":28}},"11":{"start":{"line":48,"column":8},"end":{"line":51,"column":14}},"12":{"start":{"line":55,"column":4},"end":{"line":57,"column":5}},"13":{"start":{"line":56,"column":8},"end":{"line":56,"column":31}},"14":{"start":{"line":60,"column":4},"end":{"line":62,"column":5}},"15":{"start":{"line":61,"column":8},"end":{"line":61,"column":42}},"16":{"start":{"line":65,"column":4},"end":{"line":67,"column":5}},"17":{"start":{"line":66,"column":8},"end":{"line":66,"column":50}},"18":{"start":{"line":70,"column":4},"end":{"line":72,"column":5}},"19":{"start":{"line":71,"column":8},"end":{"line":71,"column":52}},"20":{"start":{"line":75,"column":4},"end":{"line":77,"column":5}},"21":{"start":{"line":76,"column":8},"end":{"line":76,"column":62}}},"branchMap":{}},"E:\\NEU\\MSD\\TA Portal\\Project1\\taportal-master\\project\\model\\user\\semester.schema.server.js":{"path":"E:\\NEU\\MSD\\TA Portal\\Project1\\taportal-master\\project\\model\\user\\semester.schema.server.js","s":{"1":1,"2":1,"3":1,"4":1},"b":{},"f":{"1":1},"fnMap":{"1":{"name":"(anonymous_1)","line":7,"loc":{"start":{"line":7,"column":17},"end":{"line":7,"column":29}}}},"statementMap":{"1":{"start":{"line":7,"column":0},"end":{"line":15,"column":2}},"2":{"start":{"line":8,"column":4},"end":{"line":8,"column":39}},"3":{"start":{"line":10,"column":4},"end":{"line":13,"column":43}},"4":{"start":{"line":14,"column":4},"end":{"line":14,"column":26}}},"branchMap":{}},"E:\\NEU\\MSD\\TA Portal\\Project1\\taportal-master\\project\\model\\user\\position.model.server.js":{"path":"E:\\NEU\\MSD\\TA Portal\\Project1\\taportal-master\\project\\model\\user\\position.model.server.js","s":{"1":1,"2":1,"3":1,"4":1,"5":1,"6":1,"7":1,"8":1,"9":1,"10":0,"11":0,"12":1,"13":0,"14":1,"15":3,"16":1,"17":1,"18":1,"19":1,"20":1,"21":1,"22":2},"b":{},"f":{"1":1,"2":1,"3":0,"4":0,"5":3,"6":1,"7":1,"8":2},"fnMap":{"1":{"name":"(anonymous_1)","line":7,"loc":{"start":{"line":7,"column":17},"end":{"line":7,"column":29}}},"2":{"name":"findPositionByName","line":31,"loc":{"start":{"line":31,"column":4},"end":{"line":31,"column":38}}},"3":{"name":"updatePosition","line":43,"loc":{"start":{"line":43,"column":4},"end":{"line":43,"column":50}}},"4":{"name":"updateDeadline","line":58,"loc":{"start":{"line":58,"column":4},"end":{"line":58,"column":48}}},"5":{"name":"findAllPositions","line":68,"loc":{"start":{"line":68,"column":4},"end":{"line":68,"column":31}}},"6":{"name":"createPosition","line":74,"loc":{"start":{"line":74,"column":4},"end":{"line":74,"column":38}}},"7":{"name":"deletePosition","line":81,"loc":{"start":{"line":81,"column":4},"end":{"line":81,"column":40}}},"8":{"name":"findPositionById","line":87,"loc":{"start":{"line":87,"column":4},"end":{"line":87,"column":42}}}},"statementMap":{"1":{"start":{"line":7,"column":0},"end":{"line":103,"column":2}},"2":{"start":{"line":9,"column":4},"end":{"line":9,"column":40}},"3":{"start":{"line":10,"column":4},"end":{"line":10,"column":63}},"4":{"start":{"line":11,"column":4},"end":{"line":11,"column":63}},"5":{"start":{"line":15,"column":4},"end":{"line":23,"column":6}},"6":{"start":{"line":25,"column":4},"end":{"line":25,"column":15}},"7":{"start":{"line":31,"column":4},"end":{"line":34,"column":5}},"8":{"start":{"line":33,"column":8},"end":{"line":33,"column":48}},"9":{"start":{"line":43,"column":4},"end":{"line":53,"column":5}},"10":{"start":{"line":44,"column":8},"end":{"line":44,"column":28}},"11":{"start":{"line":45,"column":8},"end":{"line":52,"column":14}},"12":{"start":{"line":58,"column":4},"end":{"line":64,"column":5}},"13":{"start":{"line":59,"column":8},"end":{"line":62,"column":15}},"14":{"start":{"line":68,"column":4},"end":{"line":70,"column":5}},"15":{"start":{"line":69,"column":8},"end":{"line":69,"column":31}},"16":{"start":{"line":74,"column":4},"end":{"line":77,"column":5}},"17":{"start":{"line":75,"column":8},"end":{"line":75,"column":30}},"18":{"start":{"line":76,"column":8},"end":{"line":76,"column":42}},"19":{"start":{"line":81,"column":4},"end":{"line":83,"column":5}},"20":{"start":{"line":82,"column":8},"end":{"line":82,"column":50}},"21":{"start":{"line":87,"column":4},"end":{"line":89,"column":5}},"22":{"start":{"line":88,"column":8},"end":{"line":88,"column":52}}},"branchMap":{}},"E:\\NEU\\MSD\\TA Portal\\Project1\\taportal-master\\project\\model\\user\\position.schema.server.js":{"path":"E:\\NEU\\MSD\\TA Portal\\Project1\\taportal-master\\project\\model\\user\\position.schema.server.js","s":{"1":1,"2":1,"3":1,"4":1},"b":{},"f":{"1":1},"fnMap":{"1":{"name":"(anonymous_1)","line":5,"loc":{"start":{"line":5,"column":17},"end":{"line":5,"column":29}}}},"statementMap":{"1":{"start":{"line":5,"column":0},"end":{"line":19,"column":2}},"2":{"start":{"line":6,"column":4},"end":{"line":6,"column":39}},"3":{"start":{"line":8,"column":4},"end":{"line":17,"column":43}},"4":{"start":{"line":18,"column":4},"end":{"line":18,"column":26}}},"branchMap":{}},"E:\\NEU\\MSD\\TA Portal\\Project1\\taportal-master\\project\\services\\user.service.server.js":{"path":"E:\\NEU\\MSD\\TA Portal\\Project1\\taportal-master\\project\\services\\user.service.server.js","s":{"1":1,"2":1,"3":1,"4":1,"5":1,"6":1,"7":1,"8":1,"9":1,"10":1,"11":1,"12":1,"13":1,"14":1,"15":1,"16":1,"17":1,"18":1,"19":1,"20":1,"21":1,"22":1,"23":1,"24":1,"25":1,"26":1,"27":1,"28":1,"29":1,"30":1,"31":5,"32":5,"33":0,"34":1,"35":2,"36":2,"37":2,"38":2,"39":2,"40":1,"41":1,"42":1,"43":1,"44":0,"45":2,"46":1,"47":1,"48":0,"49":1,"50":0,"51":1,"52":1,"53":1,"54":1,"55":0,"56":0,"57":1,"58":2,"59":1,"60":0,"61":0,"62":0,"63":1,"64":1,"65":1,"66":1,"67":1,"68":0,"69":1,"70":1,"71":2,"72":2,"73":2,"74":1,"75":0,"76":1,"77":1,"78":1,"79":1,"80":1,"81":0,"82":1,"83":3,"84":3,"85":3,"86":1,"87":0,"88":1,"89":3,"90":3,"91":3,"92":0,"93":0,"94":3,"95":3,"96":0,"97":3,"98":3,"99":0,"100":1,"101":1,"102":1,"103":1,"104":1,"105":0,"106":1,"107":1,"108":1,"109":1,"110":1,"111":0,"112":1,"113":4,"114":4,"115":4,"116":0,"117":1,"118":1,"119":1,"120":1,"121":0,"122":1,"123":13,"124":13,"125":13,"126":1,"127":12,"128":11,"129":1,"130":1,"131":1,"132":1,"133":1,"134":0,"135":1,"136":11,"137":11,"138":0,"139":1,"140":0,"141":0,"142":0,"143":0,"144":0,"145":0,"146":0,"147":0,"148":0,"149":0,"150":0,"151":0,"152":0,"153":0,"154":0,"155":0,"156":0},"b":{"1":[1,1],"2":[1,1],"3":[0,1],"4":[1,0],"5":[1,1],"6":[0,1],"7":[0,3],"8":[3,0],"9":[1,12],"10":[13,12],"11":[11,1],"12":[0,0]},"f":{"1":1,"2":1,"3":5,"4":5,"5":0,"6":2,"7":2,"8":0,"9":2,"10":1,"11":0,"12":1,"13":1,"14":0,"15":2,"16":0,"17":0,"18":0,"19":1,"20":1,"21":2,"22":1,"23":0,"24":1,"25":1,"26":0,"27":3,"28":1,"29":0,"30":3,"31":3,"32":0,"33":3,"34":0,"35":1,"36":1,"37":0,"38":1,"39":1,"40":0,"41":4,"42":4,"43":0,"44":1,"45":1,"46":0,"47":13,"48":1,"49":1,"50":0,"51":11,"52":11,"53":0,"54":0,"55":0,"56":0},"fnMap":{"1":{"name":"(anonymous_1)","line":15,"loc":{"start":{"line":15,"column":16},"end":{"line":15,"column":37}}},"2":{"name":"logout","line":54,"loc":{"start":{"line":54,"column":4},"end":{"line":54,"column":30}}},"3":{"name":"findallusers","line":62,"loc":{"start":{"line":62,"column":4},"end":{"line":62,"column":36}}},"4":{"name":"(anonymous_4)","line":67,"loc":{"start":{"line":67,"column":16},"end":{"line":67,"column":33}}},"5":{"name":"(anonymous_5)","line":70,"loc":{"start":{"line":70,"column":16},"end":{"line":70,"column":33}}},"6":{"name":"register","line":79,"loc":{"start":{"line":79,"column":4},"end":{"line":79,"column":31}}},"7":{"name":"(anonymous_7)","line":85,"loc":{"start":{"line":85,"column":18},"end":{"line":85,"column":34}}},"8":{"name":"(anonymous_8)","line":97,"loc":{"start":{"line":97,"column":16},"end":{"line":97,"column":31}}},"9":{"name":"(anonymous_9)","line":103,"loc":{"start":{"line":103,"column":16},"end":{"line":103,"column":32}}},"10":{"name":"(anonymous_10)","line":106,"loc":{"start":{"line":106,"column":40},"end":{"line":106,"column":55}}},"11":{"name":"(anonymous_11)","line":115,"loc":{"start":{"line":115,"column":16},"end":{"line":115,"column":31}}},"12":{"name":"localStrategy","line":123,"loc":{"start":{"line":123,"column":4},"end":{"line":123,"column":53}}},"13":{"name":"(anonymous_13)","line":127,"loc":{"start":{"line":127,"column":16},"end":{"line":127,"column":32}}},"14":{"name":"(anonymous_14)","line":136,"loc":{"start":{"line":136,"column":16},"end":{"line":136,"column":30}}},"15":{"name":"serializeUser","line":143,"loc":{"start":{"line":143,"column":4},"end":{"line":143,"column":39}}},"16":{"name":"deserializeUser","line":150,"loc":{"start":{"line":150,"column":4},"end":{"line":150,"column":41}}},"17":{"name":"(anonymous_17)","line":154,"loc":{"start":{"line":154,"column":16},"end":{"line":154,"column":30}}},"18":{"name":"(anonymous_18)","line":157,"loc":{"start":{"line":157,"column":16},"end":{"line":157,"column":29}}},"19":{"name":"login","line":166,"loc":{"start":{"line":166,"column":4},"end":{"line":166,"column":30}}},"20":{"name":"loggedIn","line":173,"loc":{"start":{"line":173,"column":4},"end":{"line":173,"column":31}}},"21":{"name":"addUserCourses","line":185,"loc":{"start":{"line":185,"column":4},"end":{"line":185,"column":37}}},"22":{"name":"(anonymous_22)","line":191,"loc":{"start":{"line":191,"column":16},"end":{"line":191,"column":33}}},"23":{"name":"(anonymous_23)","line":194,"loc":{"start":{"line":194,"column":16},"end":{"line":194,"column":33}}},"24":{"name":"addCurrentCourses","line":203,"loc":{"start":{"line":203,"column":4},"end":{"line":203,"column":40}}},"25":{"name":"(anonymous_25)","line":209,"loc":{"start":{"line":209,"column":16},"end":{"line":209,"column":33}}},"26":{"name":"(anonymous_26)","line":212,"loc":{"start":{"line":212,"column":16},"end":{"line":212,"column":33}}},"27":{"name":"updateUser","line":221,"loc":{"start":{"line":221,"column":4},"end":{"line":221,"column":34}}},"28":{"name":"(anonymous_28)","line":227,"loc":{"start":{"line":227,"column":16},"end":{"line":227,"column":33}}},"29":{"name":"(anonymous_29)","line":230,"loc":{"start":{"line":230,"column":16},"end":{"line":230,"column":33}}},"30":{"name":"createUser","line":239,"loc":{"start":{"line":239,"column":4},"end":{"line":239,"column":34}}},"31":{"name":"(anonymous_31)","line":246,"loc":{"start":{"line":246,"column":16},"end":{"line":246,"column":32}}},"32":{"name":"(anonymous_32)","line":256,"loc":{"start":{"line":256,"column":16},"end":{"line":256,"column":31}}},"33":{"name":"(anonymous_33)","line":261,"loc":{"start":{"line":261,"column":16},"end":{"line":261,"column":32}}},"34":{"name":"(anonymous_34)","line":266,"loc":{"start":{"line":266,"column":16},"end":{"line":266,"column":31}}},"35":{"name":"deleteUserCourse","line":276,"loc":{"start":{"line":276,"column":4},"end":{"line":276,"column":39}}},"36":{"name":"(anonymous_36)","line":281,"loc":{"start":{"line":281,"column":18},"end":{"line":281,"column":35}}},"37":{"name":"(anonymous_37)","line":285,"loc":{"start":{"line":285,"column":12},"end":{"line":285,"column":29}}},"38":{"name":"deleteCurrentCourse","line":293,"loc":{"start":{"line":293,"column":4},"end":{"line":293,"column":42}}},"39":{"name":"(anonymous_39)","line":298,"loc":{"start":{"line":298,"column":18},"end":{"line":298,"column":35}}},"40":{"name":"(anonymous_40)","line":301,"loc":{"start":{"line":301,"column":16},"end":{"line":301,"column":33}}},"41":{"name":"deleteUser","line":310,"loc":{"start":{"line":310,"column":4},"end":{"line":310,"column":33}}},"42":{"name":"(anonymous_42)","line":316,"loc":{"start":{"line":316,"column":18},"end":{"line":316,"column":35}}},"43":{"name":"(anonymous_43)","line":320,"loc":{"start":{"line":320,"column":16},"end":{"line":320,"column":33}}},"44":{"name":"findUserById","line":330,"loc":{"start":{"line":330,"column":4},"end":{"line":330,"column":35}}},"45":{"name":"(anonymous_45)","line":335,"loc":{"start":{"line":335,"column":18},"end":{"line":335,"column":34}}},"46":{"name":"(anonymous_46)","line":338,"loc":{"start":{"line":338,"column":16},"end":{"line":338,"column":33}}},"47":{"name":"getUsers","line":347,"loc":{"start":{"line":347,"column":4},"end":{"line":347,"column":32}}},"48":{"name":"findUserByCredentials","line":362,"loc":{"start":{"line":362,"column":4},"end":{"line":362,"column":65}}},"49":{"name":"(anonymous_49)","line":365,"loc":{"start":{"line":365,"column":18},"end":{"line":365,"column":34}}},"50":{"name":"(anonymous_50)","line":369,"loc":{"start":{"line":369,"column":16},"end":{"line":369,"column":31}}},"51":{"name":"findUserByUsername","line":378,"loc":{"start":{"line":378,"column":4},"end":{"line":378,"column":47}}},"52":{"name":"(anonymous_52)","line":382,"loc":{"start":{"line":382,"column":16},"end":{"line":382,"column":32}}},"53":{"name":"(anonymous_53)","line":385,"loc":{"start":{"line":385,"column":16},"end":{"line":385,"column":33}}},"54":{"name":"uploadResume","line":403,"loc":{"start":{"line":403,"column":4},"end":{"line":403,"column":36}}},"55":{"name":"(anonymous_55)","line":437,"loc":{"start":{"line":437,"column":20},"end":{"line":437,"column":35}}},"56":{"name":"(anonymous_56)","line":441,"loc":{"start":{"line":441,"column":20},"end":{"line":441,"column":34}}}},"statementMap":{"1":{"start":{"line":4,"column":0},"end":{"line":4,"column":35}},"2":{"start":{"line":5,"column":0},"end":{"line":5,"column":55}},"3":{"start":{"line":7,"column":0},"end":{"line":7,"column":38}},"4":{"start":{"line":10,"column":0},"end":{"line":10,"column":23}},"5":{"start":{"line":11,"column":0},"end":{"line":11,"column":32}},"6":{"start":{"line":12,"column":0},"end":{"line":12,"column":65}},"7":{"start":{"line":15,"column":0},"end":{"line":450,"column":2}},"8":{"start":{"line":17,"column":4},"end":{"line":17,"column":37}},"9":{"start":{"line":19,"column":4},"end":{"line":19,"column":35}},"10":{"start":{"line":20,"column":4},"end":{"line":20,"column":38}},"11":{"start":{"line":21,"column":4},"end":{"line":21,"column":40}},"12":{"start":{"line":22,"column":4},"end":{"line":22,"column":38}},"13":{"start":{"line":23,"column":4},"end":{"line":23,"column":36}},"14":{"start":{"line":24,"column":4},"end":{"line":24,"column":69}},"15":{"start":{"line":25,"column":4},"end":{"line":25,"column":47}},"16":{"start":{"line":26,"column":4},"end":{"line":26,"column":48}},"17":{"start":{"line":27,"column":4},"end":{"line":27,"column":45}},"18":{"start":{"line":28,"column":4},"end":{"line":28,"column":59}},"19":{"start":{"line":29,"column":4},"end":{"line":29,"column":69}},"20":{"start":{"line":30,"column":4},"end":{"line":30,"column":67}},"21":{"start":{"line":31,"column":4},"end":{"line":31,"column":73}},"22":{"start":{"line":32,"column":4},"end":{"line":32,"column":47}},"23":{"start":{"line":33,"column":4},"end":{"line":33,"column":74}},"24":{"start":{"line":36,"column":4},"end":{"line":36,"column":63}},"25":{"start":{"line":42,"column":4},"end":{"line":42,"column":42}},"26":{"start":{"line":43,"column":4},"end":{"line":43,"column":46}},"27":{"start":{"line":54,"column":4},"end":{"line":57,"column":5}},"28":{"start":{"line":55,"column":8},"end":{"line":55,"column":21}},"29":{"start":{"line":56,"column":8},"end":{"line":56,"column":28}},"30":{"start":{"line":62,"column":4},"end":{"line":74,"column":5}},"31":{"start":{"line":64,"column":8},"end":{"line":73,"column":14}},"32":{"start":{"line":68,"column":20},"end":{"line":68,"column":36}},"33":{"start":{"line":71,"column":20},"end":{"line":71,"column":40}},"34":{"start":{"line":79,"column":4},"end":{"line":118,"column":5}},"35":{"start":{"line":80,"column":8},"end":{"line":80,"column":28}},"36":{"start":{"line":81,"column":8},"end":{"line":81,"column":41}},"37":{"start":{"line":82,"column":8},"end":{"line":82,"column":41}},"38":{"start":{"line":83,"column":8},"end":{"line":117,"column":19}},"39":{"start":{"line":86,"column":20},"end":{"line":95,"column":21}},"40":{"start":{"line":87,"column":24},"end":{"line":87,"column":67}},"41":{"start":{"line":88,"column":24},"end":{"line":88,"column":31}},"42":{"start":{"line":91,"column":24},"end":{"line":91,"column":79}},"43":{"start":{"line":92,"column":24},"end":{"line":93,"column":50}},"44":{"start":{"line":98,"column":20},"end":{"line":98,"column":46}},"45":{"start":{"line":104,"column":20},"end":{"line":113,"column":21}},"46":{"start":{"line":106,"column":24},"end":{"line":112,"column":26}},"47":{"start":{"line":107,"column":28},"end":{"line":111,"column":29}},"48":{"start":{"line":108,"column":32},"end":{"line":108,"column":58}},"49":{"start":{"line":110,"column":32},"end":{"line":110,"column":47}},"50":{"start":{"line":116,"column":20},"end":{"line":116,"column":46}},"51":{"start":{"line":123,"column":4},"end":{"line":139,"column":5}},"52":{"start":{"line":124,"column":8},"end":{"line":138,"column":19}},"53":{"start":{"line":129,"column":20},"end":{"line":134,"column":21}},"54":{"start":{"line":130,"column":24},"end":{"line":130,"column":40}},"55":{"start":{"line":133,"column":24},"end":{"line":133,"column":54}},"56":{"start":{"line":137,"column":20},"end":{"line":137,"column":30}},"57":{"start":{"line":143,"column":4},"end":{"line":145,"column":5}},"58":{"start":{"line":144,"column":8},"end":{"line":144,"column":25}},"59":{"start":{"line":150,"column":4},"end":{"line":161,"column":5}},"60":{"start":{"line":151,"column":8},"end":{"line":160,"column":14}},"61":{"start":{"line":155,"column":20},"end":{"line":155,"column":37}},"62":{"start":{"line":158,"column":20},"end":{"line":158,"column":36}},"63":{"start":{"line":166,"column":4},"end":{"line":169,"column":5}},"64":{"start":{"line":167,"column":8},"end":{"line":167,"column":28}},"65":{"start":{"line":168,"column":8},"end":{"line":168,"column":23}},"66":{"start":{"line":173,"column":4},"end":{"line":179,"column":5}},"67":{"start":{"line":174,"column":8},"end":{"line":178,"column":9}},"68":{"start":{"line":175,"column":12},"end":{"line":175,"column":31}},"69":{"start":{"line":177,"column":12},"end":{"line":177,"column":26}},"70":{"start":{"line":185,"column":4},"end":{"line":198,"column":5}},"71":{"start":{"line":186,"column":8},"end":{"line":186,"column":35}},"72":{"start":{"line":187,"column":8},"end":{"line":187,"column":28}},"73":{"start":{"line":188,"column":8},"end":{"line":197,"column":14}},"74":{"start":{"line":192,"column":20},"end":{"line":192,"column":40}},"75":{"start":{"line":195,"column":20},"end":{"line":195,"column":40}},"76":{"start":{"line":203,"column":4},"end":{"line":216,"column":5}},"77":{"start":{"line":204,"column":8},"end":{"line":204,"column":35}},"78":{"start":{"line":205,"column":8},"end":{"line":205,"column":28}},"79":{"start":{"line":206,"column":8},"end":{"line":215,"column":14}},"80":{"start":{"line":210,"column":20},"end":{"line":210,"column":40}},"81":{"start":{"line":213,"column":20},"end":{"line":213,"column":40}},"82":{"start":{"line":221,"column":4},"end":{"line":234,"column":5}},"83":{"start":{"line":222,"column":8},"end":{"line":222,"column":35}},"84":{"start":{"line":223,"column":8},"end":{"line":223,"column":28}},"85":{"start":{"line":224,"column":8},"end":{"line":233,"column":14}},"86":{"start":{"line":228,"column":20},"end":{"line":228,"column":40}},"87":{"start":{"line":231,"column":20},"end":{"line":231,"column":40}},"88":{"start":{"line":239,"column":4},"end":{"line":271,"column":5}},"89":{"start":{"line":241,"column":8},"end":{"line":241,"column":41}},"90":{"start":{"line":243,"column":8},"end":{"line":269,"column":14}},"91":{"start":{"line":247,"column":20},"end":{"line":254,"column":21}},"92":{"start":{"line":248,"column":24},"end":{"line":248,"column":60}},"93":{"start":{"line":249,"column":24},"end":{"line":249,"column":31}},"94":{"start":{"line":251,"column":24},"end":{"line":251,"column":79}},"95":{"start":{"line":252,"column":24},"end":{"line":253,"column":49}},"96":{"start":{"line":257,"column":20},"end":{"line":257,"column":50}},"97":{"start":{"line":262,"column":20},"end":{"line":264,"column":21}},"98":{"start":{"line":263,"column":24},"end":{"line":263,"column":44}},"99":{"start":{"line":267,"column":20},"end":{"line":267,"column":50}},"100":{"start":{"line":276,"column":4},"end":{"line":288,"column":5}},"101":{"start":{"line":277,"column":8},"end":{"line":277,"column":39}},"102":{"start":{"line":278,"column":8},"end":{"line":278,"column":34}},"103":{"start":{"line":279,"column":8},"end":{"line":287,"column":15}},"104":{"start":{"line":283,"column":16},"end":{"line":283,"column":36}},"105":{"start":{"line":286,"column":16},"end":{"line":286,"column":48}},"106":{"start":{"line":293,"column":4},"end":{"line":304,"column":5}},"107":{"start":{"line":294,"column":8},"end":{"line":294,"column":39}},"108":{"start":{"line":295,"column":8},"end":{"line":295,"column":34}},"109":{"start":{"line":296,"column":8},"end":{"line":303,"column":19}},"110":{"start":{"line":299,"column":20},"end":{"line":299,"column":40}},"111":{"start":{"line":302,"column":20},"end":{"line":302,"column":52}},"112":{"start":{"line":310,"column":4},"end":{"line":325,"column":5}},"113":{"start":{"line":311,"column":8},"end":{"line":311,"column":39}},"114":{"start":{"line":313,"column":8},"end":{"line":322,"column":19}},"115":{"start":{"line":318,"column":20},"end":{"line":318,"column":40}},"116":{"start":{"line":321,"column":20},"end":{"line":321,"column":52}},"117":{"start":{"line":330,"column":4},"end":{"line":342,"column":5}},"118":{"start":{"line":331,"column":8},"end":{"line":331,"column":35}},"119":{"start":{"line":333,"column":8},"end":{"line":340,"column":19}},"120":{"start":{"line":336,"column":20},"end":{"line":336,"column":35}},"121":{"start":{"line":339,"column":20},"end":{"line":339,"column":52}},"122":{"start":{"line":347,"column":4},"end":{"line":357,"column":5}},"123":{"start":{"line":348,"column":8},"end":{"line":348,"column":42}},"124":{"start":{"line":349,"column":8},"end":{"line":349,"column":42}},"125":{"start":{"line":350,"column":8},"end":{"line":356,"column":9}},"126":{"start":{"line":351,"column":12},"end":{"line":351,"column":64}},"127":{"start":{"line":352,"column":15},"end":{"line":356,"column":9}},"128":{"start":{"line":353,"column":12},"end":{"line":353,"column":46}},"129":{"start":{"line":355,"column":12},"end":{"line":355,"column":27}},"130":{"start":{"line":362,"column":4},"end":{"line":372,"column":5}},"131":{"start":{"line":363,"column":8},"end":{"line":371,"column":19}},"132":{"start":{"line":366,"column":20},"end":{"line":366,"column":50}},"133":{"start":{"line":367,"column":20},"end":{"line":367,"column":35}},"134":{"start":{"line":370,"column":20},"end":{"line":370,"column":50}},"135":{"start":{"line":378,"column":4},"end":{"line":389,"column":5}},"136":{"start":{"line":379,"column":8},"end":{"line":388,"column":14}},"137":{"start":{"line":383,"column":20},"end":{"line":383,"column":35}},"138":{"start":{"line":386,"column":20},"end":{"line":386,"column":52}},"139":{"start":{"line":403,"column":4},"end":{"line":447,"column":5}},"140":{"start":{"line":404,"column":8},"end":{"line":404,"column":44}},"141":{"start":{"line":406,"column":8},"end":{"line":406,"column":37}},"142":{"start":{"line":407,"column":8},"end":{"line":407,"column":40}},"143":{"start":{"line":408,"column":8},"end":{"line":408,"column":48}},"144":{"start":{"line":409,"column":8},"end":{"line":409,"column":40}},"145":{"start":{"line":410,"column":8},"end":{"line":410,"column":44}},"146":{"start":{"line":411,"column":8},"end":{"line":411,"column":44}},"147":{"start":{"line":414,"column":8},"end":{"line":414,"column":40}},"148":{"start":{"line":415,"column":8},"end":{"line":415,"column":48}},"149":{"start":{"line":418,"column":8},"end":{"line":418,"column":42}},"150":{"start":{"line":420,"column":8},"end":{"line":420,"column":41}},"151":{"start":{"line":423,"column":8},"end":{"line":423,"column":33}},"152":{"start":{"line":426,"column":8},"end":{"line":430,"column":10}},"153":{"start":{"line":433,"column":8},"end":{"line":445,"column":9}},"154":{"start":{"line":434,"column":12},"end":{"line":444,"column":18}},"155":{"start":{"line":438,"column":24},"end":{"line":438,"column":38}},"156":{"start":{"line":442,"column":24},"end":{"line":442,"column":50}}},"branchMap":{"1":{"line":86,"type":"if","locations":[{"start":{"line":86,"column":20},"end":{"line":86,"column":20}},{"start":{"line":86,"column":20},"end":{"line":86,"column":20}}]},"2":{"line":104,"type":"if","locations":[{"start":{"line":104,"column":20},"end":{"line":104,"column":20}},{"start":{"line":104,"column":20},"end":{"line":104,"column":20}}]},"3":{"line":107,"type":"if","locations":[{"start":{"line":107,"column":28},"end":{"line":107,"column":28}},{"start":{"line":107,"column":28},"end":{"line":107,"column":28}}]},"4":{"line":129,"type":"if","locations":[{"start":{"line":129,"column":20},"end":{"line":129,"column":20}},{"start":{"line":129,"column":20},"end":{"line":129,"column":20}}]},"5":{"line":129,"type":"binary-expr","locations":[{"start":{"line":129,"column":23},"end":{"line":129,"column":27}},{"start":{"line":129,"column":31},"end":{"line":129,"column":74}}]},"6":{"line":174,"type":"if","locations":[{"start":{"line":174,"column":8},"end":{"line":174,"column":8}},{"start":{"line":174,"column":8},"end":{"line":174,"column":8}}]},"7":{"line":247,"type":"if","locations":[{"start":{"line":247,"column":20},"end":{"line":247,"column":20}},{"start":{"line":247,"column":20},"end":{"line":247,"column":20}}]},"8":{"line":262,"type":"if","locations":[{"start":{"line":262,"column":20},"end":{"line":262,"column":20}},{"start":{"line":262,"column":20},"end":{"line":262,"column":20}}]},"9":{"line":350,"type":"if","locations":[{"start":{"line":350,"column":8},"end":{"line":350,"column":8}},{"start":{"line":350,"column":8},"end":{"line":350,"column":8}}]},"10":{"line":350,"type":"binary-expr","locations":[{"start":{"line":350,"column":11},"end":{"line":350,"column":19}},{"start":{"line":350,"column":23},"end":{"line":350,"column":31}}]},"11":{"line":352,"type":"if","locations":[{"start":{"line":352,"column":15},"end":{"line":352,"column":15}},{"start":{"line":352,"column":15},"end":{"line":352,"column":15}}]},"12":{"line":433,"type":"if","locations":[{"start":{"line":433,"column":8},"end":{"line":433,"column":8}},{"start":{"line":433,"column":8},"end":{"line":433,"column":8}}]}}},"E:\\NEU\\MSD\\TA Portal\\Project1\\taportal-master\\project\\services\\coursesandsemesters.service.server.js":{"path":"E:\\NEU\\MSD\\TA Portal\\Project1\\taportal-master\\project\\services\\coursesandsemesters.service.server.js","s":{"1":1,"2":1,"3":1,"4":1,"5":1,"6":1,"7":1,"8":1,"9":1,"10":1,"11":1,"12":1,"13":1,"14":1,"15":1,"16":1,"17":3,"18":3,"19":3,"20":0,"21":1,"22":2,"23":2,"24":2,"25":0,"26":1,"27":1,"28":1,"29":1,"30":0,"31":1,"32":2,"33":2,"34":2,"35":1,"36":0,"37":1,"38":2,"39":2,"40":1,"41":1,"42":1,"43":3,"44":3,"45":0,"46":1,"47":2,"48":2,"49":2,"50":1,"51":1,"52":1,"53":0,"54":2,"55":1,"56":0,"57":1,"58":1,"59":1,"60":0,"61":1,"62":1,"63":2,"64":2,"65":2,"66":2,"67":0,"68":1,"69":0,"70":0,"71":0,"72":0,"73":1,"74":2,"75":1,"76":0,"77":1,"78":3,"79":3,"80":3,"81":3,"82":2,"83":2,"84":1,"85":0,"86":3,"87":1,"88":0},"b":{"1":[1,1],"2":[1,1],"3":[2,1],"4":[1,2]},"f":{"1":1,"2":3,"3":3,"4":0,"5":2,"6":2,"7":0,"8":1,"9":1,"10":0,"11":2,"12":1,"13":0,"14":2,"15":1,"16":1,"17":3,"18":3,"19":0,"20":2,"21":2,"22":0,"23":2,"24":0,"25":1,"26":0,"27":1,"28":2,"29":2,"30":0,"31":0,"32":0,"33":0,"34":2,"35":1,"36":0,"37":3,"38":3,"39":0,"40":3,"41":0},"fnMap":{"1":{"name":"(anonymous_1)","line":4,"loc":{"start":{"line":4,"column":16},"end":{"line":4,"column":37}}},"2":{"name":"findCourseByName","line":35,"loc":{"start":{"line":35,"column":4},"end":{"line":35,"column":40}}},"3":{"name":"(anonymous_3)","line":40,"loc":{"start":{"line":40,"column":18},"end":{"line":40,"column":36}}},"4":{"name":"(anonymous_4)","line":42,"loc":{"start":{"line":42,"column":15},"end":{"line":42,"column":32}}},"5":{"name":"findSemesterByName","line":48,"loc":{"start":{"line":48,"column":4},"end":{"line":48,"column":42}}},"6":{"name":"(anonymous_6)","line":53,"loc":{"start":{"line":53,"column":18},"end":{"line":53,"column":38}}},"7":{"name":"(anonymous_7)","line":55,"loc":{"start":{"line":55,"column":15},"end":{"line":55,"column":32}}},"8":{"name":"findCourseById","line":66,"loc":{"start":{"line":66,"column":4},"end":{"line":66,"column":38}}},"9":{"name":"(anonymous_9)","line":71,"loc":{"start":{"line":71,"column":18},"end":{"line":71,"column":36}}},"10":{"name":"(anonymous_10)","line":73,"loc":{"start":{"line":73,"column":15},"end":{"line":73,"column":32}}},"11":{"name":"updateCourse","line":81,"loc":{"start":{"line":81,"column":4},"end":{"line":81,"column":36}}},"12":{"name":"(anonymous_12)","line":87,"loc":{"start":{"line":87,"column":16},"end":{"line":87,"column":33}}},"13":{"name":"(anonymous_13)","line":90,"loc":{"start":{"line":90,"column":16},"end":{"line":90,"column":33}}},"14":{"name":"deleteCourse","line":99,"loc":{"start":{"line":99,"column":4},"end":{"line":99,"column":35}}},"15":{"name":"(anonymous_15)","line":104,"loc":{"start":{"line":104,"column":18},"end":{"line":104,"column":35}}},"16":{"name":"(anonymous_16)","line":107,"loc":{"start":{"line":107,"column":16},"end":{"line":107,"column":33}}},"17":{"name":"findallcourses","line":115,"loc":{"start":{"line":115,"column":4},"end":{"line":115,"column":37}}},"18":{"name":"(anonymous_18)","line":119,"loc":{"start":{"line":119,"column":16},"end":{"line":119,"column":35}}},"19":{"name":"(anonymous_19)","line":122,"loc":{"start":{"line":122,"column":16},"end":{"line":122,"column":33}}},"20":{"name":"createCourse","line":132,"loc":{"start":{"line":132,"column":4},"end":{"line":132,"column":36}}},"21":{"name":"(anonymous_21)","line":137,"loc":{"start":{"line":137,"column":16},"end":{"line":137,"column":34}}},"22":{"name":"(anonymous_22)","line":145,"loc":{"start":{"line":145,"column":19},"end":{"line":145,"column":34}}},"23":{"name":"(anonymous_23)","line":150,"loc":{"start":{"line":150,"column":12},"end":{"line":150,"column":30}}},"24":{"name":"(anonymous_24)","line":155,"loc":{"start":{"line":155,"column":12},"end":{"line":155,"column":27}}},"25":{"name":"findSemesterById","line":171,"loc":{"start":{"line":171,"column":4},"end":{"line":171,"column":40}}},"26":{"name":"(anonymous_26)","line":176,"loc":{"start":{"line":176,"column":18},"end":{"line":176,"column":38}}},"27":{"name":"(anonymous_27)","line":178,"loc":{"start":{"line":178,"column":15},"end":{"line":178,"column":32}}},"28":{"name":"updateSemester","line":187,"loc":{"start":{"line":187,"column":4},"end":{"line":187,"column":38}}},"29":{"name":"(anonymous_29)","line":195,"loc":{"start":{"line":195,"column":16},"end":{"line":195,"column":33}}},"30":{"name":"(anonymous_30)","line":198,"loc":{"start":{"line":198,"column":16},"end":{"line":198,"column":33}}},"31":{"name":"deleteSemester","line":207,"loc":{"start":{"line":207,"column":4},"end":{"line":207,"column":37}}},"32":{"name":"(anonymous_32)","line":214,"loc":{"start":{"line":214,"column":18},"end":{"line":214,"column":35}}},"33":{"name":"(anonymous_33)","line":217,"loc":{"start":{"line":217,"column":16},"end":{"line":217,"column":33}}},"34":{"name":"findallsemesters","line":225,"loc":{"start":{"line":225,"column":4},"end":{"line":225,"column":39}}},"35":{"name":"(anonymous_35)","line":229,"loc":{"start":{"line":229,"column":16},"end":{"line":229,"column":37}}},"36":{"name":"(anonymous_36)","line":232,"loc":{"start":{"line":232,"column":16},"end":{"line":232,"column":33}}},"37":{"name":"createSemester","line":242,"loc":{"start":{"line":242,"column":4},"end":{"line":242,"column":38}}},"38":{"name":"(anonymous_38)","line":249,"loc":{"start":{"line":249,"column":16},"end":{"line":249,"column":36}}},"39":{"name":"(anonymous_39)","line":257,"loc":{"start":{"line":257,"column":19},"end":{"line":257,"column":34}}},"40":{"name":"(anonymous_40)","line":262,"loc":{"start":{"line":262,"column":16},"end":{"line":262,"column":36}}},"41":{"name":"(anonymous_41)","line":267,"loc":{"start":{"line":267,"column":16},"end":{"line":267,"column":31}}}},"statementMap":{"1":{"start":{"line":4,"column":0},"end":{"line":303,"column":2}},"2":{"start":{"line":6,"column":4},"end":{"line":6,"column":41}},"3":{"start":{"line":7,"column":4},"end":{"line":7,"column":45}},"4":{"start":{"line":9,"column":4},"end":{"line":9,"column":42}},"5":{"start":{"line":10,"column":4},"end":{"line":10,"column":53}},"6":{"start":{"line":11,"column":4},"end":{"line":11,"column":54}},"7":{"start":{"line":12,"column":4},"end":{"line":12,"column":51}},"8":{"start":{"line":13,"column":4},"end":{"line":13,"column":51}},"9":{"start":{"line":16,"column":4},"end":{"line":16,"column":46}},"10":{"start":{"line":17,"column":4},"end":{"line":17,"column":59}},"11":{"start":{"line":18,"column":4},"end":{"line":18,"column":60}},"12":{"start":{"line":19,"column":4},"end":{"line":19,"column":57}},"13":{"start":{"line":20,"column":4},"end":{"line":20,"column":55}},"14":{"start":{"line":22,"column":4},"end":{"line":22,"column":67}},"15":{"start":{"line":23,"column":4},"end":{"line":23,"column":61}},"16":{"start":{"line":35,"column":4},"end":{"line":45,"column":5}},"17":{"start":{"line":36,"column":8},"end":{"line":36,"column":41}},"18":{"start":{"line":38,"column":8},"end":{"line":44,"column":15}},"19":{"start":{"line":41,"column":16},"end":{"line":41,"column":33}},"20":{"start":{"line":43,"column":16},"end":{"line":43,"column":48}},"21":{"start":{"line":48,"column":4},"end":{"line":58,"column":5}},"22":{"start":{"line":49,"column":8},"end":{"line":49,"column":43}},"23":{"start":{"line":51,"column":8},"end":{"line":57,"column":15}},"24":{"start":{"line":54,"column":16},"end":{"line":54,"column":35}},"25":{"start":{"line":56,"column":16},"end":{"line":56,"column":48}},"26":{"start":{"line":66,"column":4},"end":{"line":76,"column":5}},"27":{"start":{"line":67,"column":8},"end":{"line":67,"column":37}},"28":{"start":{"line":69,"column":8},"end":{"line":75,"column":15}},"29":{"start":{"line":72,"column":16},"end":{"line":72,"column":33}},"30":{"start":{"line":74,"column":16},"end":{"line":74,"column":48}},"31":{"start":{"line":81,"column":4},"end":{"line":94,"column":5}},"32":{"start":{"line":82,"column":8},"end":{"line":82,"column":37}},"33":{"start":{"line":83,"column":8},"end":{"line":83,"column":30}},"34":{"start":{"line":84,"column":8},"end":{"line":93,"column":14}},"35":{"start":{"line":88,"column":20},"end":{"line":88,"column":40}},"36":{"start":{"line":91,"column":20},"end":{"line":91,"column":40}},"37":{"start":{"line":99,"column":4},"end":{"line":110,"column":5}},"38":{"start":{"line":100,"column":8},"end":{"line":100,"column":43}},"39":{"start":{"line":101,"column":8},"end":{"line":109,"column":19}},"40":{"start":{"line":105,"column":16},"end":{"line":105,"column":36}},"41":{"start":{"line":108,"column":20},"end":{"line":108,"column":52}},"42":{"start":{"line":115,"column":4},"end":{"line":126,"column":5}},"43":{"start":{"line":116,"column":7},"end":{"line":125,"column":14}},"44":{"start":{"line":120,"column":20},"end":{"line":120,"column":38}},"45":{"start":{"line":123,"column":20},"end":{"line":123,"column":40}},"46":{"start":{"line":132,"column":4},"end":{"line":159,"column":5}},"47":{"start":{"line":133,"column":8},"end":{"line":133,"column":30}},"48":{"start":{"line":134,"column":8},"end":{"line":158,"column":10}},"49":{"start":{"line":138,"column":20},"end":{"line":144,"column":21}},"50":{"start":{"line":139,"column":24},"end":{"line":139,"column":58}},"51":{"start":{"line":140,"column":24},"end":{"line":140,"column":31}},"52":{"start":{"line":142,"column":24},"end":{"line":143,"column":51}},"53":{"start":{"line":146,"column":20},"end":{"line":146,"column":50}},"54":{"start":{"line":151,"column":16},"end":{"line":153,"column":17}},"55":{"start":{"line":152,"column":20},"end":{"line":152,"column":40}},"56":{"start":{"line":156,"column":16},"end":{"line":156,"column":46}},"57":{"start":{"line":171,"column":4},"end":{"line":181,"column":5}},"58":{"start":{"line":172,"column":8},"end":{"line":172,"column":39}},"59":{"start":{"line":174,"column":8},"end":{"line":180,"column":15}},"60":{"start":{"line":177,"column":16},"end":{"line":177,"column":35}},"61":{"start":{"line":179,"column":16},"end":{"line":179,"column":48}},"62":{"start":{"line":187,"column":4},"end":{"line":202,"column":5}},"63":{"start":{"line":188,"column":8},"end":{"line":188,"column":39}},"64":{"start":{"line":189,"column":8},"end":{"line":189,"column":32}},"65":{"start":{"line":192,"column":8},"end":{"line":201,"column":14}},"66":{"start":{"line":196,"column":20},"end":{"line":196,"column":40}},"67":{"start":{"line":199,"column":20},"end":{"line":199,"column":40}},"68":{"start":{"line":207,"column":4},"end":{"line":220,"column":5}},"69":{"start":{"line":209,"column":8},"end":{"line":209,"column":47}},"70":{"start":{"line":211,"column":8},"end":{"line":219,"column":19}},"71":{"start":{"line":215,"column":20},"end":{"line":215,"column":40}},"72":{"start":{"line":218,"column":20},"end":{"line":218,"column":52}},"73":{"start":{"line":225,"column":4},"end":{"line":236,"column":5}},"74":{"start":{"line":226,"column":8},"end":{"line":235,"column":14}},"75":{"start":{"line":230,"column":20},"end":{"line":230,"column":40}},"76":{"start":{"line":233,"column":20},"end":{"line":233,"column":40}},"77":{"start":{"line":242,"column":4},"end":{"line":271,"column":5}},"78":{"start":{"line":244,"column":8},"end":{"line":244,"column":32}},"79":{"start":{"line":245,"column":8},"end":{"line":245,"column":30}},"80":{"start":{"line":246,"column":8},"end":{"line":270,"column":14}},"81":{"start":{"line":250,"column":20},"end":{"line":256,"column":21}},"82":{"start":{"line":251,"column":24},"end":{"line":251,"column":60}},"83":{"start":{"line":252,"column":24},"end":{"line":252,"column":31}},"84":{"start":{"line":254,"column":24},"end":{"line":255,"column":53}},"85":{"start":{"line":258,"column":20},"end":{"line":258,"column":50}},"86":{"start":{"line":263,"column":20},"end":{"line":265,"column":21}},"87":{"start":{"line":264,"column":24},"end":{"line":264,"column":44}},"88":{"start":{"line":268,"column":20},"end":{"line":268,"column":50}}},"branchMap":{"1":{"line":138,"type":"if","locations":[{"start":{"line":138,"column":20},"end":{"line":138,"column":20}},{"start":{"line":138,"column":20},"end":{"line":138,"column":20}}]},"2":{"line":151,"type":"if","locations":[{"start":{"line":151,"column":16},"end":{"line":151,"column":16}},{"start":{"line":151,"column":16},"end":{"line":151,"column":16}}]},"3":{"line":250,"type":"if","locations":[{"start":{"line":250,"column":20},"end":{"line":250,"column":20}},{"start":{"line":250,"column":20},"end":{"line":250,"column":20}}]},"4":{"line":263,"type":"if","locations":[{"start":{"line":263,"column":20},"end":{"line":263,"column":20}},{"start":{"line":263,"column":20},"end":{"line":263,"column":20}}]}}},"E:\\NEU\\MSD\\TA Portal\\Project1\\taportal-master\\project\\services\\position.service.server.js":{"path":"E:\\NEU\\MSD\\TA Portal\\Project1\\taportal-master\\project\\services\\position.service.server.js","s":{"1":1,"2":1,"3":1,"4":1,"5":1,"6":1,"7":1,"8":1,"9":1,"10":1,"11":1,"12":1,"13":0,"14":0,"15":1,"16":2,"17":2,"18":2,"19":0,"20":1,"21":0,"22":0,"23":0,"24":0,"25":0,"26":1,"27":0,"28":0,"29":0,"30":0,"31":0,"32":0,"33":1,"34":1,"35":0,"36":1,"37":1,"38":3,"39":3,"40":0,"41":1,"42":1,"43":1,"44":1,"45":0},"b":{},"f":{"1":1,"2":1,"3":0,"4":0,"5":2,"6":2,"7":0,"8":0,"9":0,"10":0,"11":0,"12":0,"13":0,"14":1,"15":0,"16":1,"17":3,"18":3,"19":0,"20":1,"21":1,"22":0},"fnMap":{"1":{"name":"(anonymous_1)","line":5,"loc":{"start":{"line":5,"column":16},"end":{"line":5,"column":37}}},"2":{"name":"findPositionByName","line":24,"loc":{"start":{"line":24,"column":4},"end":{"line":24,"column":42}}},"3":{"name":"(anonymous_3)","line":28,"loc":{"start":{"line":28,"column":18},"end":{"line":28,"column":38}}},"4":{"name":"(anonymous_4)","line":30,"loc":{"start":{"line":30,"column":15},"end":{"line":30,"column":32}}},"5":{"name":"findPositionById","line":43,"loc":{"start":{"line":43,"column":4},"end":{"line":43,"column":40}}},"6":{"name":"(anonymous_6)","line":47,"loc":{"start":{"line":47,"column":18},"end":{"line":47,"column":38}}},"7":{"name":"(anonymous_7)","line":49,"loc":{"start":{"line":49,"column":15},"end":{"line":49,"column":32}}},"8":{"name":"updatePosition","line":57,"loc":{"start":{"line":57,"column":4},"end":{"line":57,"column":38}}},"9":{"name":"(anonymous_9)","line":63,"loc":{"start":{"line":63,"column":16},"end":{"line":63,"column":33}}},"10":{"name":"(anonymous_10)","line":66,"loc":{"start":{"line":66,"column":16},"end":{"line":66,"column":33}}},"11":{"name":"updateDeadline","line":73,"loc":{"start":{"line":73,"column":4},"end":{"line":73,"column":38}}},"12":{"name":"(anonymous_12)","line":82,"loc":{"start":{"line":82,"column":16},"end":{"line":82,"column":33}}},"13":{"name":"(anonymous_13)","line":85,"loc":{"start":{"line":85,"column":16},"end":{"line":85,"column":33}}},"14":{"name":"deletePosition","line":93,"loc":{"start":{"line":93,"column":4},"end":{"line":93,"column":37}}},"15":{"name":"(anonymous_15)","line":98,"loc":{"start":{"line":98,"column":18},"end":{"line":98,"column":35}}},"16":{"name":"(anonymous_16)","line":101,"loc":{"start":{"line":101,"column":16},"end":{"line":101,"column":33}}},"17":{"name":"findallpositions","line":109,"loc":{"start":{"line":109,"column":4},"end":{"line":109,"column":39}}},"18":{"name":"(anonymous_18)","line":113,"loc":{"start":{"line":113,"column":16},"end":{"line":113,"column":37}}},"19":{"name":"(anonymous_19)","line":116,"loc":{"start":{"line":116,"column":16},"end":{"line":116,"column":33}}},"20":{"name":"createPosition","line":125,"loc":{"start":{"line":125,"column":4},"end":{"line":125,"column":38}}},"21":{"name":"(anonymous_21)","line":130,"loc":{"start":{"line":130,"column":16},"end":{"line":130,"column":33}}},"22":{"name":"(anonymous_22)","line":133,"loc":{"start":{"line":133,"column":19},"end":{"line":133,"column":34}}}},"statementMap":{"1":{"start":{"line":5,"column":0},"end":{"line":150,"column":2}},"2":{"start":{"line":7,"column":4},"end":{"line":7,"column":45}},"3":{"start":{"line":11,"column":4},"end":{"line":11,"column":46}},"4":{"start":{"line":12,"column":4},"end":{"line":12,"column":59}},"5":{"start":{"line":13,"column":4},"end":{"line":13,"column":60}},"6":{"start":{"line":14,"column":4},"end":{"line":14,"column":57}},"7":{"start":{"line":15,"column":4},"end":{"line":15,"column":58}},"8":{"start":{"line":16,"column":4},"end":{"line":16,"column":55}},"9":{"start":{"line":22,"column":4},"end":{"line":22,"column":67}},"10":{"start":{"line":24,"column":4},"end":{"line":33,"column":5}},"11":{"start":{"line":25,"column":8},"end":{"line":25,"column":41}},"12":{"start":{"line":26,"column":8},"end":{"line":32,"column":15}},"13":{"start":{"line":29,"column":16},"end":{"line":29,"column":35}},"14":{"start":{"line":31,"column":16},"end":{"line":31,"column":48}},"15":{"start":{"line":43,"column":4},"end":{"line":52,"column":5}},"16":{"start":{"line":44,"column":8},"end":{"line":44,"column":39}},"17":{"start":{"line":45,"column":8},"end":{"line":51,"column":15}},"18":{"start":{"line":48,"column":16},"end":{"line":48,"column":35}},"19":{"start":{"line":50,"column":16},"end":{"line":50,"column":48}},"20":{"start":{"line":57,"column":4},"end":{"line":70,"column":5}},"21":{"start":{"line":58,"column":8},"end":{"line":58,"column":39}},"22":{"start":{"line":59,"column":8},"end":{"line":59,"column":32}},"23":{"start":{"line":60,"column":8},"end":{"line":69,"column":14}},"24":{"start":{"line":64,"column":20},"end":{"line":64,"column":40}},"25":{"start":{"line":67,"column":20},"end":{"line":67,"column":40}},"26":{"start":{"line":73,"column":4},"end":{"line":89,"column":5}},"27":{"start":{"line":74,"column":8},"end":{"line":74,"column":32}},"28":{"start":{"line":76,"column":8},"end":{"line":76,"column":41}},"29":{"start":{"line":77,"column":8},"end":{"line":77,"column":41}},"30":{"start":{"line":79,"column":8},"end":{"line":88,"column":14}},"31":{"start":{"line":83,"column":20},"end":{"line":83,"column":40}},"32":{"start":{"line":86,"column":20},"end":{"line":86,"column":40}},"33":{"start":{"line":93,"column":4},"end":{"line":104,"column":5}},"34":{"start":{"line":96,"column":8},"end":{"line":103,"column":19}},"35":{"start":{"line":99,"column":20},"end":{"line":99,"column":34}},"36":{"start":{"line":102,"column":20},"end":{"line":102,"column":52}},"37":{"start":{"line":109,"column":4},"end":{"line":120,"column":5}},"38":{"start":{"line":110,"column":8},"end":{"line":119,"column":14}},"39":{"start":{"line":114,"column":20},"end":{"line":114,"column":40}},"40":{"start":{"line":117,"column":20},"end":{"line":117,"column":40}},"41":{"start":{"line":125,"column":4},"end":{"line":137,"column":5}},"42":{"start":{"line":126,"column":8},"end":{"line":126,"column":32}},"43":{"start":{"line":127,"column":8},"end":{"line":136,"column":14}},"44":{"start":{"line":131,"column":20},"end":{"line":131,"column":40}},"45":{"start":{"line":134,"column":20},"end":{"line":134,"column":50}}},"branchMap":{}},"E:\\NEU\\MSD\\TA Portal\\Project1\\taportal-master\\testspec\\testForApplications.js":{"path":"E:\\NEU\\MSD\\TA Portal\\Project1\\taportal-master\\testspec\\testForApplications.js","s":{"1":1,"2":1,"3":1,"4":1,"5":1,"6":1,"7":1,"8":1,"9":1,"10":1,"11":1,"12":1,"13":1,"14":1,"15":1,"16":1,"17":1,"18":1,"19":1,"20":0,"21":1,"22":1,"23":1,"24":0,"25":1,"26":1,"27":1,"28":1,"29":0,"30":1,"31":1,"32":1,"33":1,"34":1,"35":1,"36":1,"37":1,"38":1,"39":1,"40":1,"41":1,"42":1,"43":1,"44":1},"b":{},"f":{"1":1,"2":1,"3":1,"4":1,"5":1,"6":1,"7":1,"8":1,"9":1,"10":1,"11":1,"12":1,"13":1,"14":1,"15":1,"16":1,"17":1,"18":1,"19":1,"20":1},"fnMap":{"1":{"name":"(anonymous_1)","line":24,"loc":{"start":{"line":24,"column":35},"end":{"line":24,"column":46}}},"2":{"name":"(anonymous_2)","line":27,"loc":{"start":{"line":27,"column":53},"end":{"line":27,"column":68}}},"3":{"name":"(anonymous_3)","line":31,"loc":{"start":{"line":31,"column":17},"end":{"line":31,"column":35}}},"4":{"name":"(anonymous_4)","line":37,"loc":{"start":{"line":37,"column":36},"end":{"line":37,"column":52}}},"5":{"name":"(anonymous_5)","line":40,"loc":{"start":{"line":40,"column":17},"end":{"line":40,"column":35}}},"6":{"name":"(anonymous_6)","line":49,"loc":{"start":{"line":49,"column":25},"end":{"line":49,"column":52}}},"7":{"name":"(anonymous_7)","line":57,"loc":{"start":{"line":57,"column":43},"end":{"line":57,"column":59}}},"8":{"name":"(anonymous_8)","line":60,"loc":{"start":{"line":60,"column":17},"end":{"line":60,"column":35}}},"9":{"name":"(anonymous_9)","line":66,"loc":{"start":{"line":66,"column":40},"end":{"line":66,"column":56}}},"10":{"name":"(anonymous_10)","line":69,"loc":{"start":{"line":69,"column":17},"end":{"line":69,"column":35}}},"11":{"name":"(anonymous_11)","line":72,"loc":{"start":{"line":72,"column":21},"end":{"line":72,"column":48}}},"12":{"name":"(anonymous_12)","line":80,"loc":{"start":{"line":80,"column":36},"end":{"line":80,"column":52}}},"13":{"name":"(anonymous_13)","line":83,"loc":{"start":{"line":83,"column":17},"end":{"line":83,"column":35}}},"14":{"name":"(anonymous_14)","line":92,"loc":{"start":{"line":92,"column":25},"end":{"line":92,"column":52}}},"15":{"name":"(anonymous_15)","line":100,"loc":{"start":{"line":100,"column":36},"end":{"line":100,"column":52}}},"16":{"name":"(anonymous_16)","line":103,"loc":{"start":{"line":103,"column":17},"end":{"line":103,"column":35}}},"17":{"name":"(anonymous_17)","line":106,"loc":{"start":{"line":106,"column":25},"end":{"line":106,"column":52}}},"18":{"name":"(anonymous_18)","line":114,"loc":{"start":{"line":114,"column":29},"end":{"line":114,"column":45}}},"19":{"name":"(anonymous_19)","line":117,"loc":{"start":{"line":117,"column":17},"end":{"line":117,"column":35}}},"20":{"name":"(anonymous_20)","line":120,"loc":{"start":{"line":120,"column":25},"end":{"line":120,"column":52}}}},"statementMap":{"1":{"start":{"line":8,"column":0},"end":{"line":8,"column":27}},"2":{"start":{"line":9,"column":0},"end":{"line":9,"column":36}},"3":{"start":{"line":10,"column":0},"end":{"line":10,"column":34}},"4":{"start":{"line":12,"column":0},"end":{"line":12,"column":27}},"5":{"start":{"line":14,"column":0},"end":{"line":14,"column":36}},"6":{"start":{"line":16,"column":0},"end":{"line":16,"column":77}},"7":{"start":{"line":18,"column":0},"end":{"line":18,"column":33}},"8":{"start":{"line":20,"column":0},"end":{"line":20,"column":20}},"9":{"start":{"line":21,"column":0},"end":{"line":21,"column":18}},"10":{"start":{"line":22,"column":0},"end":{"line":22,"column":19}},"11":{"start":{"line":24,"column":0},"end":{"line":128,"column":3}},"12":{"start":{"line":27,"column":4},"end":{"line":35,"column":7}},"13":{"start":{"line":28,"column":8},"end":{"line":34,"column":14}},"14":{"start":{"line":32,"column":16},"end":{"line":32,"column":44}},"15":{"start":{"line":33,"column":16},"end":{"line":33,"column":23}},"16":{"start":{"line":37,"column":4},"end":{"line":54,"column":7}},"17":{"start":{"line":38,"column":8},"end":{"line":53,"column":15}},"18":{"start":{"line":41,"column":16},"end":{"line":52,"column":23}},"19":{"start":{"line":50,"column":24},"end":{"line":50,"column":57}},"20":{"start":{"line":51,"column":24},"end":{"line":51,"column":31}},"21":{"start":{"line":57,"column":4},"end":{"line":64,"column":7}},"22":{"start":{"line":58,"column":8},"end":{"line":63,"column":14}},"23":{"start":{"line":61,"column":16},"end":{"line":61,"column":44}},"24":{"start":{"line":62,"column":16},"end":{"line":62,"column":23}},"25":{"start":{"line":66,"column":4},"end":{"line":77,"column":7}},"26":{"start":{"line":67,"column":8}
[...]
n":16},"end":{"line":108,"column":23}},"38":{"start":{"line":107,"column":24},"end":{"line":107,"column":57}},"39":{"start":{"line":109,"column":16},"end":{"line":109,"column":23}},"40":{"start":{"line":114,"column":4},"end":{"line":125,"column":7}},"41":{"start":{"line":115,"column":8},"end":{"line":124,"column":15}},"42":{"start":{"line":118,"column":16},"end":{"line":122,"column":23}},"43":{"start":{"line":121,"column":24},"end":{"line":121,"column":57}},"44":{"start":{"line":123,"column":16},"end":{"line":123,"column":23}}},"branchMap":{}},"E:\\NEU\\MSD\\TA Portal\\Project1\\taportal-master\\project\\model\\user\\application.schema.server.js":{"path":"E:\\NEU\\MSD\\TA Portal\\Project1\\taportal-master\\project\\model\\user\\application.schema.server.js","s":{"1":1,"2":0,"3":0,"4":0},"b":{},"f":{"1":0},"fnMap":{"1":{"name":"(anonymous_1)","line":5,"loc":{"start":{"line":5,"column":17},"end":{"line":5,"column":29}}}},"statementMap":{"1":{"start":{"line":5,"column":0},"end":{"line":20,"column":2}},"2":{"start":{"line":6,"column":4},"end":{"line":6,"column":39}},"3":{"start":{"line":8,"column":4},"end":{"line":18,"column":42}},"4":{"start":{"line":19,"column":4},"end":{"line":19,"column":29}}},"branchMap":{}},"E:\\NEU\\MSD\\TA Portal\\Project1\\taportal-master\\testspec\\testForCoursesAndSem.js":{"path":"E:\\NEU\\MSD\\TA Portal\\Project1\\taportal-master\\testspec\\testForCoursesAndSem.js","s":{"1":1,"2":1,"3":1,"4":1,"5":1,"6":1,"7":1,"8":1,"9":1,"10":1,"11":1,"12":1,"13":1,"14":1,"15":1,"16":1,"17":1,"18":1,"19":1,"20":1,"21":1,"22":1,"23":1,"24":1,"25":1,"26":1,"27":1,"28":1,"29":1,"30":1,"31":1,"32":1,"33":1,"34":1,"35":1,"36":1,"37":1,"38":1,"39":1,"40":1,"41":1,"42":1,"43":1,"44":1,"45":1,"46":1,"47":1,"48":1,"49":1,"50":1,"51":1,"52":0,"53":1,"54":1,"55":1,"56":1,"57":1,"58":1,"59":1,"60":1,"61":1,"62":1,"63":1,"64":1,"65":1,"66":1,"67":1,"68":1,"69":1,"70":1,"71":1,"72":1,"73":1,"74":1,"75":1,"76":2,"77":2,"78":2,"79":2,"80":1,"81":0,"82":0,"83":0,"84":0,"85":1,"86":1,"87":0,"88":0,"89":1,"90":1,"91":1,"92":0,"93":0,"94":0,"95":1,"96":0,"97":0,"98":0,"99":0},"b":{},"f":{"1":1,"2":1,"3":1,"4":1,"5":1,"6":1,"7":1,"8":1,"9":1,"10":1,"11":1,"12":1,"13":1,"14":1,"15":1,"16":1,"17":1,"18":1,"19":1,"20":1,"21":1,"22":1,"23":1,"24":0,"25":1,"26":1,"27":1,"28":1,"29":1,"30":1,"31":1,"32":1,"33":1,"34":1,"35":1,"36":2,"37":2,"38":2,"39":0,"40":0,"41":0,"42":1,"43":0,"44":1,"45":0,"46":0,"47":0,"48":0,"49":0},"fnMap":{"1":{"name":"(anonymous_1)","line":25,"loc":{"start":{"line":25,"column":30},"end":{"line":25,"column":41}}},"2":{"name":"(anonymous_2)","line":27,"loc":{"start":{"line":27,"column":34},"end":{"line":27,"column":50}}},"3":{"name":"(anonymous_3)","line":30,"loc":{"start":{"line":30,"column":17},"end":{"line":30,"column":37}}},"4":{"name":"(anonymous_4)","line":37,"loc":{"start":{"line":37,"column":40},"end":{"line":37,"column":56}}},"5":{"name":"(anonymous_5)","line":40,"loc":{"start":{"line":40,"column":17},"end":{"line":40,"column":37}}},"6":{"name":"(anonymous_6)","line":57,"loc":{"start":{"line":57,"column":31},"end":{"line":57,"column":47}}},"7":{"name":"(anonymous_7)","line":61,"loc":{"start":{"line":61,"column":17},"end":{"line":61,"column":37}}},"8":{"name":"(anonymous_8)","line":79,"loc":{"start":{"line":79,"column":49},"end":{"line":79,"column":65}}},"9":{"name":"(anonymous_9)","line":83,"loc":{"start":{"line":83,"column":17},"end":{"line":83,"column":37}}},"10":{"name":"(anonymous_10)","line":90,"loc":{"start":{"line":90,"column":33},"end":{"line":90,"column":49}}},"11":{"name":"(anonymous_11)","line":93,"loc":{"start":{"line":93,"column":17},"end":{"line":93,"column":35}}},"12":{"name":"(anonymous_12)","line":97,"loc":{"start":{"line":97,"column":25},"end":{"line":97,"column":52}}},"13":{"name":"(anonymous_13)","line":106,"loc":{"start":{"line":106,"column":47},"end":{"line":106,"column":63}}},"14":{"name":"(anonymous_14)","line":109,"loc":{"start":{"line":109,"column":17},"end":{"line":109,"column":35}}},"15":{"name":"(anonymous_15)","line":113,"loc":{"start":{"line":113,"column":25},"end":{"line":113,"column":52}}},"16":{"name":"(anonymous_16)","line":122,"loc":{"start":{"line":122,"column":41},"end":{"line":122,"column":57}}},"17":{"name":"(anonymous_17)","line":125,"loc":{"start":{"line":125,"column":17},"end":{"line":125,"column":37}}},"18":{"name":"(anonymous_18)","line":128,"loc":{"start":{"line":128,"column":25},"end":{"line":128,"column":52}}},"19":{"name":"(anonymous_19)","line":164,"loc":{"start":{"line":164,"column":33},"end":{"line":164,"column":49}}},"20":{"name":"(anonymous_20)","line":167,"loc":{"start":{"line":167,"column":17},"end":{"line":167,"column":35}}},"21":{"name":"(anonymous_21)","line":170,"loc":{"start":{"line":170,"column":25},"end":{"line":170,"column":52}}},"22":{"name":"(anonymous_22)","line":179,"loc":{"start":{"line":179,"column":47},"end":{"line":179,"column":63}}},"23":{"name":"(anonymous_23)","line":182,"loc":{"start":{"line":182,"column":17},"end":{"line":182,"column":35}}},"24":{"name":"(anonymous_24)","line":185,"loc":{"start":{"line":185,"column":25},"end":{"line":185,"column":52}}},"25":{"name":"(anonymous_25)","line":196,"loc":{"start":{"line":196,"column":32},"end":{"line":196,"column":43}}},"26":{"name":"(anonymous_26)","line":198,"loc":{"start":{"line":198,"column":36},"end":{"line":198,"column":52}}},"27":{"name":"(anonymous_27)","line":201,"loc":{"start":{"line":201,"column":17},"end":{"line":201,"column":37}}},"28":{"name":"(anonymous_28)","line":208,"loc":{"start":{"line":208,"column":42},"end":{"line":208,"column":58}}},"29":{"name":"(anonymous_29)","line":211,"loc":{"start":{"line":211,"column":17},"end":{"line":211,"column":37}}},"30":{"name":"(anonymous_30)","line":218,"loc":{"start":{"line":218,"column":33},"end":{"line":218,"column":49}}},"31":{"name":"(anonymous_31)","line":222,"loc":{"start":{"line":222,"column":17},"end":{"line":222,"column":37}}},"32":{"name":"(anonymous_32)","line":228,"loc":{"start":{"line":228,"column":47},"end":{"line":228,"column":63}}},"33":{"name":"(anonymous_33)","line":231,"loc":{"start":{"line":231,"column":17},"end":{"line":231,"column":37}}},"34":{"name":"(anonymous_34)","line":238,"loc":{"start":{"line":238,"column":51},"end":{"line":238,"column":67}}},"35":{"name":"(anonymous_35)","line":242,"loc":{"start":{"line":242,"column":17},"end":{"line":242,"column":37}}},"36":{"name":"(anonymous_36)","line":249,"loc":{"start":{"line":249,"column":35},"end":{"line":249,"column":51}}},"37":{"name":"(anonymous_37)","line":252,"loc":{"start":{"line":252,"column":17},"end":{"line":252,"column":35}}},"38":{"name":"(anonymous_38)","line":256,"loc":{"start":{"line":256,"column":25},"end":{"line":256,"column":52}}},"39":{"name":"(anonymous_39)","line":266,"loc":{"start":{"line":266,"column":49},"end":{"line":266,"column":65}}},"40":{"name":"(anonymous_40)","line":269,"loc":{"start":{"line":269,"column":17},"end":{"line":269,"column":35}}},"41":{"name":"(anonymous_41)","line":273,"loc":{"start":{"line":273,"column":25},"end":{"line":273,"column":52}}},"42":{"name":"(anonymous_42)","line":284,"loc":{"start":{"line":284,"column":61},"end":{"line":284,"column":77}}},"43":{"name":"(anonymous_43)","line":287,"loc":{"start":{"line":287,"column":17},"end":{"line":287,"column":44}}},"44":{"name":"(anonymous_44)","line":297,"loc":{"start":{"line":297,"column":45},"end":{"line":297,"column":61}}},"45":{"name":"(anonymous_45)","line":300,"loc":{"start":{"line":300,"column":17},"end":{"line":300,"column":37}}},"46":{"name":"(anonymous_46)","line":303,"loc":{"start":{"line":303,"column":25},"end":{"line":303,"column":52}}},"47":{"name":"(anonymous_47)","line":311,"loc":{"start":{"line":311,"column":35},"end":{"line":311,"column":51}}},"48":{"name":"(anonymous_48)","line":314,"loc":{"start":{"line":314,"column":17},"end":{"line":314,"column":35}}},"49":{"name":"(anonymous_49)","line":317,"loc":{"start":{"line":317,"column":25},"end":{"line":317,"column":52}}}},"statementMap":{"1":{"start":{"line":8,"column":0},"end":{"line":8,"column":27}},"2":{"start":{"line":9,"column":0},"end":{"line":9,"column":36}},"3":{"start":{"line":10,"column":0},"end":{"line":10,"column":34}},"4":{"start":{"line":12,"column":0},"end":{"line":12,"column":27}},"5":{"start":{"line":14,"column":0},"end":{"line":14,"column":36}},"6":{"start":{"line":16,"column":0},"end":{"line":16,"column":67}},"7":{"start":{"line":17,"column":0},"end":{"line":17,"column":71}},"8":{"start":{"line":19,"column":0},"end":{"line":19,"column":33}},"9":{"start":{"line":21,"column":0},"end":{"line":21,"column":20}},"10":{"start":{"line":22,"column":0},"end":{"line":22,"column":18}},"11":{"start":{"line":23,"column":0},"end":{"line":23,"column":19}},"12":{"start":{"line":25,"column":0},"end":{"line":159,"column":7}},"13":{"start":{"line":27,"column":4},"end":{"line":34,"column":7}},"14":{"start":{"line":28,"column":8},"end":{"line":33,"column":14}},"15":{"start":{"line":31,"column":16},"end":{"line":31,"column":44}},"16":{"start":{"line":32,"column":16},"end":{"line":32,"column":23}},"17":{"start":{"line":37,"column":4},"end":{"line":44,"column":7}},"18":{"start":{"line":38,"column":8},"end":{"line":43,"column":14}},"19":{"start":{"line":41,"column":16},"end":{"line":41,"column":44}},"20":{"start":{"line":42,"column":16},"end":{"line":42,"column":23}},"21":{"start":{"line":57,"column":4},"end":{"line":65,"column":7}},"22":{"start":{"line":58,"column":8},"end":{"line":64,"column":15}},"23":{"start":{"line":62,"column":16},"end":{"line":62,"column":44}},"24":{"start":{"line":63,"column":16},"end":{"line":63,"column":23}},"25":{"start":{"line":79,"column":4},"end":{"line":87,"column":7}},"26":{"start":{"line":80,"column":8},"end":{"line":86,"column":15}},"27":{"start":{"line":84,"column":16},"end":{"line":84,"column":44}},"28":{"start":{"line":85,"column":16},"end":{"line":85,"column":23}},"29":{"start":{"line":90,"column":4},"end":{"line":103,"column":7}},"30":{"start":{"line":91,"column":8},"end":{"line":102,"column":15}},"31":{"start":{"line":94,"column":16},"end":{"line":100,"column":23}},"32":{"start":{"line":98,"column":24},"end":{"line":98,"column":57}},"33":{"start":{"line":101,"column":16},"end":{"line":101,"column":23}},"34":{"start":{"line":106,"column":4},"end":{"line":119,"column":7}},"35":{"start":{"line":107,"column":8},"end":{"line":118,"column":15}},"36":{"start":{"line":110,"column":16},"end":{"line":116,"column":23}},"37":{"start":{"line":114,"column":24},"end":{"line":114,"column":57}},"38":{"start":{"line":117,"column":16},"end":{"line":117,"column":23}},"39":{"start":{"line":122,"column":4},"end":{"line":133,"column":7}},"40":{"start":{"line":123,"column":8},"end":{"line":132,"column":15}},"41":{"start":{"line":126,"column":16},"end":{"line":131,"column":23}},"42":{"start":{"line":129,"column":24},"end":{"line":129,"column":57}},"43":{"start":{"line":130,"column":24},"end":{"line":130,"column":31}},"44":{"start":{"line":164,"column":4},"end":{"line":176,"column":7}},"45":{"start":{"line":165,"column":8},"end":{"line":175,"column":15}},"46":{"start":{"line":168,"column":16},"end":{"line":173,"column":23}},"47":{"start":{"line":171,"column":24},"end":{"line":171,"column":57}},"48":{"start":{"line":174,"column":16},"end":{"line":174,"column":23}},"49":{"start":{"line":179,"column":4},"end":{"line":191,"column":7}},"50":{"start":{"line":180,"column":8},"end":{"line":190,"column":15}},"51":{"start":{"line":183,"column":16},"end":{"line":188,"column":23}},"52":{"start":{"line":186,"column":24},"end":{"line":186,"column":57}},"53":{"start":{"line":189,"column":16},"end":{"line":189,"column":23}},"54":{"start":{"line":196,"column":0},"end":{"line":327,"column":3}},"55":{"start":{"line":198,"column":4},"end":{"line":205,"column":7}},"56":{"start":{"line":199,"column":8},"end":{"line":204,"column":14}},"57":{"start":{"line":202,"column":16},"end":{"line":202,"column":44}},"58":{"start":{"line":203,"column":16},"end":{"line":203,"column":23}},"59":{"start":{"line":208,"column":4},"end":{"line":215,"column":7}},"60":{"start":{"line":209,"column":8},"end":{"line":214,"column":14}},"61":{"start":{"line":212,"column":16},"end":{"line":212,"column":44}},"62":{"start":{"line":213,"column":16},"end":{"line":213,"column":23}},"63":{"start":{"line":218,"column":4},"end":{"line":226,"column":7}},"64":{"start":{"line":219,"column":8},"end":{"line":225,"column":15}},"65":{"start":{"line":223,"column":16},"end":{"line":223,"column":44}},"66":{"start":{"line":224,"column":16},"end":{"line":224,"column":23}},"67":{"start":{"line":228,"column":4},"end":{"line":235,"column":7}},"68":{"start":{"line":229,"column":8},"end":{"line":234,"column":15}},"69":{"start":{"line":232,"column":16},"end":{"line":232,"column":44}},"70":{"start":{"line":233,"column":16},"end":{"line":233,"column":23}},"71":{"start":{"line":238,"column":4},"end":{"line":246,"column":7}},"72":{"start":{"line":239,"column":8},"end":{"line":245,"column":15}},"73":{"start":{"line":243,"column":16},"end":{"line":243,"column":44}},"74":{"start":{"line":244,"column":16},"end":{"line":244,"column":23}},"75":{"start":{"line":249,"column":4},"end":{"line":263,"column":7}},"76":{"start":{"line":250,"column":8},"end":{"line":261,"column":15}},"77":{"start":{"line":253,"column":16},"end":{"line":259,"column":23}},"78":{"start":{"line":257,"column":24},"end":{"line":257,"column":57}},"79":{"start":{"line":260,"column":16},"end":{"line":260,"column":23}},"80":{"start":{"line":266,"column":4},"end":{"line":280,"column":7}},"81":{"start":{"line":267,"column":8},"end":{"line":278,"column":15}},"82":{"start":{"line":270,"column":16},"end":{"line":276,"column":23}},"83":{"start":{"line":274,"column":24},"end":{"line":274,"column":57}},"84":{"start":{"line":277,"column":16},"end":{"line":277,"column":23}},"85":{"start":{"line":284,"column":4},"end":{"line":292,"column":7}},"86":{"start":{"line":285,"column":8},"end":{"line":290,"column":15}},"87":{"start":{"line":288,"column":16},"end":{"line":288,"column":49}},"88":{"start":{"line":289,"column":16},"end":{"line":289,"column":23}},"89":{"start":{"line":291,"column":8},"end":{"line":291,"column":15}},"90":{"start":{"line":297,"column":4},"end":{"line":308,"column":7}},"91":{"start":{"line":298,"column":8},"end":{"line":307,"column":15}},"92":{"start":{"line":301,"column":16},"end":{"line":306,"column":23}},"93":{"start":{"line":304,"column":24},"end":{"line":304,"column":57}},"94":{"start":{"line":305,"column":24},"end":{"line":305,"column":31}},"95":{"start":{"line":311,"column":4},"end":{"line":323,"column":7}},"96":{"start":{"line":312,"column":8},"end":{"line":322,"column":15}},"97":{"start":{"line":315,"column":16},"end":{"line":320,"column":23}},"98":{"start":{"line":318,"column":24},"end":{"line":318,"column":57}},"99":{"start":{"line":321,"column":16},"end":{"line":321,"column":23}}},"branchMap":{}},"E:\\NEU\\MSD\\TA Portal\\Project1\\taportal-master\\testspec\\testForPositions.js":{"path":"E:\\NEU\\MSD\\TA Portal\\Project1\\taportal-master\\testspec\\testForPositions.js","s":{"1":1,"2":1,"3":1,"4":1,"5":1,"6":1,"7":1,"8":1,"9":1,"10":1,"11":1,"12":1,"13":1,"14":1,"15":1,"16":1,"17":1,"18":1,"19":1,"20":1,"21":1,"22":1,"23":1,"24":1,"25":1,"26":0,"27":0,"28":0,"29":0,"30":1,"31":2,"32":2,"33":2,"34":2,"35":1,"36":1,"37":1,"38":0,"39":0,"40":1},"b":{},"f":{"1":1,"2":1,"3":1,"4":1,"5":1,"6":1,"7":1,"8":0,"9":0,"10":0,"11":2,"12":2,"13":2,"14":1,"15":1,"16":0},"fnMap":{"1":{"name":"(anonymous_1)","line":26,"loc":{"start":{"line":26,"column":32},"end":{"line":26,"column":43}}},"2":{"name":"(anonymous_2)","line":28,"loc":{"start":{"line":28,"column":36},"end":{"line":28,"column":52}}},"3":{"name":"(anonymous_3)","line":31,"loc":{"start":{"line":31,"column":17},"end":{"line":31,"column":37}}},"4":{"name":"(anonymous_4)","line":38,"loc":{"start":{"line":38,"column":42},"end":{"line":38,"column":58}}},"5":{"name":"(anonymous_5)","line":41,"loc":{"start":{"line":41,"column":17},"end":{"line":41,"column":37}}},"6":{"name":"(anonymous_6)","line":48,"loc":{"start":{"line":48,"column":33},"end":{"line":48,"column":49}}},"7":{"name":"(anonymous_7)","line":53,"loc":{"start":{"line":53,"column":17},"end":{"line":53,"column":37}}},"8":{"name":"(anonymous_8)","line":60,"loc":{"start":{"line":60,"column":35},"end":{"line":60,"column":51}}},"9":{"name":"(anonymous_9)","line":63,"loc":{"start":{"line":63,"column":17},"end":{"line":63,"column":35}}},"10":{"name":"(anonymous_10)","line":68,"loc":{"start":{"line":68,"column":25},"end":{"line":68,"column":52}}},"11":{"name":"(anonymous_11)","line":77,"loc":{"start":{"line":77,"column":45},"end":{"line":77,"column":61}}},"12":{"name":"(anonymous_12)","line":80,"loc":{"start":{"line":80,"column":17},"end":{"line":80,"column":37}}},"13":{"name":"(anonymous_13)","line":83,"loc":{"start":{"line":83,"column":25},"end":{"line":83,"column":52}}},"14":{"name":"(anonymous_14)","line":91,"loc":{"start":{"line":91,"column":35},"end":{"line":91,"column":51}}},"15":{"name":"(anonymous_15)","line":94,"loc":{"start":{"line":94,"column":17},"end":{"line":94,"column":35}}},"16":{"name":"(anonymous_16)","line":97,"loc":{"start":{"line":97,"column":25},"end":{"line":97,"column":52}}}},"statementMap":{"1":{"start":{"line":8,"column":0},"end":{"line":8,"column":27}},"2":{"start":{"line":9,"column":0},"end":{"line":9,"column":36}},"3":{"start":{"line":10,"column":0},"end":{"line":10,"column":34}},"4":{"start":{"line":12,"column":0},"end":{"line":12,"column":27}},"5":{"start":{"line":14,"column":0},"end":{"line":14,"column":36}},"6":{"start":{"line":16,"column":0},"end":{"line":16,"column":71}},"7":{"start":{"line":18,"column":0},"end":{"line":18,"column":33}},"8":{"start":{"line":20,"column":0},"end":{"line":20,"column":20}},"9":{"start":{"line":21,"column":0},"end":{"line":21,"column":18}},"10":{"start":{"line":22,"column":0},"end":{"line":22,"column":19}},"11":{"start":{"line":24,"column":0},"end":{"line":24,"column":13}},"12":{"start":{"line":26,"column":0},"end":{"line":106,"column":3}},"13":{"start":{"line":28,"column":4},"end":{"line":35,"column":7}},"14":{"start":{"line":29,"column":8},"end":{"line":34,"column":14}},"15":{"start":{"line":32,"column":16},"end":{"line":32,"column":44}},"16":{"start":{"line":33,"column":16},"end":{"line":33,"column":23}},"17":{"start":{"line":38,"column":4},"end":{"line":45,"column":7}},"18":{"start":{"line":39,"column":8},"end":{"line":44,"column":14}},"19":{"start":{"line":42,"column":16},"end":{"line":42,"column":44}},"20":{"start":{"line":43,"column":16},"end":{"line":43,"column":23}},"21":{"start":{"line":48,"column":4},"end":{"line":57,"column":7}},"22":{"start":{"line":49,"column":8},"end":{"line":56,"column":15}},"23":{"start":{"line":54,"column":16},"end":{"line":54,"column":44}},"24":{"start":{"line":55,"column":16},"end":{"line":55,"column":23}},"25":{"start":{"line":60,"column":4},"end":{"line":75,"column":7}},"26":{"start":{"line":61,"column":8},"end":{"line":73,"column":15}},"27":{"start":{"line":64,"column":16},"end":{"line":71,"column":23}},"28":{"start":{"line":69,"column":24},"end":{"line":69,"column":57}},"29":{"start":{"line":70,"column":24},"end":{"line":70,"column":31}},"30":{"start":{"line":77,"column":4},"end":{"line":88,"column":7}},"31":{"start":{"line":78,"column":8},"end":{"line":87,"column":15}},"32":{"start":{"line":81,"column":16},"end":{"line":86,"column":23}},"33":{"start":{"line":84,"column":24},"end":{"line":84,"column":57}},"34":{"start":{"line":85,"column":24},"end":{"line":85,"column":31}},"35":{"start":{"line":91,"column":4},"end":{"line":103,"column":7}},"36":{"start":{"line":92,"column":8},"end":{"line":102,"column":15}},"37":{"start":{"line":95,"column":16},"end":{"line":100,"column":23}},"38":{"start":{"line":98,"column":24},"end":{"line":98,"column":57}},"39":{"start":{"line":99,"column":24},"end":{"line":99,"column":31}},"40":{"start":{"line":101,"column":16},"end":{"line":101,"column":23}}},"branchMap":{}}}