{"/Users/anvitasurapaneni/Desktop/msd/taportal/testspec/dummytest.js":{"path":"/Users/anvitasurapaneni/Desktop/msd/taportal/testspec/dummytest.js","s":{},"b":{},"f":{},"fnMap":{},"statementMap":{},"branchMap":{}},"/Users/anvitasurapaneni/Desktop/msd/taportal/testspec/test.js":{"path":"/Users/anvitasurapaneni/Desktop/msd/taportal/testspec/test.js","s":{"1":1,"2":1,"3":1,"4":1,"5":1,"6":1,"7":1,"8":1,"9":1,"10":1,"11":1,"12":1,"13":1,"14":1,"15":1,"16":1,"17":1,"18":1,"19":1,"20":1,"21":1,"22":1,"23":1,"24":1,"25":1,"26":1,"27":1,"28":1,"29":1,"30":1,"31":1,"32":1,"33":1,"34":1,"35":1,"36":1,"37":1,"38":1,"39":1,"40":1,"41":1,"42":1,"43":1,"44":1,"45":1,"46":1,"47":1,"48":1,"49":1,"50":1,"51":1,"52":1,"53":1,"54":1,"55":1,"56":1,"57":1,"58":1,"59":1,"60":1,"61":1,"62":1,"63":1,"64":1,"65":1,"66":1,"67":1,"68":1,"69":1,"70":1,"71":1,"72":1,"73":1,"74":1,"75":1,"76":1,"77":1,"78":1,"79":1,"80":1,"81":1,"82":1,"83":1,"84":1,"85":1,"86":1,"87":1,"88":1,"89":1,"90":1,"91":1,"92":1,"93":1,"94":1,"95":1,"96":1,"97":1,"98":1,"99":0,"100":0,"101":1},"b":{},"f":{"1":1,"2":1,"3":1,"4":1,"5":1,"6":1,"7":1,"8":1,"9":1,"10":1,"11":1,"12":1,"13":1,"14":1,"15":1,"16":1,"17":1,"18":1,"19":1,"20":1,"21":1,"22":1,"23":1,"24":1,"25":1,"26":1,"27":1,"28":1,"29":1,"30":1,"31":1,"32":1,"33":1,"34":1,"35":1,"36":1,"37":1,"38":1,"39":1,"40":1,"41":1,"42":1,"43":1,"44":1,"45":1,"46":1,"47":1,"48":1,"49":0},"fnMap":{"1":{"name":"(anonymous_1)","line":22,"loc":{"start":{"line":22,"column":26},"end":{"line":22,"column":37}}},"2":{"name":"(anonymous_2)","line":24,"loc":{"start":{"line":24,"column":31},"end":{"line":24,"column":47}}},"3":{"name":"(anonymous_3)","line":27,"loc":{"start":{"line":27,"column":17},"end":{"line":27,"column":35}}},"4":{"name":"(anonymous_4)","line":35,"loc":{"start":{"line":35,"column":37},"end":{"line":35,"column":53}}},"5":{"name":"(anonymous_5)","line":38,"loc":{"start":{"line":38,"column":17},"end":{"line":38,"column":35}}},"6":{"name":"(anonymous_6)","line":45,"loc":{"start":{"line":45,"column":53},"end":{"line":45,"column":68}}},"7":{"name":"(anonymous_7)","line":49,"loc":{"start":{"line":49,"column":17},"end":{"line":49,"column":35}}},"8":{"name":"(anonymous_8)","line":55,"loc":{"start":{"line":55,"column":39},"end":{"line":55,"column":55}}},"9":{"name":"(anonymous_9)","line":58,"loc":{"start":{"line":58,"column":17},"end":{"line":58,"column":35}}},"10":{"name":"(anonymous_10)","line":65,"loc":{"start":{"line":65,"column":41},"end":{"line":65,"column":57}}},"11":{"name":"(anonymous_11)","line":68,"loc":{"start":{"line":68,"column":17},"end":{"line":68,"column":37}}},"12":{"name":"(anonymous_12)","line":75,"loc":{"start":{"line":75,"column":39},"end":{"line":75,"column":55}}},"13":{"name":"(anonymous_13)","line":78,"loc":{"start":{"line":78,"column":17},"end":{"line":78,"column":37}}},"14":{"name":"(anonymous_14)","line":85,"loc":{"start":{"line":85,"column":53},"end":{"line":85,"column":69}}},"15":{"name":"(anonymous_15)","line":88,"loc":{"start":{"line":88,"column":17},"end":{"line":88,"column":37}}},"16":{"name":"(anonymous_16)","line":96,"loc":{"start":{"line":96,"column":53},"end":{"line":96,"column":68}}},"17":{"name":"(anonymous_17)","line":100,"loc":{"start":{"line":100,"column":17},"end":{"line":100,"column":35}}},"18":{"name":"(anonymous_18)","line":108,"loc":{"start":{"line":108,"column":65},"end":{"line":108,"column":80}}},"19":{"name":"(anonymous_19)","line":112,"loc":{"start":{"line":112,"column":17},"end":{"line":112,"column":35}}},"20":{"name":"(anonymous_20)","line":130,"loc":{"start":{"line":130,"column":55},"end":{"line":130,"column":70}}},"21":{"name":"(anonymous_21)","line":134,"loc":{"start":{"line":134,"column":17},"end":{"line":134,"column":36}}},"22":{"name":"(anonymous_22)","line":138,"loc":{"start":{"line":138,"column":25},"end":{"line":138,"column":45}}},"23":{"name":"(anonymous_23)","line":157,"loc":{"start":{"line":157,"column":56},"end":{"line":157,"column":71}}},"24":{"name":"(anonymous_24)","line":161,"loc":{"start":{"line":161,"column":17},"end":{"line":161,"column":35}}},"25":{"name":"(anonymous_25)","line":167,"loc":{"start":{"line":167,"column":44},"end":{"line":167,"column":60}}},"26":{"name":"(anonymous_26)","line":170,"loc":{"start":{"line":170,"column":17},"end":{"line":170,"column":35}}},"27":{"name":"(anonymous_27)","line":174,"loc":{"start":{"line":174,"column":25},"end":{"line":174,"column":52}}},"28":{"name":"(anonymous_28)","line":182,"loc":{"start":{"line":182,"column":31},"end":{"line":182,"column":47}}},"29":{"name":"(anonymous_29)","line":185,"loc":{"start":{"line":185,"column":17},"end":{"line":185,"column":35}}},"30":{"name":"(anonymous_30)","line":197,"loc":{"start":{"line":197,"column":25},"end":{"line":197,"column":52}}},"31":{"name":"(anonymous_31)","line":204,"loc":{"start":{"line":204,"column":42},"end":{"line":204,"column":58}}},"32":{"name":"(anonymous_32)","line":207,"loc":{"start":{"line":207,"column":17},"end":{"line":207,"column":35}}},"33":{"name":"(anonymous_33)","line":219,"loc":{"start":{"line":219,"column":25},"end":{"line":219,"column":52}}},"34":{"name":"(anonymous_34)","line":229,"loc":{"start":{"line":229,"column":46},"end":{"line":229,"column":62}}},"35":{"name":"(anonymous_35)","line":232,"loc":{"start":{"line":232,"column":17},"end":{"line":232,"column":35}}},"36":{"name":"(anonymous_36)","line":244,"loc":{"start":{"line":244,"column":25},"end":{"line":244,"column":52}}},"37":{"name":"(anonymous_37)","line":251,"loc":{"start":{"line":251,"column":47},"end":{"line":251,"column":63}}},"38":{"name":"(anonymous_38)","line":254,"loc":{"start":{"line":254,"column":17},"end":{"line":254,"column":35}}},"39":{"name":"(anonymous_39)","line":266,"loc":{"start":{"line":266,"column":25},"end":{"line":266,"column":52}}},"40":{"name":"(anonymous_40)","line":274,"loc":{"start":{"line":274,"column":61},"end":{"line":274,"column":77}}},"41":{"name":"(anonymous_41)","line":277,"loc":{"start":{"line":277,"column":17},"end":{"line":277,"column":35}}},"42":{"name":"(anonymous_42)","line":289,"loc":{"start":{"line":289,"column":25},"end":{"line":289,"column":52}}},"43":{"name":"(anonymous_43)","line":297,"loc":{"start":{"line":297,"column":37},"end":{"line":297,"column":53}}},"44":{"name":"(anonymous_44)","line":300,"loc":{"start":{"line":300,"column":17},"end":{"line":300,"column":35}}},"45":{"name":"(anonymous_45)","line":303,"loc":{"start":{"line":303,"column":25},"end":{"line":303,"column":52}}},"46":{"name":"(anonymous_46)","line":310,"loc":{"start":{"line":310,"column":40},"end":{"line":310,"column":56}}},"47":{"name":"(anonymous_47)","line":313,"loc":{"start":{"line":313,"column":17},"end":{"line":313,"column":35}}},"48":{"name":"(anonymous_48)","line":319,"loc":{"start":{"line":319,"column":32},"end":{"line":319,"column":48}}},"49":{"name":"(anonymous_49)","line":322,"loc":{"start":{"line":322,"column":17},"end":{"line":322,"column":35}}}},"statementMap":{"1":{"start":{"line":5,"column":0},"end":{"line":5,"column":27}},"2":{"start":{"line":6,"column":0},"end":{"line":6,"column":36}},"3":{"start":{"line":7,"column":0},"end":{"line":7,"column":34}},"4":{"start":{"line":9,"column":0},"end":{"line":9,"column":27}},"5":{"start":{"line":11,"column":0},"end":{"line":11,"column":36}},"6":{"start":{"line":13,"column":0},"end":{"line":13,"column":63}},"7":{"start":{"line":15,"column":0},"end":{"line":15,"column":33}},"8":{"start":{"line":17,"column":0},"end":{"line":17,"column":20}},"9":{"start":{"line":18,"column":0},"end":{"line":18,"column":18}},"10":{"start":{"line":19,"column":0},"end":{"line":19,"column":19}},"11":{"start":{"line":22,"column":0},"end":{"line":330,"column":3}},"12":{"start":{"line":24,"column":4},"end":{"line":31,"column":7}},"13":{"start":{"line":25,"column":8},"end":{"line":30,"column":14}},"14":{"start":{"line":28,"column":16},"end":{"line":28,"column":44}},"15":{"start":{"line":29,"column":16},"end":{"line":29,"column":23}},"16":{"start":{"line":35,"column":4},"end":{"line":42,"column":7}},"17":{"start":{"line":36,"column":8},"end":{"line":41,"column":14}},"18":{"start":{"line":39,"column":16},"end":{"line":39,"column":44}},"19":{"start":{"line":40,"column":16},"end":{"line":40,"column":23}},"20":{"start":{"line":45,"column":4},"end":{"line":53,"column":7}},"21":{"start":{"line":46,"column":8},"end":{"line":52,"column":14}},"22":{"start":{"line":50,"column":16},"end":{"line":50,"column":44}},"23":{"start":{"line":51,"column":16},"end":{"line":51,"column":23}},"24":{"start":{"line":55,"column":4},"end":{"line":62,"column":7}},"25":{"start":{"line":56,"column":8},"end":{"line":61,"column":14}},"26":{"start":{"line":59,"column":16},"end":{"line":59,"column":44}},"27":{"start":{"line":60,"column":16},"end":{"line":60,"column":23}},"28":{"start":{"line":65,"column":4},"end":{"line":73,"column":7}},"29":{"start":{"line":66,"column":8},"end":{"line":71,"column":14}},"30":{"start":{"line":69,"column":16},"end":{"line":69,"column":44}},"31":{"start":{"line":70,"column":16},"end":{"line":70,"column":23}},"32":{"start":{"line":75,"column":4},"end":{"line":83,"column":7}},"33":{"start":{"line":76,"column":8},"end":{"line":81,"column":14}},"34":{"start":{"line":79,"column":16},"end":{"line":79,"column":44}},"35":{"start":{"line":80,"column":16},"end":{"line":80,"column":23}},"36":{"start":{"line":85,"column":4},"end":{"line":93,"column":7}},"37":{"start":{"line":86,"column":8},"end":{"line":91,"column":14}},"38":{"start":{"line":89,"column":16},"end":{"line":89,"column":44}},"39":{"start":{"line":90,"column":16},"end":{"line":90,"column":23}},"40":{"start":{"line":96,"column":4},"end":{"line":104,"column":7}},"41":{"start":{"line":97,"column":8},"end":{"line":103,"column":15}},"42":{"start":{"line":101,"column":16},"end":{"line":101,"column":44}},"43":{"start":{"line":102,"column":16},"end":{"line":102,"column":23}},"44":{"start":{"line":108,"column":4},"end":{"line":116,"column":7}},"45":{"start":{"line":109,"column":8},"end":{"line":115,"column":15}},"46":{"start":{"line":113,"column":16},"end":{"line":113,"column":44}},"47":{"start":{"line":114,"column":16},"end":{"line":114,"column":23}},"48":{"start":{"line":130,"column":4},"end":{"line":146,"column":7}},"49":{"start":{"line":131,"column":8},"end":{"line":145,"column":15}},"50":{"start":{"line":135,"column":16},"end":{"line":135,"column":37}},"51":{"start":{"line":136,"column":16},"end":{"line":143,"column":23}},"52":{"start":{"line":139,"column":24},"end":{"line":139,"column":52}},"53":{"start":{"line":140,"column":24},"end":{"line":140,"column":31}},"54":{"start":{"line":157,"column":4},"end":{"line":165,"column":7}},"55":{"start":{"line":158,"column":8},"end":{"line":164,"column":14}},"56":{"start":{"line":162,"column":16},"end":{"line":162,"column":44}},"57":{"start":{"line":163,"column":16},"end":{"line":163,"column":23}},"58":{"start":{"line":167,"column":4},"end":{"line":179,"column":7}},"59":{"start":{"line":168,"column":8},"end":{"line":178,"column":15}},"60":{"start":{"line":171,"column":16},"end":{"line":177,"column":23}},"61":{"start":{"line":175,"column":24},"end":{"line":175,"column":57}},"62":{"start":{"line":176,"column":24},"end":{"line":176,"column":31}},"63":{"start":{"line":182,"column":4},"end":{"line":202,"column":7}},"64":{"start":{"line":183,"column":8},"end":{"line":201,"column":15}},"65":{"start":{"line":186,"column":16},"end":{"line":200,"column":23}},"66":{"start":{"line":198,"column":24},"end":{"line":198,"column":57}},"67":{"start":{"line":199,"column":24},"end":{"line":199,"column":31}},"68":{"start":{"line":204,"column":4},"end":{"line":224,"column":7}},"69":{"start":{"line":205,"column":8},"end":{"line":223,"column":15}},"70":{"start":{"line":208,"column":16},"end":{"line":222,"column":23}},"71":{"start":{"line":220,"column":24},"end":{"line":220,"column":54}},"72":{"start":{"line":221,"column":24},"end":{"line":221,"column":31}},"73":{"start":{"line":229,"column":4},"end":{"line":249,"column":7}},"74":{"start":{"line":230,"column":8},"end":{"line":248,"column":15}},"75":{"start":{"line":233,"column":16},"end":{"line":247,"column":23}},"76":{"start":{"line":245,"column":24},"end":{"line":245,"column":57}},"77":{"start":{"line":246,"column":24},"end":{"line":246,"column":31}},"78":{"start":{"line":251,"column":4},"end":{"line":271,"column":7}},"79":{"start":{"line":252,"column":8},"end":{"line":270,"column":15}},"80":{"start":{"line":255,"column":16},"end":{"line":269,"column":23}},"81":{"start":{"line":267,"column":24},"end":{"line":267,"column":57}},"82":{"start":{"line":268,"column":24},"end":{"line":268,"column":31}},"83":{"start":{"line":274,"column":4},"end":{"line":294,"column":7}},"84":{"start":{"line":275,"column":8},"end":{"line":293,"column":15}},"85":{"start":{"line":278,"column":16},"end":{"line":292,"column":23}},"86":{"start":{"line":290,"column":24},"end":{"line":290,"column":57}},"87":{"start":{"line":291,"column":24},"end":{"line":291,"column":31}},"88":{"start":{"line":297,"column":4},"end":{"line":308,"column":7}},"89":{"start":{"line":298,"column":8},"end":{"line":307,"column":15}},"90":{"start":{"line":301,"column":16},"end":{"line":306,"column":22}},"91":{"start":{"line":304,"column":24},"end":{"line":304,"column":57}},"92":{"start":{"line":305,"column":24},"end":{"line":305,"column":31}},"93":{"start":{"line":310,"column":4},"end":{"line":317,"column":7}},"94":{"start":{"line":311,"column":8},"end":{"line":316,"column":14}},"95":{"start":{"line":314,"column":16},"end":{"line":314,"column":44}},"96":{"start":{"line":315,"column":16},"end":{"line":315,"column":23}},"97":{"start":{"line":319,"column":4},"end":{"line":327,"column":7}},"98":{"start":{"line":320,"column":8},"end":{"line":325,"column":14}},"99":{"start":{"line":323,"column":16},"end":{"line":323,"column":44}},"100":{"start":{"line":324,"column":16},"end":{"line":324,"column":23}},"101":{"start":{"line":326,"column":8},"end":{"line":326,"column":15}}},"branchMap":{}},"/Users/anvitasurapaneni/Desktop/msd/taportal/server.js":{"path":"/Users/anvitasurapaneni/Desktop/msd/taportal/server.js","s":{"1":1,"2":1,"3":1,"4":1,"5":1,"6":1,"7":1,"8":1,"9":1,"10":1,"11":1,"12":1,"13":1,"14":1,"15":1,"16":1,"17":1,"18":1,"19":1,"20":1,"21":1,"22":1},"b":{"1":[1,1]},"f":{},"fnMap":{},"statementMap":{"1":{"start":{"line":1,"column":0},"end":{"line":1,"column":33}},"2":{"start":{"line":4,"column":0},"end":{"line":4,"column":44}},"3":{"start":{"line":5,"column":0},"end":{"line":5,"column":46}},"4":{"start":{"line":6,"column":0},"end":{"line":6,"column":35}},"5":{"start":{"line":7,"column":0},"end":{"line":7,"column":20}},"6":{"start":{"line":10,"column":0},"end":{"line":10,"column":80}},"7":{"start":{"line":12,"column":0},"end":{"line":12,"column":35}},"8":{"start":{"line":13,"column":0},"end":{"line":13,"column":35}},"9":{"start":{"line":15,"column":0},"end":{"line":15,"column":40}},"10":{"start":{"line":16,"column":0},"end":{"line":16,"column":27}},"11":{"start":{"line":17,"column":0},"end":{"line":17,"column":51}},"12":{"start":{"line":20,"column":0},"end":{"line":20,"column":24}},"13":{"start":{"line":21,"column":0},"end":{"line":21,"column":40}},"14":{"start":{"line":25,"column":0},"end":{"line":25,"column":31}},"15":{"start":{"line":26,"column":0},"end":{"line":26,"column":28}},"16":{"start":{"line":29,"column":0},"end":{"line":29,"column":47}},"17":{"start":{"line":33,"column":0},"end":{"line":33,"column":48}},"18":{"start":{"line":34,"column":0},"end":{"line":34,"column":58}},"19":{"start":{"line":36,"column":0},"end":{"line":36,"column":42}},"20":{"start":{"line":37,"column":0},"end":{"line":37,"column":13}},"21":{"start":{"line":41,"column":0},"end":{"line":41,"column":28}},"22":{"start":{"line":44,"column":0},"end":{"line":44,"column":21}}},"branchMap":{"1":{"line":34,"type":"binary-expr","locations":[{"start":{"line":34,"column":16},"end":{"line":34,"column":49}},{"start":{"line":34,"column":53},"end":{"line":34,"column":57}}]}}},"/Users/anvitasurapaneni/Desktop/msd/taportal/project/app.js":{"path":"/Users/anvitasurapaneni/Desktop/msd/taportal/project/app.js","s":{"1":1,"2":1,"3":1,"4":1,"5":1},"b":{},"f":{"1":1},"fnMap":{"1":{"name":"(anonymous_1)","line":5,"loc":{"start":{"line":5,"column":17},"end":{"line":5,"column":32}}}},"statementMap":{"1":{"start":{"line":5,"column":0},"end":{"line":12,"column":2}},"2":{"start":{"line":6,"column":4},"end":{"line":6,"column":55}},"3":{"start":{"line":8,"column":4},"end":{"line":8,"column":62}},"4":{"start":{"line":9,"column":4},"end":{"line":9,"column":77}},"5":{"start":{"line":10,"column":4},"end":{"line":10,"column":65}}},"branchMap":{}},"/Users/anvitasurapaneni/Desktop/msd/taportal/project/model/models.server.js":{"path":"/Users/anvitasurapaneni/Desktop/msd/taportal/project/model/models.server.js","s":{"1":1,"2":1,"3":1},"b":{},"f":{"1":1},"fnMap":{"1":{"name":"(anonymous_1)","line":3,"loc":{"start":{"line":3,"column":18},"end":{"line":3,"column":30}}}},"statementMap":{"1":{"start":{"line":3,"column":0},"end":{"line":14,"column":2}},"2":{"start":{"line":5,"column":4},"end":{"line":12,"column":6}},"3":{"start":{"line":13,"column":4},"end":{"line":13,"column":18}}},"branchMap":{}},"/Users/anvitasurapaneni/Desktop/msd/taportal/project/model/user/user.model.server.js":{"path":"/Users/anvitasurapaneni/Desktop/msd/taportal/project/model/user/user.model.server.js","s":{"1":1,"2":1,"3":1,"4":1,"5":1,"6":1,"7":1,"8":9,"9":1,"10":1,"11":1,"12":6,"13":1,"14":2,"15":1,"16":1,"17":1,"18":0,"19":1,"20":0,"21":1,"22":3,"23":1,"24":0,"25":1,"26":1,"27":1,"28":1,"29":1,"30":1},"b":{},"f":{"1":1,"2":9,"3":1,"4":6,"5":2,"6":1,"7":0,"8":0,"9":3,"10":0,"11":1,"12":1,"13":1},"fnMap":{"1":{"name":"(anonymous_1)","line":5,"loc":{"start":{"line":5,"column":17},"end":{"line":5,"column":29}}},"2":{"name":"findAllUsers","line":31,"loc":{"start":{"line":31,"column":4},"end":{"line":31,"column":28}}},"3":{"name":"findUserById","line":36,"loc":{"start":{"line":36,"column":4},"end":{"line":36,"column":34}}},"4":{"name":"findUserByUsername","line":40,"loc":{"start":{"line":40,"column":4},"end":{"line":40,"column":42}}},"5":{"name":"addUserCourses","line":45,"loc":{"start":{"line":45,"column":4},"end":{"line":45,"column":42}}},"6":{"name":"addCurrentCourses","line":54,"loc":{"start":{"line":54,"column":4},"end":{"line":54,"column":45}}},"7":{"name":"deleteUserCourse","line":63,"loc":{"start":{"line":63,"column":4},"end":{"line":63,"column":50}}},"8":{"name":"deleteCurrentCourse","line":73,"loc":{"start":{"line":73,"column":4},"end":{"line":73,"column":53}}},"9":{"name":"updateUser","line":98,"loc":{"start":{"line":98,"column":4},"end":{"line":98,"column":38}}},"10":{"name":"updateResumeOfStudent","line":116,"loc":{"start":{"line":116,"column":4},"end":{"line":116,"column":51}}},"11":{"name":"deleteUser","line":129,"loc":{"start":{"line":129,"column":4},"end":{"line":129,"column":32}}},"12":{"name":"findUserByCredentials","line":133,"loc":{"start":{"line":133,"column":4},"end":{"line":133,"column":55}}},"13":{"name":"createUser","line":137,"loc":{"start":{"line":137,"column":4},"end":{"line":137,"column":29}}}},"statementMap":{"1":{"start":{"line":5,"column":0},"end":{"line":141,"column":2}},"2":{"start":{"line":7,"column":4},"end":{"line":7,"column":40}},"3":{"start":{"line":8,"column":4},"end":{"line":8,"column":55}},"4":{"start":{"line":9,"column":4},"end":{"line":9,"column":51}},"5":{"start":{"line":11,"column":4},"end":{"line":27,"column":6}},"6":{"start":{"line":28,"column":4},"end":{"line":28,"column":15}},"7":{"start":{"line":31,"column":4},"end":{"line":33,"column":5}},"8":{"start":{"line":32,"column":8},"end":{"line":32,"column":27}},"9":{"start":{"line":36,"column":4},"end":{"line":38,"column":5}},"10":{"start":{"line":37,"column":8},"end":{"line":37,"column":44}},"11":{"start":{"line":40,"column":4},"end":{"line":42,"column":5}},"12":{"start":{"line":41,"column":8},"end":{"line":41,"column":50}},"13":{"start":{"line":45,"column":4},"end":{"line":51,"column":5}},"14":{"start":{"line":46,"column":8},"end":{"line":49,"column":15}},"15":{"start":{"line":54,"column":4},"end":{"line":60,"column":5}},"16":{"start":{"line":55,"column":8},"end":{"line":58,"column":15}},"17":{"start":{"line":63,"column":4},"end":{"line":69,"column":5}},"18":{"start":{"line":65,"column":8},"end":{"line":68,"column":15}},"19":{"start":{"line":73,"column":4},"end":{"line":78,"column":5}},"20":{"start":{"line":74,"column":8},"end":{"line":77,"column":15}},"21":{"start":{"line":98,"column":4},"end":{"line":114,"column":5}},"22":{"start":{"line":100,"column":8},"end":{"line":113,"column":14}},"23":{"start":{"line":116,"column":4},"end":{"line":123,"column":5}},"24":{"start":{"line":118,"column":7},"end":{"line":122,"column":14}},"25":{"start":{"line":129,"column":4},"end":{"line":131,"column":5}},"26":{"start":{"line":130,"column":12},"end":{"line":130,"column":46}},"27":{"start":{"line":133,"column":4},"end":{"line":135,"column":5}},"28":{"start":{"line":134,"column":8},"end":{"line":134,"column":70}},"29":{"start":{"line":137,"column":4},"end":{"line":139,"column":5}},"30":{"start":{"line":138,"column":8},"end":{"line":138,"column":34}}},"branchMap":{}},"/Users/anvitasurapaneni/Desktop/msd/taportal/project/model/user/user.schema.server.js":{"path":"/Users/anvitasurapaneni/Desktop/msd/taportal/project/model/user/user.schema.server.js","s":{"1":1,"2":1,"3":1,"4":1},"b":{},"f":{"1":1},"fnMap":{"1":{"name":"(anonymous_1)","line":6,"loc":{"start":{"line":6,"column":17},"end":{"line":6,"column":29}}}},"statementMap":{"1":{"start":{"line":6,"column":0},"end":{"line":71,"column":2}},"2":{"start":{"line":8,"column":4},"end":{"line":8,"column":39}},"3":{"start":{"line":10,"column":4},"end":{"line":69,"column":38}},"4":{"start":{"line":70,"column":4},"end":{"line":70,"column":22}}},"branchMap":{}},"/Users/anvitasurapaneni/Desktop/msd/taportal/project/model/user/course.model.server.js":{"path":"/Users/anvitasurapaneni/Desktop/msd/taportal/project/model/user/course.model.server.js","s":{"1":1,"2":1,"3":1,"4":1,"5":1,"6":1,"7":1,"8":2,"9":2,"10":1,"11":6,"12":1,"13":1,"14":1,"15":2,"16":1,"17":1,"18":1,"19":3},"b":{},"f":{"1":1,"2":2,"3":6,"4":1,"5":2,"6":1,"7":3},"fnMap":{"1":{"name":"(anonymous_1)","line":5,"loc":{"start":{"line":5,"column":17},"end":{"line":5,"column":29}}},"2":{"name":"updateCourse","line":24,"loc":{"start":{"line":24,"column":4},"end":{"line":24,"column":44}}},"3":{"name":"findAllCourses","line":32,"loc":{"start":{"line":32,"column":4},"end":{"line":32,"column":29}}},"4":{"name":"createCourse","line":36,"loc":{"start":{"line":36,"column":4},"end":{"line":36,"column":34}}},"5":{"name":"deleteCourse","line":41,"loc":{"start":{"line":41,"column":4},"end":{"line":41,"column":36}}},"6":{"name":"findCourseById","line":45,"loc":{"start":{"line":45,"column":4},"end":{"line":45,"column":38}}},"7":{"name":"findCourseByCoursename","line":49,"loc":{"start":{"line":49,"column":4},"end":{"line":49,"column":48}}}},"statementMap":{"1":{"start":{"line":5,"column":0},"end":{"line":56,"column":2}},"2":{"start":{"line":7,"column":4},"end":{"line":7,"column":40}},"3":{"start":{"line":8,"column":4},"end":{"line":8,"column":59}},"4":{"start":{"line":9,"column":4},"end":{"line":9,"column":57}},"5":{"start":{"line":13,"column":4},"end":{"line":20,"column":5}},"6":{"start":{"line":22,"column":4},"end":{"line":22,"column":15}},"7":{"start":{"line":24,"column":4},"end":{"line":30,"column":5}},"8":{"start":{"line":25,"column":8},"end":{"line":25,"column":26}},"9":{"start":{"line":26,"column":8},"end":{"line":29,"column":14}},"10":{"start":{"line":32,"column":4},"end":{"line":34,"column":5}},"11":{"start":{"line":33,"column":8},"end":{"line":33,"column":29}},"12":{"start":{"line":36,"column":4},"end":{"line":39,"column":5}},"13":{"start":{"line":38,"column":8},"end":{"line":38,"column":38}},"14":{"start":{"line":41,"column":4},"end":{"line":43,"column":5}},"15":{"start":{"line":42,"column":8},"end":{"line":42,"column":46}},"16":{"start":{"line":45,"column":4},"end":{"line":47,"column":5}},"17":{"start":{"line":46,"column":8},"end":{"line":46,"column":48}},"18":{"start":{"line":49,"column":4},"end":{"line":51,"column":5}},"19":{"start":{"line":50,"column":8},"end":{"line":50,"column":56}}},"branchMap":{}},"/Users/anvitasurapaneni/Desktop/msd/taportal/project/model/user/course.schema.server.js":{"path":"/Users/anvitasurapaneni/Desktop/msd/taportal/project/model/user/course.schema.server.js","s":{"1":1,"2":1,"3":1,"4":1},"b":{},"f":{"1":1},"fnMap":{"1":{"name":"(anonymous_1)","line":6,"loc":{"start":{"line":6,"column":17},"end":{"line":6,"column":29}}}},"statementMap":{"1":{"start":{"line":6,"column":0},"end":{"line":19,"column":2}},"2":{"start":{"line":7,"column":4},"end":{"line":7,"column":39}},"3":{"start":{"line":9,"column":4},"end":{"line":17,"column":41}},"4":{"start":{"line":18,"column":4},"end":{"line":18,"column":24}}},"branchMap":{}},"/Users/anvitasurapaneni/Desktop/msd/taportal/project/model/user/semester.model.server.js":{"path":"/Users/anvitasurapaneni/Desktop/msd/taportal/project/model/user/semester.model.server.js","s":{"1":1,"2":1,"3":1,"4":1,"5":1,"6":1,"7":1,"8":2,"9":2,"10":1,"11":5,"12":1,"13":1,"14":1,"15":1,"16":1,"17":2,"18":1,"19":3},"b":{},"f":{"1":1,"2":2,"3":5,"4":1,"5":1,"6":2,"7":3},"fnMap":{"1":{"name":"(anonymous_1)","line":6,"loc":{"start":{"line":6,"column":17},"end":{"line":6,"column":29}}},"2":{"name":"updateSemester","line":25,"loc":{"start":{"line":25,"column":4},"end":{"line":25,"column":50}}},"3":{"name":"findAllSemesters","line":33,"loc":{"start":{"line":33,"column":4},"end":{"line":33,"column":31}}},"4":{"name":"createSemester","line":37,"loc":{"start":{"line":37,"column":4},"end":{"line":37,"column":38}}},"5":{"name":"deleteSemester","line":41,"loc":{"start":{"line":41,"column":4},"end":{"line":41,"column":40}}},"6":{"name":"findSemesterById","line":45,"loc":{"start":{"line":45,"column":4},"end":{"line":45,"column":42}}},"7":{"name":"findSemesterBySemestername","line":49,"loc":{"start":{"line":49,"column":4},"end":{"line":49,"column":54}}}},"statementMap":{"1":{"start":{"line":6,"column":0},"end":{"line":56,"column":2}},"2":{"start":{"line":8,"column":4},"end":{"line":8,"column":40}},"3":{"start":{"line":9,"column":4},"end":{"line":9,"column":63}},"4":{"start":{"line":10,"column":4},"end":{"line":10,"column":63}},"5":{"start":{"line":14,"column":4},"end":{"line":21,"column":6}},"6":{"start":{"line":23,"column":4},"end":{"line":23,"column":15}},"7":{"start":{"line":25,"column":4},"end":{"line":31,"column":5}},"8":{"start":{"line":26,"column":8},"end":{"line":26,"column":28}},"9":{"start":{"line":27,"column":8},"end":{"line":30,"column":14}},"10":{"start":{"line":33,"column":4},"end":{"line":35,"column":5}},"11":{"start":{"line":34,"column":8},"end":{"line":34,"column":31}},"12":{"start":{"line":37,"column":4},"end":{"line":39,"column":5}},"13":{"start":{"line":38,"column":8},"end":{"line":38,"column":42}},"14":{"start":{"line":41,"column":4},"end":{"line":43,"column":5}},"15":{"start":{"line":42,"column":8},"end":{"line":42,"column":50}},"16":{"start":{"line":45,"column":4},"end":{"line":47,"column":5}},"17":{"start":{"line":46,"column":8},"end":{"line":46,"column":52}},"18":{"start":{"line":49,"column":4},"end":{"line":51,"column":5}},"19":{"start":{"line":50,"column":8},"end":{"line":50,"column":62}}},"branchMap":{}},"/Users/anvitasurapaneni/Desktop/msd/taportal/project/model/user/semester.schema.server.js":{"path":"/Users/anvitasurapaneni/Desktop/msd/taportal/project/model/user/semester.schema.server.js","s":{"1":1,"2":1,"3":1,"4":1},"b":{},"f":{"1":1},"fnMap":{"1":{"name":"(anonymous_1)","line":7,"loc":{"start":{"line":7,"column":17},"end":{"line":7,"column":29}}}},"statementMap":{"1":{"start":{"line":7,"column":0},"end":{"line":19,"column":2}},"2":{"start":{"line":8,"column":4},"end":{"line":8,"column":39}},"3":{"start":{"line":10,"column":4},"end":{"line":17,"column":43}},"4":{"start":{"line":18,"column":4},"end":{"line":18,"column":26}}},"branchMap":{}},"/Users/anvitasurapaneni/Desktop/msd/taportal/project/model/user/position.model.server.js":{"path":"/Users/anvitasurapaneni/Desktop/msd/taportal/project/model/user/position.model.server.js","s":{"1":1,"2":1,"3":1,"4":1,"5":1,"6":1,"7":1,"8":1,"9":1,"10":1,"11":0,"12":1,"13":4,"14":1,"15":1,"16":1,"17":1,"18":1,"19":1,"20":1},"b":{},"f":{"1":1,"2":1,"3":0,"4":4,"5":1,"6":1,"7":1},"fnMap":{"1":{"name":"(anonymous_1)","line":7,"loc":{"start":{"line":7,"column":17},"end":{"line":7,"column":29}}},"2":{"name":"updatePosition","line":26,"loc":{"start":{"line":26,"column":4},"end":{"line":26,"column":50}}},"3":{"name":"updateDeadline","line":38,"loc":{"start":{"line":38,"column":4},"end":{"line":38,"column":48}}},"4":{"name":"findAllPositions","line":47,"loc":{"start":{"line":47,"column":4},"end":{"line":47,"column":31}}},"5":{"name":"createPosition","line":51,"loc":{"start":{"line":51,"column":4},"end":{"line":51,"column":38}}},"6":{"name":"deletePosition","line":56,"loc":{"start":{"line":56,"column":4},"end":{"line":56,"column":40}}},"7":{"name":"findPositionById","line":60,"loc":{"start":{"line":60,"column":4},"end":{"line":60,"column":42}}}},"statementMap":{"1":{"start":{"line":7,"column":0},"end":{"line":65,"column":2}},"2":{"start":{"line":9,"column":4},"end":{"line":9,"column":40}},"3":{"start":{"line":10,"column":4},"end":{"line":10,"column":63}},"4":{"start":{"line":11,"column":4},"end":{"line":11,"column":63}},"5":{"start":{"line":15,"column":4},"end":{"line":22,"column":6}},"6":{"start":{"line":24,"column":4},"end":{"line":24,"column":15}},"7":{"start":{"line":26,"column":4},"end":{"line":36,"column":5}},"8":{"start":{"line":27,"column":8},"end":{"line":27,"column":28}},"9":{"start":{"line":28,"column":8},"end":{"line":35,"column":14}},"10":{"start":{"line":38,"column":4},"end":{"line":44,"column":5}},"11":{"start":{"line":39,"column":8},"end":{"line":42,"column":15}},"12":{"start":{"line":47,"column":4},"end":{"line":49,"column":5}},"13":{"start":{"line":48,"column":8},"end":{"line":48,"column":31}},"14":{"start":{"line":51,"column":4},"end":{"line":54,"column":5}},"15":{"start":{"line":52,"column":8},"end":{"line":52,"column":30}},"16":{"start":{"line":53,"column":8},"end":{"line":53,"column":42}},"17":{"start":{"line":56,"column":4},"end":{"line":58,"column":5}},"18":{"start":{"line":57,"column":8},"end":{"line":57,"column":50}},"19":{"start":{"line":60,"column":4},"end":{"line":62,"column":5}},"20":{"start":{"line":61,"column":8},"end":{"line":61,"column":52}}},"branchMap":{}},"/Users/anvitasurapaneni/Desktop/msd/taportal/project/model/user/position.schema.server.js":{"path":"/Users/anvitasurapaneni/Desktop/msd/taportal/project/model/user/position.schema.server.js","s":{"1":1,"2":1,"3":1,"4":1},"b":{},"f":{"1":1},"fnMap":{"1":{"name":"(anonymous_1)","line":5,"loc":{"start":{"line":5,"column":17},"end":{"line":5,"column":29}}}},"statementMap":{"1":{"start":{"line":5,"column":0},"end":{"line":19,"column":2}},"2":{"start":{"line":6,"column":4},"end":{"line":6,"column":39}},"3":{"start":{"line":8,"column":4},"end":{"line":17,"column":43}},"4":{"start":{"line":18,"column":4},"end":{"line":18,"column":26}}},"branchMap":{}},"/Users/anvitasurapaneni/Desktop/msd/taportal/project/services/user.service.server.js":{"path":"/Users/anvitasurapaneni/Desktop/msd/taportal/project/services/user.service.server.js","s":{"1":1,"2":1,"3":1,"4":1,"5":1,"6":1,"7":1,"8":1,"9":1,"10":1,"11":1,"12":1,"13":1,"14":1,"15":1,"16":1,"17":1,"18":1,"19":1,"20":1,"21":1,"22":1,"23":1,"24":1,"25":1,"26":1,"27":1,"28":0,"29":0,"30":0,"31":0,"32":0,"33":0,"34":0,"35":0,"36":0,"37":0,"38":0,"39":0,"40":0,"41":0,"42":0,"43":0,"44":0,"45":1,"46":1,"47":1,"48":1,"49":9,"50":9,"51":0,"52":1,"53":2,"54":2,"55":2,"56":2,"57":2,"58":1,"59":1,"60":1,"61":1,"62":0,"63":2,"64":1,"65":1,"66":0,"67":1,"68":0,"69":1,"70":1,"71":1,"72":1,"73":0,"74":0,"75":1,"76":2,"77":1,"78":0,"79":0,"80":0,"81":1,"82":1,"83":1,"84":1,"85":1,"86":0,"87":1,"88":1,"89":2,"90":2,"91":2,"92":1,"93":0,"94":1,"95":1,"96":1,"97":1,"98":1,"99":0,"100":1,"101":3,"102":3,"103":3,"104":1,"105":0,"106":1,"107":2,"108":2,"109":2,"110":2,"111":2,"112":0,"113":0,"114":0,"115":2,"116":0,"117":0,"118":1,"119":0,"120":0,"121":0,"122":0,"123":0,"124":1,"125":0,"126":0,"127":0,"128":0,"129":0,"130":1,"131":1,"132":1,"133":1,"134":0,"135":1,"136":1,"137":1,"138":1,"139":0,"140":1,"141":3,"142":3,"143":3,"144":1,"145":2,"146":1,"147":1,"148":1,"149":1,"150":1,"151":1,"152":0,"153":1,"154":1,"155":1,"156":0},"b":{"1":[0,0],"2":[1,1],"3":[1,1],"4":[0,1],"5":[1,0],"6":[1,1],"7":[0,1],"8":[2,0],"9":[0,2],"10":[1,2],"11":[3,2],"12":[1,1]},"f":{"1":1,"2":0,"3":0,"4":0,"5":1,"6":9,"7":9,"8":0,"9":2,"10":2,"11":0,"12":2,"13":1,"14":0,"15":1,"16":1,"17":0,"18":2,"19":0,"20":0,"21":0,"22":1,"23":1,"24":2,"25":1,"26":0,"27":1,"28":1,"29":0,"30":3,"31":1,"32":0,"33":2,"34":2,"35":0,"36":2,"37":0,"38":0,"39":0,"40":0,"41":0,"42":0,"43":0,"44":1,"45":1,"46":0,"47":1,"48":1,"49":0,"50":3,"51":1,"52":1,"53":0,"54":1,"55":1,"56":0},"fnMap":{"1":{"name":"(anonymous_1)","line":15,"loc":{"start":{"line":15,"column":16},"end":{"line":15,"column":37}}},"2":{"name":"uploadResume","line":47,"loc":{"start":{"line":47,"column":4},"end":{"line":47,"column":36}}},"3":{"name":"(anonymous_3)","line":81,"loc":{"start":{"line":81,"column":20},"end":{"line":81,"column":35}}},"4":{"name":"(anonymous_4)","line":85,"loc":{"start":{"line":85,"column":20},"end":{"line":85,"column":34}}},"5":{"name":"logout","line":95,"loc":{"start":{"line":95,"column":4},"end":{"line":95,"column":30}}},"6":{"name":"findallusers","line":101,"loc":{"start":{"line":101,"column":4},"end":{"line":101,"column":36}}},"7":{"name":"(anonymous_7)","line":106,"loc":{"start":{"line":106,"column":16},"end":{"line":106,"column":33}}},"8":{"name":"(anonymous_8)","line":109,"loc":{"start":{"line":109,"column":16},"end":{"line":109,"column":33}}},"9":{"name":"register","line":116,"loc":{"start":{"line":116,"column":4},"end":{"line":116,"column":31}}},"10":{"name":"(anonymous_10)","line":122,"loc":{"start":{"line":122,"column":18},"end":{"line":122,"column":34}}},"11":{"name":"(anonymous_11)","line":134,"loc":{"start":{"line":134,"column":16},"end":{"line":134,"column":31}}},"12":{"name":"(anonymous_12)","line":140,"loc":{"start":{"line":140,"column":16},"end":{"line":140,"column":32}}},"13":{"name":"(anonymous_13)","line":143,"loc":{"start":{"line":143,"column":40},"end":{"line":143,"column":55}}},"14":{"name":"(anonymous_14)","line":152,"loc":{"start":{"line":152,"column":16},"end":{"line":152,"column":31}}},"15":{"name":"localStrategy","line":157,"loc":{"start":{"line":157,"column":4},"end":{"line":157,"column":53}}},"16":{"name":"(anonymous_16)","line":161,"loc":{"start":{"line":161,"column":16},"end":{"line":161,"column":32}}},"17":{"name":"(anonymous_17)","line":170,"loc":{"start":{"line":170,"column":16},"end":{"line":170,"column":30}}},"18":{"name":"serializeUser","line":175,"loc":{"start":{"line":175,"column":4},"end":{"line":175,"column":39}}},"19":{"name":"deserializeUser","line":179,"loc":{"start":{"line":179,"column":4},"end":{"line":179,"column":41}}},"20":{"name":"(anonymous_20)","line":183,"loc":{"start":{"line":183,"column":16},"end":{"line":183,"column":30}}},"21":{"name":"(anonymous_21)","line":186,"loc":{"start":{"line":186,"column":16},"end":{"line":186,"column":29}}},"22":{"name":"login","line":194,"loc":{"start":{"line":194,"column":4},"end":{"line":194,"column":30}}},"23":{"name":"loggedIn","line":200,"loc":{"start":{"line":200,"column":4},"end":{"line":200,"column":31}}},"24":{"name":"addUserCourses","line":208,"loc":{"start":{"line":208,"column":4},"end":{"line":208,"column":37}}},"25":{"name":"(anonymous_25)","line":214,"loc":{"start":{"line":214,"column":16},"end":{"line":214,"column":33}}},"26":{"name":"(anonymous_26)","line":217,"loc":{"start":{"line":217,"column":16},"end":{"line":217,"column":33}}},"27":{"name":"addCurrentCourses","line":223,"loc":{"start":{"line":223,"column":4},"end":{"line":223,"column":40}}},"28":{"name":"(anonymous_28)","line":229,"loc":{"start":{"line":229,"column":16},"end":{"line":229,"column":33}}},"29":{"name":"(anonymous_29)","line":232,"loc":{"start":{"line":232,"column":16},"end":{"line":232,"column":33}}},"30":{"name":"updateUser","line":238,"loc":{"start":{"line":238,"column":4},"end":{"line":238,"column":34}}},"31":{"name":"(anonymous_31)","line":246,"loc":{"start":{"line":246,"column":16},"end":{"line":246,"column":33}}},"32":{"name":"(anonymous_32)","line":249,"loc":{"start":{"line":249,"column":16},"end":{"line":249,"column":33}}},"33":{"name":"createUser","line":256,"loc":{"start":{"line":256,"column":4},"end":{"line":256,"column":34}}},"34":{"name":"(anonymous_34)","line":263,"loc":{"start":{"line":263,"column":16},"end":{"line":263,"column":32}}},"35":{"name":"(anonymous_35)","line":273,"loc":{"start":{"line":273,"column":16},"end":{"line":273,"column":31}}},"36":{"name":"(anonymous_36)","line":278,"loc":{"start":{"line":278,"column":16},"end":{"line":278,"column":32}}},"37":{"name":"(anonymous_37)","line":283,"loc":{"start":{"line":283,"column":16},"end":{"line":283,"column":31}}},"38":{"name":"deleteUserCourse","line":291,"loc":{"start":{"line":291,"column":4},"end":{"line":291,"column":39}}},"39":{"name":"(anonymous_39)","line":296,"loc":{"start":{"line":296,"column":18},"end":{"line":296,"column":35}}},"40":{"name":"(anonymous_40)","line":300,"loc":{"start":{"line":300,"column":12},"end":{"line":300,"column":29}}},"41":{"name":"deleteCurrentCourse","line":306,"loc":{"start":{"line":306,"column":4},"end":{"line":306,"column":42}}},"42":{"name":"(anonymous_42)","line":311,"loc":{"start":{"line":311,"column":18},"end":{"line":311,"column":35}}},"43":{"name":"(anonymous_43)","line":314,"loc":{"start":{"line":314,"column":16},"end":{"line":314,"column":33}}},"44":{"name":"deleteUser","line":321,"loc":{"start":{"line":321,"column":4},"end":{"line":321,"column":33}}},"45":{"name":"(anonymous_45)","line":327,"loc":{"start":{"line":327,"column":18},"end":{"line":327,"column":35}}},"46":{"name":"(anonymous_46)","line":331,"loc":{"start":{"line":331,"column":16},"end":{"line":331,"column":33}}},"47":{"name":"findUserById","line":339,"loc":{"start":{"line":339,"column":4},"end":{"line":339,"column":35}}},"48":{"name":"(anonymous_48)","line":344,"loc":{"start":{"line":344,"column":18},"end":{"line":344,"column":34}}},"49":{"name":"(anonymous_49)","line":347,"loc":{"start":{"line":347,"column":16},"end":{"line":347,"column":33}}},"50":{"name":"getUsers","line":353,"loc":{"start":{"line":353,"column":4},"end":{"line":353,"column":32}}},"51":{"name":"findUserByCredentials","line":365,"loc":{"start":{"line":365,"column":4},"end":{"line":365,"column":65}}},"52":{"name":"(anonymous_52)","line":368,"loc":{"start":{"line":368,"column":18},"end":{"line":368,"column":34}}},"53":{"name":"(anonymous_53)","line":372,"loc":{"start":{"line":372,"column":16},"end":{"line":372,"column":31}}},"54":{"name":"findUserByUsername","line":377,"loc":{"start":{"line":377,"column":4},"end":{"line":377,"column":47}}},"55":{"name":"(anonymous_55)","line":381,"loc":{"start":{"line":381,"column":16},"end":{"line":381,"column":32}}},"56":{"name":"(anonymous_56)","line":384,"loc":{"start":{"line":384,"column":16},"end":{"line":384,"column":33}}}},"statementMap":{"1":{"start":{"line":4,"column":0},"end":{"line":4,"column":35}},"2":{"start":{"line":5,"column":0},"end":{"line":5,"column":55}},"3":{"start":{"line":7,"column":0},"end":{"line":7,"column":38}},"4":{"start":{"line":10,"column":0},"end":{"line":10,"column":23}},"5":{"start":{"line":11,"column":0},"end":{"line":11,"column":32}},"6":{"start":{"line":12,"column":0},"end":{"line":12,"column":65}},"7":{"start":{"line":15,"column":0},"end":{"line":391,"column":2}},"8":{"start":{"line":17,"column":4},"end":{"line":17,"column":37}},"9":{"start":{"line":19,"column":4},"end":{"line":19,"column":35}},"10":{"start":{"line":20,"column":4},"end":{"line":20,"column":38}},"11":{"start":{"line":21,"column":4},"end":{"line":21,"column":40}},"12":{"start":{"line":22,"column":4},"end":{"line":22,"column":38}},"13":{"start":{"line":23,"column":4},"end":{"line":23,"column":36}},"14":{"start":{"line":24,"column":4},"end":{"line":24,"column":69}},"15":{"start":{"line":25,"column":4},"end":{"line":25,"column":47}},"16":{"start":{"line":26,"column":4},"end":{"line":26,"column":48}},"17":{"start":{"line":27,"column":4},"end":{"line":27,"column":45}},"18":{"start":{"line":28,"column":4},"end":{"line":28,"column":59}},"19":{"start":{"line":29,"column":4},"end":{"line":29,"column":69}},"20":{"start":{"line":30,"column":4},"end":{"line":30,"column":67}},"21":{"start":{"line":31,"column":4},"end":{"line":31,"column":73}},"22":{"start":{"line":32,"column":4},"end":{"line":32,"column":47}},"23":{"start":{"line":33,"column":4},"end":{"line":33,"column":74}},"24":{"start":{"line":36,"column":4},"end":{"line":36,"column":63}},"25":{"start":{"line":42,"column":4},"end":{"line":42,"column":42}},"26":{"start":{"line":43,"column":4},"end":{"line":43,"column":46}},"27":{"start":{"line":47,"column":4},"end":{"line":91,"column":5}},"28":{"start":{"line":48,"column":7},"end":{"line":48,"column":43}},"29":{"start":{"line":50,"column":8},"end":{"line":50,"column":37}},"30":{"start":{"line":51,"column":8},"end":{"line":51,"column":40}},"31":{"start":{"line":52,"column":8},"end":{"line":52,"column":48}},"32":{"start":{"line":53,"column":8},"end":{"line":53,"column":40}},"33":{"start":{"line":54,"column":8},"end":{"line":54,"column":44}},"34":{"start":{"line":55,"column":8},"end":{"line":55,"column":44}},"35":{"start":{"line":58,"column":8},"end":{"line":58,"column":40}},"36":{"start":{"line":59,"column":8},"end":{"line":59,"column":48}},"37":{"start":{"line":62,"column":8},"end":{"line":62,"column":42}},"38":{"start":{"line":64,"column":8},"end":{"line":64,"column":41}},"39":{"start":{"line":67,"column":8},"end":{"line":67,"column":33}},"40":{"start":{"line":70,"column":8},"end":{"line":74,"column":10}},"41":{"start":{"line":77,"column":8},"end":{"line":89,"column":9}},"42":{"start":{"line":78,"column":12},"end":{"line":88,"column":18}},"43":{"start":{"line":82,"column":24},"end":{"line":82,"column":38}},"44":{"start":{"line":86,"column":24},"end":{"line":86,"column":50}},"45":{"start":{"line":95,"column":4},"end":{"line":98,"column":5}},"46":{"start":{"line":96,"column":8},"end":{"line":96,"column":21}},"47":{"start":{"line":97,"column":8},"end":{"line":97,"column":28}},"48":{"start":{"line":101,"column":4},"end":{"line":113,"column":5}},"49":{"start":{"line":103,"column":8},"end":{"line":112,"column":14}},"50":{"start":{"line":107,"column":20},"end":{"line":107,"column":36}},"51":{"start":{"line":110,"column":20},"end":{"line":110,"column":40}},"52":{"start":{"line":116,"column":4},"end":{"line":155,"column":5}},"53":{"start":{"line":117,"column":8},"end":{"line":117,"column":28}},"54":{"start":{"line":118,"column":8},"end":{"line":118,"column":41}},"55":{"start":{"line":119,"column":8},"end":{"line":119,"column":41}},"56":{"start":{"line":120,"column":8},"end":{"line":154,"column":19}},"57":{"start":{"line":123,"column":20},"end":{"line":132,"column":21}},"58":{"start":{"line":124,"column":24},"end":{"line":124,"column":67}},"59":{"start":{"line":125,"column":24},"end":{"line":125,"column":31}},"60":{"start":{"line":128,"column":24},"end":{"line":128,"column":79}},"61":{"start":{"line":129,"column":24},"end":{"line":130,"column":50}},"62":{"start":{"line":135,"column":20},"end":{"line":135,"column":46}},"63":{"start":{"line":141,"column":20},"end":{"line":150,"column":21}},"64":{"start":{"line":143,"column":24},"end":{"line":149,"column":26}},"65":{"start":{"line":144,"column":28},"end":{"line":148,"column":29}},"66":{"start":{"line":145,"column":32},"end":{"line":145,"column":58}},"67":{"start":{"line":147,"column":32},"end":{"line":147,"column":47}},"68":{"start":{"line":153,"column":20},"end":{"line":153,"column":46}},"69":{"start":{"line":157,"column":4},"end":{"line":173,"column":5}},"70":{"start":{"line":158,"column":8},"end":{"line":172,"column":19}},"71":{"start":{"line":163,"column":20},"end":{"line":168,"column":21}},"72":{"start":{"line":164,"column":24},"end":{"line":164,"column":40}},"73":{"start":{"line":167,"column":24},"end":{"line":167,"column":54}},"74":{"start":{"line":171,"column":20},"end":{"line":171,"column":30}},"75":{"start":{"line":175,"column":4},"end":{"line":177,"column":5}},"76":{"start":{"line":176,"column":8},"end":{"line":176,"column":25}},"77":{"start":{"line":179,"column":4},"end":{"line":190,"column":5}},"78":{"start":{"line":180,"column":8},"end":{"line":189,"column":14}},"79":{"start":{"line":184,"column":20},"end":{"line":184,"column":37}},"80":{"start":{"line":187,"column":20},"end":{"line":187,"column":36}},"81":{"start":{"line":194,"column":4},"end":{"line":197,"column":5}},"82":{"start":{"line":195,"column":8},"end":{"line":195,"column":28}},"83":{"start":{"line":196,"column":8},"end":{"line":196,"column":23}},"84":{"start":{"line":200,"column":4},"end":{"line":206,"column":5}},"85":{"start":{"line":201,"column":8},"end":{"line":205,"column":9}},"86":{"start":{"line":202,"column":12},"end":{"line":202,"column":31}},"87":{"start":{"line":204,"column":12},"end":{"line":204,"column":26}},"88":{"start":{"line":208,"column":4},"end":{"line":221,"column":5}},"89":{"start":{"line":209,"column":8},"end":{"line":209,"column":35}},"90":{"start":{"line":210,"column":8},"end":{"line":210,"column":28}},"91":{"start":{"line":211,"column":8},"end":{"line":220,"column":14}},"92":{"start":{"line":215,"column":20},"end":{"line":215,"column":40}},"93":{"start":{"line":218,"column":20},"end":{"line":218,"column":40}},"94":{"start":{"line":223,"column":4},"end":{"line":236,"column":5}},"95":{"start":{"line":224,"column":8},"end":{"line":224,"column":35}},"96":{"start":{"line":225,"column":8},"end":{"line":225,"column":28}},"97":{"start":{"line":226,"column":8},"end":{"line":235,"column":14}},"98":{"start":{"line":230,"column":20},"end":{"line":230,"column":40}},"99":{"start":{"line":233,"column":20},"end":{"line":233,"column":40}},"100":{"start":{"line":238,"column":4},"end":{"line":253,"column":5}},"101":{"start":{"line":239,"column":8},"end":{"line":239,"column":35}},"102":{"start":{"line":240,"column":8},"end":{"line":240,"column":28}},"103":{"start":{"line":243,"column":8},"end":{"line":252,"column":14}},"104":{"start":{"line":247,"column":20},"end":{"line":247,"column":40}},"105":{"start":{"line":250,"column":20},"end":{"line":250,"column":40}},"106":{"start":{"line":256,"column":4},"end":{"line":288,"column":5}},"107":{"start":{"line":258,"column":8},"end":{"line":258,"column":41}},"108":{"start":{"line":260,"column":8},"end":{"line":286,"column":14}},"109":{"start":{"line":264,"column":20},"end":{"line":271,"column":21}},"110":{"start":{"line":265,"column":24},"end":{"line":265,"column":60}},"111":{"start":{"line":266,"column":24},"end":{"line":266,"column":31}},"112":{"start":{"line":268,"column":24},"end":{"line":268,"column":79}},"113":{"start":{"line":269,"column":24},"end":{"line":270,"column":49}},"114":{"start":{"line":274,"column":20},"end":{"line":274,"column":50}},"115":{"start":{"line":279,"column":20},"end":{"line":281,"column":21}},"116":{"start":{"line":280,"column":24},"end":{"line":280,"column":44}},"117":{"start":{"line":284,"column":20},"end":{"line":284,"column":50}},"118":{"start":{"line":291,"column":4},"end":{"line":303,"column":5}},"119":{"start":{"line":292,"column":8},"end":{"line":292,"column":39}},"120":{"start":{"line":293,"column":8},"end":{"line":293,"column":34}},"121":{"start":{"line":294,"column":8},"end":{"line":302,"column":15}},"122":{"start":{"line":298,"column":16},"end":{"line":298,"column":36}},"123":{"start":{"line":301,"column":16},"end":{"line":301,"column":48}},"124":{"start":{"line":306,"column":4},"end":{"line":317,"column":5}},"125":{"start":{"line":307,"column":8},"end":{"line":307,"column":39}},"126":{"start":{"line":308,"column":8},"end":{"line":308,"column":34}},"127":{"start":{"line":309,"column":8},"end":{"line":316,"column":19}},"128":{"start":{"line":312,"column":20},"end":{"line":312,"column":40}},"129":{"start":{"line":315,"column":20},"end":{"line":315,"column":52}},"130":{"start":{"line":321,"column":4},"end":{"line":336,"column":5}},"131":{"start":{"line":322,"column":8},"end":{"line":322,"column":39}},"132":{"start":{"line":324,"column":8},"end":{"line":333,"column":19}},"133":{"start":{"line":329,"column":20},"end":{"line":329,"column":40}},"134":{"start":{"line":332,"column":20},"end":{"line":332,"column":52}},"135":{"start":{"line":339,"column":4},"end":{"line":351,"column":5}},"136":{"start":{"line":340,"column":8},"end":{"line":340,"column":35}},"137":{"start":{"line":342,"column":8},"end":{"line":349,"column":19}},"138":{"start":{"line":345,"column":20},"end":{"line":345,"column":35}},"139":{"start":{"line":348,"column":20},"end":{"line":348,"column":52}},"140":{"start":{"line":353,"column":4},"end":{"line":363,"column":5}},"141":{"start":{"line":354,"column":8},"end":{"line":354,"column":42}},"142":{"start":{"line":355,"column":8},"end":{"line":355,"column":42}},"143":{"start":{"line":356,"column":8},"end":{"line":362,"column":9}},"144":{"start":{"line":357,"column":12},"end":{"line":357,"column":64}},"145":{"start":{"line":358,"column":15},"end":{"line":362,"column":9}},"146":{"start":{"line":359,"column":12},"end":{"line":359,"column":46}},"147":{"start":{"line":361,"column":12},"end":{"line":361,"column":27}},"148":{"start":{"line":365,"column":4},"end":{"line":375,"column":5}},"149":{"start":{"line":366,"column":8},"end":{"line":374,"column":19}},"150":{"start":{"line":369,"column":20},"end":{"line":369,"column":50}},"151":{"start":{"line":370,"column":20},"end":{"line":370,"column":35}},"152":{"start":{"line":373,"column":20},"end":{"line":373,"column":50}},"153":{"start":{"line":377,"column":4},"end":{"line":388,"column":5}},"154":{"start":{"line":378,"column":8},"end":{"line":387,"column":14}},"155":{"start":{"line":382,"column":20},"end":{"line":382,"column":35}},"156":{"start":{"line":385,"column":20},"end":{"line":385,"column":52}}},"branchMap":{"1":{"line":77,"type":"if","locations":[{"start":{"line":77,"column":8},"end":{"line":77,"column":8}},{"start":{"line":77,"column":8},"end":{"line":77,"column":8}}]},"2":{"line":123,"type":"if","locations":[{"start":{"line":123,"column":20},"end":{"line":123,"column":20}},{"start":{"line":123,"column":20},"end":{"line":123,"column":20}}]},"3":{"line":141,"type":"if","locations":[{"start":{"line":141,"column":20},"end":{"line":141,"column":20}},{"start":{"line":141,"column":20},"end":{"line":141,"column":20}}]},"4":{"line":144,"type":"if","locations":[{"start":{"line":144,"column":28},"end":{"line":144,"column":28}},{"start":{"line":144,"column":28},"end":{"line":144,"column":28}}]},"5":{"line":163,"type":"if","locations":[{"start":{"line":163,"column":20},"end":{"line":163,"column":20}},{"start":{"line":163,"column":20},"end":{"line":163,"column":20}}]},"6":{"line":163,"type":"binary-expr","locations":[{"start":{"line":163,"column":23},"end":{"line":163,"column":27}},{"start":{"line":163,"column":31},"end":{"line":163,"column":74}}]},"7":{"line":201,"type":"if","locations":[{"start":{"line":201,"column":8},"end":{"line":201,"column":8}},{"start":{"line":201,"column":8},"end":{"line":201,"column":8}}]},"8":{"line":264,"type":"if","locations":[{"start":{"line":264,"column":20},"end":{"line":264,"column":20}},{"start":{"line":264,"column":20},"end":{"line":264,"column":20}}]},"9":{"line":279,"type":"if","locations":[{"start":{"line":279,"column":20},"end":{"line":279,"column":20}},{"start":{"line":279,"column":20},"end":{"line":279,"column":20}}]},"10":{"line":356,"type":"if","locations":[{"start":{"line":356,"column":8},"end":{"line":356,"column":8}},{"start":{"line":356,"column":8},"end":{"line":356,"column":8}}]},"11":{"line":356,"type":"binary-expr","locations":[{"start":{"line":356,"column":11},"end":{"line":356,"column":19}},{"start":{"line":356,"column":23},"end":{"line":356,"column":31}}]},"12":{"line":358,"type":"if","locations":[{"start":{"line":358,"column":15},"end":{"line":358,"column":15}},{"start":{"line":358,"column":15},"end":{"line":358,"column":15}}]}}},"/Users/anvitasurapaneni/Desktop/msd/taportal/project/services/coursesandsemesters.service.server.js":{"path":"/Users/anvitasurapaneni/Desktop/msd/taportal/project/services/coursesandsemesters.service.server.js","s":{"1":1,"2":1,"3":1,"4":1,"5":1,"6":1,"7":1,"8":1,"9":1,"10":1,"11":1,"12":1,"13":1,"14":1,"15":1,"16":1,"17":1,"18":0,"19":1,"20":2,"21":2,"22":2,"23":1,"24":0,"25":1,"26":2,"27":2,"28":1,"29":1,"30":1,"31":6,"32":6,"33":0,"34":1,"35":3,"36":3,"37":3,"38":2,"39":2,"40":1,"41":0,"42":3,"43":1,"44":0,"45":1,"46":2,"47":2,"48":1,"49":1,"50":1,"51":2,"52":2,"53":2,"54":2,"55":0,"56":1,"57":1,"58":1,"59":1,"60":0,"61":1,"62":5,"63":5,"64":0,"65":1,"66":3,"67":3,"68":3,"69":3,"70":2,"71":2,"72":1,"73":0,"74":3,"75":1,"76":0},"b":{"1":[2,1],"2":[1,2],"3":[2,1],"4":[1,2]},"f":{"1":1,"2":1,"3":1,"4":0,"5":2,"6":1,"7":0,"8":2,"9":1,"10":1,"11":6,"12":6,"13":0,"14":3,"15":3,"16":0,"17":3,"18":0,"19":2,"20":1,"21":1,"22":2,"23":2,"24":0,"25":1,"26":1,"27":0,"28":5,"29":5,"30":0,"31":3,"32":3,"33":0,"34":3,"35":0},"fnMap":{"1":{"name":"(anonymous_1)","line":4,"loc":{"start":{"line":4,"column":16},"end":{"line":4,"column":37}}},"2":{"name":"findCourseById","line":22,"loc":{"start":{"line":22,"column":4},"end":{"line":22,"column":38}}},"3":{"name":"(anonymous_3)","line":27,"loc":{"start":{"line":27,"column":18},"end":{"line":27,"column":36}}},"4":{"name":"(anonymous_4)","line":29,"loc":{"start":{"line":29,"column":15},"end":{"line":29,"column":32}}},"5":{"name":"updateCourse","line":35,"loc":{"start":{"line":35,"column":4},"end":{"line":35,"column":36}}},"6":{"name":"(anonymous_6)","line":43,"loc":{"start":{"line":43,"column":16},"end":{"line":43,"column":33}}},"7":{"name":"(anonymous_7)","line":46,"loc":{"start":{"line":46,"column":16},"end":{"line":46,"column":33}}},"8":{"name":"deleteCourse","line":53,"loc":{"start":{"line":53,"column":4},"end":{"line":53,"column":35}}},"9":{"name":"(anonymous_9)","line":60,"loc":{"start":{"line":60,"column":18},"end":{"line":60,"column":35}}},"10":{"name":"(anonymous_10)","line":63,"loc":{"start":{"line":63,"column":16},"end":{"line":63,"column":33}}},"11":{"name":"findallcourses","line":69,"loc":{"start":{"line":69,"column":4},"end":{"line":69,"column":37}}},"12":{"name":"(anonymous_12)","line":73,"loc":{"start":{"line":73,"column":16},"end":{"line":73,"column":35}}},"13":{"name":"(anonymous_13)","line":76,"loc":{"start":{"line":76,"column":16},"end":{"line":76,"column":33}}},"14":{"name":"createCourse","line":84,"loc":{"start":{"line":84,"column":4},"end":{"line":84,"column":36}}},"15":{"name":"(anonymous_15)","line":89,"loc":{"start":{"line":89,"column":16},"end":{"line":89,"column":34}}},"16":{"name":"(anonymous_16)","line":97,"loc":{"start":{"line":97,"column":19},"end":{"line":97,"column":34}}},"17":{"name":"(anonymous_17)","line":102,"loc":{"start":{"line":102,"column":12},"end":{"line":102,"column":30}}},"18":{"name":"(anonymous_18)","line":107,"loc":{"start":{"line":107,"column":12},"end":{"line":107,"column":27}}},"19":{"name":"findSemesterById","line":132,"loc":{"start":{"line":132,"column":4},"end":{"line":132,"column":40}}},"20":{"name":"(anonymous_20)","line":137,"loc":{"start":{"line":137,"column":18},"end":{"line":137,"column":38}}},"21":{"name":"(anonymous_21)","line":139,"loc":{"start":{"line":139,"column":15},"end":{"line":139,"column":32}}},"22":{"name":"updateSemester","line":144,"loc":{"start":{"line":144,"column":4},"end":{"line":144,"column":38}}},"23":{"name":"(anonymous_23)","line":152,"loc":{"start":{"line":152,"column":16},"end":{"line":152,"column":33}}},"24":{"name":"(anonymous_24)","line":155,"loc":{"start":{"line":155,"column":16},"end":{"line":155,"column":33}}},"25":{"name":"deleteSemester","line":162,"loc":{"start":{"line":162,"column":4},"end":{"line":162,"column":37}}},"26":{"name":"(anonymous_26)","line":169,"loc":{"start":{"line":169,"column":18},"end":{"line":169,"column":35}}},"27":{"name":"(anonymous_27)","line":172,"loc":{"start":{"line":172,"column":16},"end":{"line":172,"column":33}}},"28":{"name":"findallsemesters","line":178,"loc":{"start":{"line":178,"column":4},"end":{"line":178,"column":39}}},"29":{"name":"(anonymous_29)","line":182,"loc":{"start":{"line":182,"column":16},"end":{"line":182,"column":37}}},"30":{"name":"(anonymous_30)","line":185,"loc":{"start":{"line":185,"column":16},"end":{"line":185,"column":33}}},"31":{"name":"createSemester","line":193,"loc":{"start":{"line":193,"column":4},"end":{"line":193,"column":38}}},"32":{"name":"(anonymous_32)","line":200,"loc":{"start":{"line":200,"column":16},"end":{"line":200,"column":36}}},"33":{"name":"(anonymous_33)","line":208,"loc":{"start":{"line":208,"column":19},"end":{"line":208,"column":34}}},"34":{"name":"(anonymous_34)","line":213,"loc":{"start":{"line":213,"column":16},"end":{"line":213,"column":36}}},"35":{"name":"(anonymous_35)","line":218,"loc":{"start":{"line":218,"column":16},"end":{"line":218,"column":31}}}},"statementMap":{"1":{"start":{"line":4,"column":0},"end":{"line":242,"column":2}},"2":{"start":{"line":6,"column":4},"end":{"line":6,"column":41}},"3":{"start":{"line":7,"column":4},"end":{"line":7,"column":45}},"4":{"start":{"line":9,"column":4},"end":{"line":9,"column":42}},"5":{"start":{"line":10,"column":4},"end":{"line":10,"column":53}},"6":{"start":{"line":11,"column":4},"end":{"line":11,"column":54}},"7":{"start":{"line":12,"column":4},"end":{"line":12,"column":51}},"8":{"start":{"line":13,"column":4},"end":{"line":13,"column":51}},"9":{"start":{"line":16,"column":4},"end":{"line":16,"column":46}},"10":{"start":{"line":17,"column":4},"end":{"line":17,"column":59}},"11":{"start":{"line":18,"column":4},"end":{"line":18,"column":60}},"12":{"start":{"line":19,"column":4},"end":{"line":19,"column":57}},"13":{"start":{"line":20,"column":4},"end":{"line":20,"column":55}},"14":{"start":{"line":22,"column":4},"end":{"line":32,"column":5}},"15":{"start":{"line":23,"column":8},"end":{"line":23,"column":37}},"16":{"start":{"line":25,"column":8},"end":{"line":31,"column":15}},"17":{"start":{"line":28,"column":16},"end":{"line":28,"column":33}},"18":{"start":{"line":30,"column":16},"end":{"line":30,"column":48}},"19":{"start":{"line":35,"column":4},"end":{"line":50,"column":5}},"20":{"start":{"line":36,"column":8},"end":{"line":36,"column":37}},"21":{"start":{"line":37,"column":8},"end":{"line":37,"column":30}},"22":{"start":{"line":40,"column":8},"end":{"line":49,"column":14}},"23":{"start":{"line":44,"column":20},"end":{"line":44,"column":40}},"24":{"start":{"line":47,"column":20},"end":{"line":47,"column":40}},"25":{"start":{"line":53,"column":4},"end":{"line":66,"column":5}},"26":{"start":{"line":55,"column":8},"end":{"line":55,"column":43}},"27":{"start":{"line":57,"column":8},"end":{"line":65,"column":19}},"28":{"start":{"line":61,"column":16},"end":{"line":61,"column":36}},"29":{"start":{"line":64,"column":20},"end":{"line":64,"column":52}},"30":{"start":{"line":69,"column":4},"end":{"line":80,"column":5}},"31":{"start":{"line":70,"column":7},"end":{"line":79,"column":14}},"32":{"start":{"line":74,"column":20},"end":{"line":74,"column":38}},"33":{"start":{"line":77,"column":20},"end":{"line":77,"column":40}},"34":{"start":{"line":84,"column":4},"end":{"line":111,"column":5}},"35":{"start":{"line":85,"column":8},"end":{"line":85,"column":30}},"36":{"start":{"line":86,"column":8},"end":{"line":110,"column":10}},"37":{"start":{"line":90,"column":20},"end":{"line":96,"column":21}},"38":{"start":{"line":91,"column":24},"end":{"line":91,"column":58}},"39":{"start":{"line":92,"column":24},"end":{"line":92,"column":31}},"40":{"start":{"line":94,"column":24},"end":{"line":95,"column":51}},"41":{"start":{"line":98,"column":20},"end":{"line":98,"column":50}},"42":{"start":{"line":103,"column":16},"end":{"line":105,"column":17}},"43":{"start":{"line":104,"column":20},"end":{"line":104,"column":40}},"44":{"start":{"line":108,"column":16},"end":{"line":108,"column":46}},"45":{"start":{"line":132,"column":4},"end":{"line":142,"column":5}},"46":{"start":{"line":133,"column":8},"end":{"line":133,"column":39}},"47":{"start":{"line":135,"column":8},"end":{"line":141,"column":15}},"48":{"start":{"line":138,"column":16},"end":{"line":138,"column":35}},"49":{"start":{"line":140,"column":16},"end":{"line":140,"column":48}},"50":{"start":{"line":144,"column":4},"end":{"line":159,"column":5}},"51":{"start":{"line":145,"column":8},"end":{"line":145,"column":39}},"52":{"start":{"line":146,"column":8},"end":{"line":146,"column":32}},"53":{"start":{"line":149,"column":8},"end":{"line":158,"column":14}},"54":{"start":{"line":153,"column":20},"end":{"line":153,"column":40}},"55":{"start":{"line":156,"column":20},"end":{"line":156,"column":40}},"56":{"start":{"line":162,"column":4},"end":{"line":175,"column":5}},"57":{"start":{"line":164,"column":8},"end":{"line":164,"column":47}},"58":{"start":{"line":166,"column":8},"end":{"line":174,"column":19}},"59":{"start":{"line":170,"column":20},"end":{"line":170,"column":40}},"60":{"start":{"line":173,"column":20},"end":{"line":173,"column":52}},"61":{"start":{"line":178,"column":4},"end":{"line":189,"column":5}},"62":{"start":{"line":179,"column":8},"end":{"line":188,"column":14}},"63":{"start":{"line":183,"column":20},"end":{"line":183,"column":40}},"64":{"start":{"line":186,"column":20},"end":{"line":186,"column":40}},"65":{"start":{"line":193,"column":4},"end":{"line":222,"column":5}},"66":{"start":{"line":195,"column":8},"end":{"line":195,"column":32}},"67":{"start":{"line":196,"column":8},"end":{"line":196,"column":30}},"68":{"start":{"line":197,"column":8},"end":{"line":221,"column":14}},"69":{"start":{"line":201,"column":20},"end":{"line":207,"column":21}},"70":{"start":{"line":202,"column":24},"end":{"line":202,"column":60}},"71":{"start":{"line":203,"column":24},"end":{"line":203,"column":31}},"72":{"start":{"line":205,"column":24},"end":{"line":206,"column":53}},"73":{"start":{"line":209,"column":20},"end":{"line":209,"column":50}},"74":{"start":{"line":214,"column":20},"end":{"line":216,"column":21}},"75":{"start":{"line":215,"column":24},"end":{"line":215,"column":44}},"76":{"start":{"line":219,"column":20},"end":{"line":219,"column":50}}},"branchMap":{"1":{"line":90,"type":"if","locations":[{"start":{"line":90,"column":20},"end":{"line":90,"column":20}},{"start":{"line":90,"column":20},"end":{"line":90,"column":20}}]},"2":{"line":103,"type":"if","locations":[{"start":{"line":103,"column":16},"end":{"line":103,"column":16}},{"start":{"line":103,"column":16},"end":{"line":103,"column":16}}]},"3":{"line":201,"type":"if","locations":[{"start":{"line":201,"column":20},"end":{"line":201,"column":20}},{"start":{"line":201,"column":20},"end":{"line":201,"column":20}}]},"4":{"line":214,"type":"if","locations":[{"start":{"line":214,"column":20},"end":{"line":214,"column":20}},{"start":{"line":214,"column":20},"end":{"line":214,"column":20}}]}}},"/Users/anvitasurapaneni/Desktop/msd/taportal/project/services/position.service.server.js":{"path":"/Users/anvitasurapaneni/Desktop/msd/taportal/project/services/position.service.server.js","s":{"1":1,"2":1,"3":1,"4":1,"5":1,"6":1,"7":1,"8":1,"9":1,"10":1,"11":1,"12":1,"13":0,"14":1,"15":1,"16":1,"17":1,"18":1,"19":0,"20":1,"21":0,"22":0,"23":0,"24":0,"25":0,"26":0,"27":1,"28":1,"29":0,"30":0,"31":1,"32":4,"33":4,"34":0,"35":1,"36":1,"37":1,"38":1,"39":0},"b":{},"f":{"1":1,"2":1,"3":1,"4":0,"5":1,"6":1,"7":0,"8":0,"9":0,"10":0,"11":1,"12":0,"13":0,"14":4,"15":4,"16":0,"17":1,"18":1,"19":0},"fnMap":{"1":{"name":"(anonymous_1)","line":5,"loc":{"start":{"line":5,"column":16},"end":{"line":5,"column":37}}},"2":{"name":"findPositionById","line":20,"loc":{"start":{"line":20,"column":4},"end":{"line":20,"column":40}}},"3":{"name":"(anonymous_3)","line":24,"loc":{"start":{"line":24,"column":18},"end":{"line":24,"column":38}}},"4":{"name":"(anonymous_4)","line":26,"loc":{"start":{"line":26,"column":15},"end":{"line":26,"column":32}}},"5":{"name":"updatePosition","line":32,"loc":{"start":{"line":32,"column":4},"end":{"line":32,"column":38}}},"6":{"name":"(anonymous_6)","line":38,"loc":{"start":{"line":38,"column":16},"end":{"line":38,"column":33}}},"7":{"name":"(anonymous_7)","line":41,"loc":{"start":{"line":41,"column":16},"end":{"line":41,"column":33}}},"8":{"name":"updateDeadline","line":48,"loc":{"start":{"line":48,"column":4},"end":{"line":48,"column":38}}},"9":{"name":"(anonymous_9)","line":57,"loc":{"start":{"line":57,"column":16},"end":{"line":57,"column":33}}},"10":{"name":"(anonymous_10)","line":60,"loc":{"start":{"line":60,"column":16},"end":{"line":60,"column":33}}},"11":{"name":"deletePosition","line":66,"loc":{"start":{"line":66,"column":4},"end":{"line":66,"column":37}}},"12":{"name":"(anonymous_12)","line":71,"loc":{"start":{"line":71,"column":18},"end":{"line":71,"column":35}}},"13":{"name":"(anonymous_13)","line":74,"loc":{"start":{"line":74,"column":16},"end":{"line":74,"column":33}}},"14":{"name":"findallpositions","line":80,"loc":{"start":{"line":80,"column":4},"end":{"line":80,"column":39}}},"15":{"name":"(anonymous_15)","line":84,"loc":{"start":{"line":84,"column":16},"end":{"line":84,"column":37}}},"16":{"name":"(anonymous_16)","line":87,"loc":{"start":{"line":87,"column":16},"end":{"line":87,"column":33}}},"17":{"name":"createPosition","line":93,"loc":{"start":{"line":93,"column":4},"end":{"line":93,"column":38}}},"18":{"name":"(anonymous_18)","line":98,"loc":{"start":{"line":98,"column":16},"end":{"line":98,"column":33}}},"19":{"name":"(anonymous_19)","line":101,"loc":{"start":{"line":101,"column":19},"end":{"line":101,"column":34}}}},"statementMap":{"1":{"start":{"line":5,"column":0},"end":{"line":111,"column":2}},"2":{"start":{"line":7,"column":4},"end":{"line":7,"column":45}},"3":{"start":{"line":11,"column":4},"end":{"line":11,"column":46}},"4":{"start":{"line":12,"column":4},"end":{"line":12,"column":59}},"5":{"start":{"line":13,"column":4},"end":{"line":13,"column":60}},"6":{"start":{"line":14,"column":4},"end":{"line":14,"column":57}},"7":{"start":{"line":15,"column":4},"end":{"line":15,"column":58}},"8":{"start":{"line":16,"column":4},"end":{"line":16,"column":55}},"9":{"start":{"line":20,"column":4},"end":{"line":29,"column":5}},"10":{"start":{"line":21,"column":8},"end":{"line":21,"column":39}},"11":{"start":{"line":22,"column":8},"end":{"line":28,"column":15}},"12":{"start":{"line":25,"column":16},"end":{"line":25,"column":35}},"13":{"start":{"line":27,"column":16},"end":{"line":27,"column":48}},"14":{"start":{"line":32,"column":4},"end":{"line":45,"column":5}},"15":{"start":{"line":33,"column":8},"end":{"line":33,"column":39}},"16":{"start":{"line":34,"column":8},"end":{"line":34,"column":32}},"17":{"start":{"line":35,"column":8},"end":{"line":44,"column":14}},"18":{"start":{"line":39,"column":20},"end":{"line":39,"column":40}},"19":{"start":{"line":42,"column":20},"end":{"line":42,"column":40}},"20":{"start":{"line":48,"column":4},"end":{"line":64,"column":5}},"21":{"start":{"line":49,"column":8},"end":{"line":49,"column":32}},"22":{"start":{"line":51,"column":8},"end":{"line":51,"column":41}},"23":{"start":{"line":52,"column":8},"end":{"line":52,"column":41}},"24":{"start":{"line":54,"column":8},"end":{"line":63,"column":14}},"25":{"start":{"line":58,"column":20},"end":{"line":58,"column":40}},"26":{"start":{"line":61,"column":20},"end":{"line":61,"column":40}},"27":{"start":{"line":66,"column":4},"end":{"line":77,"column":5}},"28":{"start":{"line":69,"column":8},"end":{"line":76,"column":19}},"29":{"start":{"line":72,"column":20},"end":{"line":72,"column":34}},"30":{"start":{"line":75,"column":20},"end":{"line":75,"column":52}},"31":{"start":{"line":80,"column":4},"end":{"line":91,"column":5}},"32":{"start":{"line":81,"column":8},"end":{"line":90,"column":14}},"33":{"start":{"line":85,"column":20},"end":{"line":85,"column":40}},"34":{"start":{"line":88,"column":20},"end":{"line":88,"column":40}},"35":{"start":{"line":93,"column":4},"end":{"line":105,"column":5}},"36":{"start":{"line":94,"column":8},"end":{"line":94,"column":32}},"37":{"start":{"line":95,"column":8},"end":{"line":104,"column":14}},"38":{"start":{"line":99,"column":20},"end":{"line":99,"column":40}},"39":{"start":{"line":102,"column":20},"end":{"line":102,"column":50}}},"branchMap":{}},"/Users/anvitasurapaneni/Desktop/msd/taportal/testspec/testForCoursesAndSem.js":{"path":"/Users/anvitasurapaneni/Desktop/msd/taportal/testspec/testForCoursesAndSem.js","s":{"1":1,"2":1,"3":1,"4":1,"5":1,"6":1,"7":1,"8":1,"9":1,"10":1,"11":1,"12":1,"13":1,"14":1,"15":1,"16":1,"17":1,"18":1,"19":1,"20":1,"21":1,"22":1,"23":1,"24":1,"25":1,"26":1,"27":1,"28":1,"29":1,"30":1,"31":1,"32":1,"33":1,"34":1,"35":1,"36":1,"37":1,"38":1,"39":1,"40":1,"41":1,"42":1,"43":1,"44":1,"45":1,"46":1,"47":1,"48":1,"49":1,"50":1,"51":1,"52":1,"53":1,"54":1,"55":1,"56":1,"57":0,"58":1,"59":1,"60":1,"61":1,"62":1,"63":1,"64":1,"65":1,"66":1,"67":1,"68":1,"69":1,"70":1,"71":1,"72":1,"73":1,"74":1,"75":1,"76":1,"77":1,"78":1,"79":1,"80":1,"81":1,"82":1,"83":1,"84":1,"85":1,"86":1,"87":1,"88":1,"89":1,"90":1,"91":1,"92":0,"93":0,"94":1,"95":1,"96":1,"97":1,"98":1,"99":1,"100":1,"101":1,"102":1,"103":1,"104":1},"b":{},"f":{"1":1,"2":1,"3":1,"4":1,"5":1,"6":1,"7":1,"8":1,"9":1,"10":1,"11":1,"12":1,"13":1,"14":1,"15":1,"16":1,"17":1,"18":1,"19":1,"20":1,"21":1,"22":1,"23":1,"24":1,"25":1,"26":0,"27":1,"28":1,"29":1,"30":1,"31":1,"32":1,"33":1,"34":1,"35":1,"36":1,"37":1,"38":1,"39":1,"40":1,"41":1,"42":1,"43":1,"44":1,"45":0,"46":1,"47":1,"48":1,"49":1,"50":1,"51":1},"fnMap":{"1":{"name":"(anonymous_1)","line":24,"loc":{"start":{"line":24,"column":30},"end":{"line":24,"column":41}}},"2":{"name":"(anonymous_2)","line":26,"loc":{"start":{"line":26,"column":34},"end":{"line":26,"column":50}}},"3":{"name":"(anonymous_3)","line":29,"loc":{"start":{"line":29,"column":17},"end":{"line":29,"column":37}}},"4":{"name":"(anonymous_4)","line":36,"loc":{"start":{"line":36,"column":40},"end":{"line":36,"column":56}}},"5":{"name":"(anonymous_5)","line":39,"loc":{"start":{"line":39,"column":17},"end":{"line":39,"column":37}}},"6":{"name":"(anonymous_6)","line":46,"loc":{"start":{"line":46,"column":31},"end":{"line":46,"column":47}}},"7":{"name":"(anonymous_7)","line":50,"loc":{"start":{"line":50,"column":17},"end":{"line":50,"column":37}}},"8":{"name":"(anonymous_8)","line":56,"loc":{"start":{"line":56,"column":31},"end":{"line":56,"column":47}}},"9":{"name":"(anonymous_9)","line":60,"loc":{"start":{"line":60,"column":17},"end":{"line":60,"column":37}}},"10":{"name":"(anonymous_10)","line":78,"loc":{"start":{"line":78,"column":49},"end":{"line":78,"column":65}}},"11":{"name":"(anonymous_11)","line":82,"loc":{"start":{"line":82,"column":17},"end":{"line":82,"column":37}}},"12":{"name":"(anonymous_12)","line":89,"loc":{"start":{"line":89,"column":33},"end":{"line":89,"column":49}}},"13":{"name":"(anonymous_13)","line":92,"loc":{"start":{"line":92,"column":17},"end":{"line":92,"column":35}}},"14":{"name":"(anonymous_14)","line":96,"loc":{"start":{"line":96,"column":25},"end":{"line":96,"column":52}}},"15":{"name":"(anonymous_15)","line":105,"loc":{"start":{"line":105,"column":47},"end":{"line":105,"column":63}}},"16":{"name":"(anonymous_16)","line":108,"loc":{"start":{"line":108,"column":17},"end":{"line":108,"column":35}}},"17":{"name":"(anonymous_17)","line":112,"loc":{"start":{"line":112,"column":25},"end":{"line":112,"column":52}}},"18":{"name":"(anonymous_18)","line":121,"loc":{"start":{"line":121,"column":41},"end":{"line":121,"column":57}}},"19":{"name":"(anonymous_19)","line":124,"loc":{"start":{"line":124,"column":17},"end":{"line":124,"column":37}}},"20":{"name":"(anonymous_20)","line":127,"loc":{"start":{"line":127,"column":25},"end":{"line":127,"column":52}}},"21":{"name":"(anonymous_21)","line":161,"loc":{"start":{"line":161,"column":33},"end":{"line":161,"column":49}}},"22":{"name":"(anonymous_22)","line":164,"loc":{"start":{"line":164,"column":17},"end":{"line":164,"column":35}}},"23":{"name":"(anonymous_23)","line":167,"loc":{"start":{"line":167,"column":25},"end":{"line":167,"column":52}}},"24":{"name":"(anonymous_24)","line":175,"loc":{"start":{"line":175,"column":47},"end":{"line":175,"column":63}}},"25":{"name":"(anonymous_25)","line":178,"loc":{"start":{"line":178,"column":17},"end":{"line":178,"column":35}}},"26":{"name":"(anonymous_26)","line":181,"loc":{"start":{"line":181,"column":25},"end":{"line":181,"column":52}}},"27":{"name":"(anonymous_27)","line":192,"loc":{"start":{"line":192,"column":32},"end":{"line":192,"column":43}}},"28":{"name":"(anonymous_28)","line":194,"loc":{"start":{"line":194,"column":36},"end":{"line":194,"column":52}}},"29":{"name":"(anonymous_29)","line":197,"loc":{"start":{"line":197,"column":17},"end":{"line":197,"column":37}}},"30":{"name":"(anonymous_30)","line":204,"loc":{"start":{"line":204,"column":42},"end":{"line":204,"column":58}}},"31":{"name":"(anonymous_31)","line":207,"loc":{"start":{"line":207,"column":17},"end":{"line":207,"column":37}}},"32":{"name":"(anonymous_32)","line":214,"loc":{"start":{"line":214,"column":33},"end":{"line":214,"column":49}}},"33":{"name":"(anonymous_33)","line":218,"loc":{"start":{"line":218,"column":17},"end":{"line":218,"column":37}}},"34":{"name":"(anonymous_34)","line":224,"loc":{"start":{"line":224,"column":47},"end":{"line":224,"column":63}}},"35":{"name":"(anonymous_35)","line":227,"loc":{"start":{"line":227,"column":17},"end":{"line":227,"column":37}}},"36":{"name":"(anonymous_36)","line":234,"loc":{"start":{"line":234,"column":51},"end":{"line":234,"column":67}}},"37":{"name":"(anonymous_37)","line":238,"loc":{"start":{"line":238,"column":17},"end":{"line":238,"column":37}}},"38":{"name":"(anonymous_38)","line":245,"loc":{"start":{"line":245,"column":35},"end":{"line":245,"column":51}}},"39":{"name":"(anonymous_39)","line":248,"loc":{"start":{"line":248,"column":17},"end":{"line":248,"column":35}}},"40":{"name":"(anonymous_40)","line":252,"loc":{"start":{"line":252,"column":25},"end":{"line":252,"column":52}}},"41":{"name":"(anonymous_41)","line":262,"loc":{"start":{"line":262,"column":49},"end":{"line":262,"column":65}}},"42":{"name":"(anonymous_42)","line":265,"loc":{"start":{"line":265,"column":17},"end":{"line":265,"column":35}}},"43":{"name":"(anonymous_43)","line":269,"loc":{"start":{"line":269,"column":25},"end":{"line":269,"column":52}}},"44":{"name":"(anonymous_44)","line":280,"loc":{"start":{"line":280,"column":61},"end":{"line":280,"column":77}}},"45":{"name":"(anonymous_45)","line":283,"loc":{"start":{"line":283,"column":17},"end":{"line":283,"column":44}}},"46":{"name":"(anonymous_46)","line":293,"loc":{"start":{"line":293,"column":45},"end":{"line":293,"column":61}}},"47":{"name":"(anonymous_47)","line":296,"loc":{"start":{"line":296,"column":17},"end":{"line":296,"column":37}}},"48":{"name":"(anonymous_48)","line":299,"loc":{"start":{"line":299,"column":25},"end":{"line":299,"column":52}}},"49":{"name":"(anonymous_49)","line":307,"loc":{"start":{"line":307,"column":35},"end":{"line":307,"column":51}}},"50":{"name":"(anonymous_50)","line":310,"loc":{"start":{"line":310,"column":17},"end":{"line":310,"column":35}}},"51":{"name":"(anonymous_51)","line":313,"loc":{"start":{"line":313,"column":25},"end":{"line":313,"column":52}}}},"statementMap":{"1":{"start":{"line":5,"column":0},"end":{"line":5,"column":27}},"2":{"start":{"line":6,"column":0},"end":{"line":6,"column":36}},"3":{"start":{"line":7,"column":0},"end":{"line":7,"column":34}},"4":{"start":{"line":9,"column":0},"end":{"line":9,"column":27}},"5":{"start":{"line":11,"column":0},"end":{"line":11,"column":36}},"6":{"start":{"line":13,"column":0},"end":{"line":13,"column":67}},"7":{"start":{"line":14,"column":0},"end":{"line":14,"column":71}},"8":{"start":{"line":16,"column":0},"end":{"line":16,"column":33}},"9":{"start":{"line":18,"column":0},"end":{"line":18,"column":20}},"10":{"start":{"line":19,"column":0},"end":{"line":19,"column":18}},"11":{"start":{"line":20,"column":0},"end":{"line":20,"column":19}},"12":{"start":{"line":22,"column":0},"end":{"line":22,"column":13}},"13":{"start":{"line":24,"column":0},"end":{"line":158,"column":7}},"14":{"start":{"line":26,"column":4},"end":{"line":33,"column":7}},"15":{"start":{"line":27,"column":8},"end":{"line":32,"column":14}},"16":{"start":{"line":30,"column":16},"end":{"line":30,"column":44}},"17":{"start":{"line":31,"column":16},"end":{"line":31,"column":23}},"18":{"start":{"line":36,"column":4},"end":{"line":43,"column":7}},"19":{"start":{"line":37,"column":8},"end":{"line":42,"column":14}},"20":{"start":{"line":40,"column":16},"end":{"line":40,"column":44}},"21":{"start":{"line":41,"column":16},"end":{"line":41,"column":23}},"22":{"start":{"line":46,"column":4},"end":{"line":54,"column":7}},"23":{"start":{"line":47,"column":8},"end":{"line":53,"column":15}},"24":{"start":{"line":51,"column":16},"end":{"line":51,"column":44}},"25":{"start":{"line":52,"column":16},"end":{"line":52,"column":23}},"26":{"start":{"line":56,"column":4},"end":{"line":64,"column":7}},"27":{"start":{"line":57,"column":8},"end":{"line":63,"column":15}},"28":{"start":{"line":61,"column":16},"end":{"line":61,"column":44}},"29":{"start":{"line":62,"column":16},"end":{"line":62,"column":23}},"30":{"start":{"line":78,"column":4},"end":{"line":86,"column":7}},"31":{"start":{"line":79,"column":8},"end":{"line":85,"column":15}},"32":{"start":{"line":83,"column":16},"end":{"line":83,"column":44}},"33":{"start":{"line":84,"column":16},"end":{"line":84,"column":23}},"34":{"start":{"line":89,"column":4},"end":{"line":102,"column":7}},"35":{"start":{"line":90,"column":8},"end":{"line":101,"column":15}},"36":{"start":{"line":93,"column":16},"end":{"line":99,"column":23}},"37":{"start":{"line":97,"column":24},"end":{"line":97,"column":57}},"38":{"start":{"line":100,"column":16},"end":{"line":100,"column":23}},"39":{"start":{"line":105,"column":4},"end":{"line":118,"column":7}},"40":{"start":{"line":106,"column":8},"end":{"line":117,"column":15}},"41":{"start":{"line":109,"column":16},"end":{"line":115,"column":23}},"42":{"start":{"line":113,"column":24},"end":{"line":113,"column":57}},"43":{"start":{"line":116,"column":16},"end":{"line":116,"column":23}},"44":{"start":{"line":121,"column":4},"end":{"line":132,"column":7}},"45":{"start":{"line":122,"column":8},"end":{"line":131,"column":15}},"46":{"start":{"line":125,"column":16},"end":{"line":130,"column":23}},"47":{"start":{"line":128,"column":24},"end":{"line":128,"column":57}},"48":{"start":{"line":129,"column":24},"end":{"line":129,"column":31}},"49":{"start":{"line":161,"column":4},"end":{"line":173,"column":7}},"50":{"start":{"line":162,"column":8},"end":{"line":172,"column":15}},"51":{"start":{"line":165,"column":16},"end":{"line":170,"column":23}},"52":{"start":{"line":168,"column":24},"end":{"line":168,"column":57}},"53":{"start":{"line":171,"column":16},"end":{"line":171,"column":23}},"54":{"start":{"line":175,"column":4},"end":{"line":187,"column":7}},"55":{"start":{"line":176,"column":8},"end":{"line":186,"column":15}},"56":{"start":{"line":179,"column":16},"end":{"line":184,"column":23}},"57":{"start":{"line":182,"column":24},"end":{"line":182,"column":57}},"58":{"start":{"line":185,"column":16},"end":{"line":185,"column":23}},"59":{"start":{"line":192,"column":0},"end":{"line":323,"column":3}},"60":{"start":{"line":194,"column":4},"end":{"line":201,"column":7}},"61":{"start":{"line":195,"column":8},"end":{"line":200,"column":14}},"62":{"start":{"line":198,"column":16},"end":{"line":198,"column":44}},"63":{"start":{"line":199,"column":16},"end":{"line":199,"column":23}},"64":{"start":{"line":204,"column":4},"end":{"line":211,"column":7}},"65":{"start":{"line":205,"column":8},"end":{"line":210,"column":14}},"66":{"start":{"line":208,"column":16},"end":{"line":208,"column":44}},"67":{"start":{"line":209,"column":16},"end":{"line":209,"column":23}},"68":{"start":{"line":214,"column":4},"end":{"line":222,"column":7}},"69":{"start":{"line":215,"column":8},"end":{"line":221,"column":15}},"70":{"start":{"line":219,"column":16},"end":{"line":219,"column":44}},"71":{"start":{"line":220,"column":16},"end":{"line":220,"column":23}},"72":{"start":{"line":224,"column":4},"end":{"line":231,"column":7}},"73":{"start":{"line":225,"column":8},"end":{"line":230,"column":15}},"74":{"start":{"line":228,"column":16},"end":{"line":228,"column":44}},"75":{"start":{"line":229,"column":16},"end":{"line":229,"column":23}},"76":{"start":{"line":234,"column":4},"end":{"line":242,"column":7}},"77":{"start":{"line":235,"column":8},"end":{"line":241,"column":15}},"78":{"start":{"line":239,"column":16},"end":{"line":239,"column":44}},"79":{"start":{"line":240,"column":16},"end":{"line":240,"column":23}},"80":{"start":{"line":245,"column":4},"end":{"line":259,"column":7}},"81":{"start":{"line":246,"column":8},"end":{"line":257,"column":15}},"82":{"start":{"line":249,"column":16},"end":{"line":255,"column":23}},"83":{"start":{"line":253,"column":24},"end":{"line":253,"column":57}},"84":{"start":{"line":256,"column":16},"end":{"line":256,"column":23}},"85":{"start":{"line":262,"column":4},"end":{"line":276,"column":7}},"86":{"start":{"line":263,"column":8},"end":{"line":274,"column":15}},"87":{"start":{"line":266,"column":16},"end":{"line":272,"column":23}},"88":{"start":{"line":270,"column":24},"end":{"line":270,"column":57}},"89":{"start":{"line":273,"column":16},"end":{"line":273,"column":23}},"90":{"start":{"line":280,"column":4},"end":{"line":288,"column":7}},"91":{"start":{"line":281,"column":8},"end":{"line":286,"column":15}},"92":{"start":{"line":284,"column":16},"end":{"line":284,"column":49}},"93":{"start":{"line":285,"column":16},"end":{"line":285,"column":23}},"94":{"start":{"line":287,"column":8},"end":{"line":287,"column":15}},"95":{"start":{"line":293,"column":4},"end":{"line":304,"column":7}},"96":{"start":{"line":294,"column":8},"end":{"line":303,"column":15}},"97":{"start":{"line":297,"column":16},"end":{"line":302,"column":23}},"98":{"start":{"line":300,"column":24},"end":{"line":300,"column":57}},"99":{"start":{"line":301,"column":24},"end":{"line":301,"column":31}},"100":{"start":{"line":307,"column":4},"end":{"line":319,"column":7}},"101":{"start":{"line":308,"column":8},"end":{"line":318,"column":15}},"102":{"start":{"line":311,"column":16},"end":{"line":316,"column":23}},"103":{"start":{"line":314,"column":24},"end":{"line":314,"column":57}},"104":{"start":{"line":317,"column":16},"end":{"line":317,"column":23}}},"branchMap":{}},"/Users/anvitasurapaneni/Desktop/msd/taportal/testspec/testForPositions.js":{"path":"/Users/anvitasurapaneni/Desktop/msd/taportal/testspec/testForPositions.js","s":{"1":1,"2":1,"3":1,"4":1,"5":1,"6":1,"7":1,"8":1,"9":1,"10":1,"11":1,"12":1,"13":1,"14":1,"15":1,"16":1,"17":1,"18":1,"19":1,"20":1,"21":1,"22":1,"23":1,"24":1,"25":1,"26":1,"27":1,"28":1,"29":1,"30":1,"31":1,"32":1,"33":1,"34":1,"35":1,"36":1,"37":1,"38":0,"39":0,"40":1},"b":{},"f":{"1":1,"2":1,"3":1,"4":1,"5":1,"6":1,"7":1,"8":1,"9":1,"10":1,"11":1,"12":1,"13":1,"14":1,"15":1,"16":0},"fnMap":{"1":{"name":"(anonymous_1)","line":23,"loc":{"start":{"line":23,"column":32},"end":{"line":23,"column":43}}},"2":{"name":"(anonymous_2)","line":25,"loc":{"start":{"line":25,"column":36},"end":{"line":25,"column":52}}},"3":{"name":"(anonymous_3)","line":28,"loc":{"start":{"line":28,"column":17},"end":{"line":28,"column":37}}},"4":{"name":"(anonymous_4)","line":35,"loc":{"start":{"line":35,"column":42},"end":{"line":35,"column":58}}},"5":{"name":"(anonymous_5)","line":38,"loc":{"start":{"line":38,"column":17},"end":{"line":38,"column":37}}},"6":{"name":"(anonymous_6)","line":45,"loc":{"start":{"line":45,"column":33},"end":{"line":45,"column":49}}},"7":{"name":"(anonymous_7)","line":50,"loc":{"start":{"line":50,"column":17},"end":{"line":50,"column":37}}},"8":{"name":"(anonymous_8)","line":57,"loc":{"start":{"line":57,"column":35},"end":{"line":57,"column":51}}},"9":{"name":"(anonymous_9)","line":60,"loc":{"start":{"line":60,"column":17},"end":{"line":60,"column":35}}},"10":{"name":"(anonymous_10)","line":65,"loc":{"start":{"line":65,"column":25},"end":{"line":65,"column":52}}},"11":{"name":"(anonymous_11)","line":74,"loc":{"start":{"line":74,"column":45},"end":{"line":74,"column":61}}},"12":{"name":"(anonymous_12)","line":77,"loc":{"start":{"line":77,"column":17},"end":{"line":77,"column":37}}},"13":{"name":"(anonymous_13)","line":80,"loc":{"start":{"line":80,"column":25},"end":{"line":80,"column":52}}},"14":{"name":"(anonymous_14)","line":88,"loc":{"start":{"line":88,"column":35},"end":{"line":88,"column":51}}},"15":{"name":"(anonymous_15)","line":91,"loc":{"start":{"line":91,"column":17},"end":{"line":91,"column":35}}},"16":{"name":"(anonymous_16)","line":94,"loc":{"start":{"line":94,"column":25},"end":{"line":94,"column":52}}}},"statementMap":{"1":{"start":{"line":5,"column":0},"end":{"line":5,"column":27}},"2":{"start":{"line":6,"column":0},"end":{"line":6,"column":36}},"3":{"start":{"line":7,"column":0},"end":{"line":7,"column":34}},"4":{"start":{"line":9,"column":0},"end":{"line":9,"column":27}},"5":{"start":{"line":11,"column":0},"end":{"line":11,"column":36}},"6":{"start":{"line":13,"column":0},"end":{"line":13,"column":71}},"7":{"start":{"line":15,"column":0},"end":{"line":15,"column":33}},"8":{"start":{"line":17,"column":0},"end":{"line":17,"column":20}},"9":{"start":{"line":18,"column":0},"end":{"line":18,"column":18}},"10":{"start":{"line":19,"column":0},"end":{"line":19,"column":19}},"11":{"start":{"line":21,"column":0},"end":{"line":21,"column":13}},"12":{"start":{"line":23,"column":0},"end":{"line":103,"column":3}},"13":{"start":{"line":25,"column":4},"end":{"line":32,"column":7}},"14":{"start":{"line":26,"column":8},"end":{"line":31,"column":14}},"15":{"start":{"line":29,"column":16},"end":{"line":29,"column":44}},"16":{"start":{"line":30,"column":16},"end":{"line":30,"column":23}},"17":{"start":{"line":35,"column":4},"end":{"line":42,"column":7}},"18":{"start":{"line":36,"column":8},"end":{"line":41,"column":14}},"19":{"start":{"line":39,"column":16},"end":{"line":39,"column":44}},"20":{"start":{"line":40,"column":16},"end":{"line":40,"column":23}},"21":{"start":{"line":45,"column":4},"end":{"line":54,"column":7}},"22":{"start":{"line":46,"column":8},"end":{"line":53,"column":15}},"23":{"start":{"line":51,"column":16},"end":{"line":51,"column":44}},"24":{"start":{"line":52,"column":16},"end":{"line":52,"column":23}},"25":{"start":{"line":57,"column":4},"end":{"line":72,"column":7}},"26":{"start":{"line":58,"column":8},"end":{"line":70,"column":15}},"27":{"start":{"line":61,"column":16},"end":{"line":68,"column":23}},"28":{"start":{"line":66,"column":24},"end":{"line":66,"column":57}},"29":{"start":{"line":67,"column":24},"end":{"line":67,"column":31}},"30":{"start":{"line":74,"column":4},"end":{"line":85,"column":7}},"31":{"start":{"line":75,"column":8},"end":{"line":84,"column":15}},"32":{"start":{"line":78,"column":16},"end":{"line":83,"column":23}},"33":{"start":{"line":81,"column":24},"end":{"line":81,"column":57}},"34":{"start":{"line":82,"column":24},"end":{"line":82,"column":31}},"35":{"start":{"line":88,"column":4},"end":{"line":100,"column":7}},"36":{"start":{"line":89,"column":8},"end":{"line":99,"column":15}},"37":{"start":{"line":92,"column":16},"end":{"line":97,"column":23}},"38":{"start":{"line":95,"column":24},"end":{"line":95,"column":57}},"39":{"start":{"line":96,"column":24},"end":{"line":96,"column":31}},"40":{"start":{"line":98,"column":16},"end":{"line":98,"column":23}}},"branchMap":{}}}