TN:
SF:/Users/anvitasurapaneni/Desktop/msd/taportal/testspec/dummytest.js
FNF:0
FNH:0
LF:0
LH:0
BRF:0
BRH:0
end_of_record
TN:
SF:/Users/anvitasurapaneni/Desktop/msd/taportal/testspec/test.js
FN:22,(anonymous_1)
FN:24,(anonymous_2)
FN:27,(anonymous_3)
FN:35,(anonymous_4)
FN:38,(anonymous_5)
FN:45,(anonymous_6)
FN:49,(anonymous_7)
FN:55,(anonymous_8)
FN:58,(anonymous_9)
FN:65,(anonymous_10)
FN:68,(anonymous_11)
FN:75,(anonymous_12)
FN:78,(anonymous_13)
FN:85,(anonymous_14)
FN:88,(anonymous_15)
FN:96,(anonymous_16)
FN:100,(anonymous_17)
FN:108,(anonymous_18)
FN:112,(anonymous_19)
FN:130,(anonymous_20)
FN:134,(anonymous_21)
FN:138,(anonymous_22)
FN:157,(anonymous_23)
FN:161,(anonymous_24)
FN:167,(anonymous_25)
FN:170,(anonymous_26)
FN:174,(anonymous_27)
FN:182,(anonymous_28)
FN:185,(anonymous_29)
FN:197,(anonymous_30)
FN:204,(anonymous_31)
FN:207,(anonymous_32)
FN:219,(anonymous_33)
FN:229,(anonymous_34)
FN:232,(anonymous_35)
FN:244,(anonymous_36)
FN:251,(anonymous_37)
FN:254,(anonymous_38)
FN:266,(anonymous_39)
FN:274,(anonymous_40)
FN:277,(anonymous_41)
FN:289,(anonymous_42)
FN:297,(anonymous_43)
FN:300,(anonymous_44)
FN:303,(anonymous_45)
FN:310,(anonymous_46)
FN:313,(anonymous_47)
FN:319,(anonymous_48)
FN:322,(anonymous_49)
FNF:49
FNH:48
FNDA:1,(anonymous_1)
FNDA:1,(anonymous_2)
FNDA:1,(anonymous_3)
FNDA:1,(anonymous_4)
FNDA:1,(anonymous_5)
FNDA:1,(anonymous_6)
FNDA:1,(anonymous_7)
FNDA:1,(anonymous_8)
FNDA:1,(anonymous_9)
FNDA:1,(anonymous_10)
FNDA:1,(anonymous_11)
FNDA:1,(anonymous_12)
FNDA:1,(anonymous_13)
FNDA:1,(anonymous_14)
FNDA:1,(anonymous_15)
FNDA:1,(anonymous_16)
FNDA:1,(anonymous_17)
FNDA:1,(anonymous_18)
FNDA:1,(anonymous_19)
FNDA:1,(anonymous_20)
FNDA:1,(anonymous_21)
FNDA:1,(anonymous_22)
FNDA:1,(anonymous_23)
FNDA:1,(anonymous_24)
FNDA:1,(anonymous_25)
FNDA:1,(anonymous_26)
FNDA:1,(anonymous_27)
FNDA:1,(anonymous_28)
FNDA:1,(anonymous_29)
FNDA:1,(anonymous_30)
FNDA:1,(anonymous_31)
FNDA:1,(anonymous_32)
FNDA:1,(anonymous_33)
FNDA:1,(anonymous_34)
FNDA:1,(anonymous_35)
FNDA:1,(anonymous_36)
FNDA:1,(anonymous_37)
FNDA:1,(anonymous_38)
FNDA:1,(anonymous_39)
FNDA:1,(anonymous_40)
FNDA:1,(anonymous_41)
FNDA:1,(anonymous_42)
FNDA:1,(anonymous_43)
FNDA:1,(anonymous_44)
FNDA:1,(anonymous_45)
FNDA:1,(anonymous_46)
FNDA:1,(anonymous_47)
FNDA:1,(anonymous_48)
FNDA:0,(anonymous_49)
DA:5,1
DA:6,1
DA:7,1
DA:9,1
DA:11,1
DA:13,1
DA:15,1
DA:17,1
DA:18,1
DA:19,1
DA:22,1
DA:24,1
DA:25,1
DA:28,1
DA:29,1
DA:35,1
DA:36,1
DA:39,1
DA:40,1
DA:45,1
DA:46,1
DA:50,1
DA:51,1
DA:55,1
DA:56,1
DA:59,1
DA:60,1
DA:65,1
DA:66,1
DA:69,1
DA:70,1
DA:75,1
DA:76,1
DA:79,1
DA:80,1
DA:85,1
DA:86,1
DA:89,1
DA:90,1
DA:96,1
DA:97,1
DA:101,1
DA:102,1
DA:108,1
DA:109,1
DA:113,1
DA:114,1
DA:130,1
DA:131,1
DA:135,1
DA:136,1
DA:139,1
DA:140,1
DA:157,1
DA:158,1
DA:162,1
DA:163,1
DA:167,1
DA:168,1
DA:171,1
DA:175,1
DA:176,1
DA:182,1
DA:183,1
DA:186,1
DA:198,1
DA:199,1
DA:204,1
DA:205,1
DA:208,1
DA:220,1
DA:221,1
DA:229,1
DA:230,1
DA:233,1
DA:245,1
DA:246,1
DA:251,1
DA:252,1
DA:255,1
DA:267,1
DA:268,1
DA:274,1
DA:275,1
DA:278,1
DA:290,1
DA:291,1
DA:297,1
DA:298,1
DA:301,1
DA:304,1
DA:305,1
DA:310,1
DA:311,1
DA:314,1
DA:315,1
DA:319,1
DA:320,1
DA:323,0
DA:324,0
DA:326,1
LF:101
LH:99
BRF:0
BRH:0
end_of_record
TN:
SF:/Users/anvitasurapaneni/Desktop/msd/taportal/server.js
FNF:0
FNH:0
DA:1,1
DA:4,1
DA:5,1
DA:6,1
DA:7,1
DA:10,1
DA:12,1
DA:13,1
DA:15,1
DA:16,1
DA:17,1
DA:20,1
DA:21,1
DA:25,1
DA:26,1
DA:29,1
DA:33,1
DA:34,1
DA:36,1
DA:37,1
DA:41,1
DA:44,1
LF:22
LH:22
BRDA:34,1,0,1
BRDA:34,1,1,1
BRF:2
BRH:2
end_of_record
TN:
SF:/Users/anvitasurapaneni/Desktop/msd/taportal/project/app.js
FN:5,(anonymous_1)
FNF:1
FNH:1
FNDA:1,(anonymous_1)
DA:5,1
DA:6,1
DA:8,1
DA:9,1
DA:10,1
LF:5
LH:5
BRF:0
BRH:0
end_of_record
TN:
SF:/Users/anvitasurapaneni/Desktop/msd/taportal/project/model/models.server.js
FN:3,(anonymous_1)
FNF:1
FNH:1
FNDA:1,(anonymous_1)
DA:3,1
DA:5,1
DA:13,1
LF:3
LH:3
BRF:0
BRH:0
end_of_record
TN:
SF:/Users/anvitasurapaneni/Desktop/msd/taportal/project/model/user/user.model.server.js
FN:5,(anonymous_1)
FN:31,findAllUsers
FN:36,findUserById
FN:40,findUserByUsername
FN:45,addUserCourses
FN:54,addCurrentCourses
FN:63,deleteUserCourse
FN:73,deleteCurrentCourse
FN:98,updateUser
FN:116,updateResumeOfStudent
FN:129,deleteUser
FN:133,findUserByCredentials
FN:137,createUser
FNF:13
FNH:10
FNDA:1,(anonymous_1)
FNDA:9,findAllUsers
FNDA:1,findUserById
FNDA:6,findUserByUsername
FNDA:2,addUserCourses
FNDA:1,addCurrentCourses
FNDA:0,deleteUserCourse
FNDA:0,deleteCurrentCourse
FNDA:3,updateUser
FNDA:0,updateResumeOfStudent
FNDA:1,deleteUser
FNDA:1,findUserByCredentials
FNDA:1,createUser
DA:5,1
DA:7,1
DA:8,1
DA:9,1
DA:11,1
DA:28,1
DA:31,1
DA:32,9
DA:36,1
DA:37,1
DA:40,1
DA:41,6
DA:45,1
DA:46,2
DA:54,1
DA:55,1
DA:63,1
DA:65,0
DA:73,1
DA:74,0
DA:98,1
DA:100,3
DA:116,1
DA:118,0
DA:129,1
DA:130,1
DA:133,1
DA:134,1
DA:137,1
DA:138,1
LF:30
LH:27
BRF:0
BRH:0
end_of_record
TN:
SF:/Users/anvitasurapaneni/Desktop/msd/taportal/project/model/user/user.schema.server.js
FN:6,(anonymous_1)
FNF:1
FNH:1
FNDA:1,(anonymous_1)
DA:6,1
DA:8,1
DA:10,1
DA:70,1
LF:4
LH:4
BRF:0
BRH:0
end_of_record
TN:
SF:/Users/anvitasurapaneni/Desktop/msd/taportal/project/model/user/course.model.server.js
FN:5,(anonymous_1)
FN:24,updateCourse
FN:32,findAllCourses
FN:36,createCourse
FN:41,deleteCourse
FN:45,findCourseById
FN:49,findCourseByCoursename
FNF:7
FNH:7
FNDA:1,(anonymous_1)
FNDA:2,updateCourse
FNDA:6,findAllCourses
FNDA:1,createCourse
FNDA:2,deleteCourse
FNDA:1,findCourseById
FNDA:3,findCourseByCoursename
DA:5,1
DA:7,1
DA:8,1
DA:9,1
DA:13,1
DA:22,1
DA:24,1
DA:25,2
DA:26,2
DA:32,1
DA:33,6
DA:36,1
DA:38,1
DA:41,1
DA:42,2
DA:45,1
DA:46,1
DA:49,1
DA:50,3
LF:19
LH:19
BRF:0
BRH:0
end_of_record
TN:
SF:/Users/anvitasurapaneni/Desktop/msd/taportal/project/model/user/course.schema.server.js
FN:6,(anonymous_1)
FNF:1
FNH:1
FNDA:1,(anonymous_1)
DA:6,1
DA:7,1
DA:9,1
DA:18,1
LF:4
LH:4
BRF:0
BRH:0
end_of_record
TN:
SF:/Users/anvitasurapaneni/Desktop/msd/taportal/project/model/user/semester.model.server.js
FN:6,(anonymous_1)
FN:25,updateSemester
FN:33,findAllSemesters
FN:37,createSemester
FN:41,deleteSemester
FN:45,findSemesterById
FN:49,findSemesterBySemestername
FNF:7
FNH:7
FNDA:1,(anonymous_1)
FNDA:2,updateSemester
FNDA:5,findAllSemesters
FNDA:1,createSemester
FNDA:1,deleteSemester
FNDA:2,findSemesterById
FNDA:3,findSemesterBySemestername
DA:6,1
DA:8,1
DA:9,1
DA:10,1
DA:14,1
DA:23,1
DA:25,1
DA:26,2
DA:27,2
DA:33,1
DA:34,5
DA:37,1
DA:38,1
DA:41,1
DA:42,1
DA:45,1
DA:46,2
DA:49,1
DA:50,3
LF:19
LH:19
BRF:0
BRH:0
end_of_record
TN:
SF:/Users/anvitasurapaneni/Desktop/msd/taportal/project/model/user/semester.schema.server.js
FN:7,(anonymous_1)
FNF:1
FNH:1
FNDA:1,(anonymous_1)
DA:7,1
DA:8,1
DA:10,1
DA:18,1
LF:4
LH:4
BRF:0
BRH:0
end_of_record
TN:
SF:/Users/anvitasurapaneni/Desktop/msd/taportal/project/model/user/position.model.server.js
FN:7,(anonymous_1)
FN:26,updatePosition
FN:38,updateDeadline
FN:47,findAllPositions
FN:51,createPosition
FN:56,deletePosition
FN:60,findPositionById
FNF:7
FNH:6
FNDA:1,(anonymous_1)
FNDA:1,updatePosition
FNDA:0,updateDeadline
FNDA:4,findAllPositions
FNDA:1,createPosition
FNDA:1,deletePosition
FNDA:1,findPositionById
DA:7,1
DA:9,1
DA:10,1
DA:11,1
DA:15,1
DA:24,1
DA:26,1
DA:27,1
DA:28,1
DA:38,1
DA:39,0
DA:47,1
DA:48,4
DA:51,1
DA:52,1
DA:53,1
DA:56,1
DA:57,1
DA:60,1
DA:61,1
LF:20
LH:19
BRF:0
BRH:0
end_of_record
TN:
SF:/Users/anvitasurapaneni/Desktop/msd/taportal/project/model/user/position.schema.server.js
FN:5,(anonymous_1)
FNF:1
FNH:1
FNDA:1,(anonymous_1)
DA:5,1
DA:6,1
DA:8,1
DA:18,1
LF:4
LH:4
BRF:0
BRH:0
end_of_record
TN:
SF:/Users/anvitasurapaneni/Desktop/msd/taportal/project/services/user.service.server.js
FN:15,(anonymous_1)
FN:47,uploadResume
FN:81,(anonymous_3)
FN:85,(anonymous_4)
FN:95,logout
FN:101,findallusers
FN:106,(anonymous_7)
FN:109,(anonymous_8)
FN:116,register
FN:122,(anonymous_10)
FN:134,(anonymous_11)
FN:140,(anonymous_12)
FN:143,(anonymous_13)
FN:152,(anonymous_14)
FN:157,localStrategy
FN:161,(anonymous_16)
FN:170,(anonymous_17)
FN:175,serializeUser
FN:179,deserializeUser
FN:183,(anonymous_20)
FN:186,(anonymous_21)
FN:194,login
FN:200,loggedIn
FN:208,addUserCourses
FN:214,(anonymous_25)
FN:217,(anonymous_26)
FN:223,addCurrentCourses
FN:229,(anonymous_28)
FN:232,(anonymous_29)
FN:238,updateUser
FN:246,(anonymous_31)
FN:249,(anonymous_32)
FN:256,createUser
FN:263,(anonymous_34)
FN:273,(anonymous_35)
FN:278,(anonymous_36)
FN:283,(anonymous_37)
FN:291,deleteUserCourse
FN:296,(anonymous_39)
FN:300,(anonymous_40)
FN:306,deleteCurrentCourse
FN:311,(anonymous_42)
FN:314,(anonymous_43)
FN:321,deleteUser
FN:327,(anonymous_45)
FN:331,(anonymous_46)
FN:339,findUserById
FN:344,(anonymous_48)
FN:347,(anonymous_49)
FN:353,getUsers
FN:365,findUserByCredentials
FN:368,(anonymous_52)
FN:372,(anonymous_53)
FN:377,findUserByUsername
FN:381,(anonymous_55)
FN:384,(anonymous_56)
FNF:56
FNH:31
FNDA:1,(anonymous_1)
FNDA:0,uploadResume
FNDA:0,(anonymous_3)
FNDA:0,(anonymous_4)
FNDA:1,logout
FNDA:9,findallusers
FNDA:9,(anonymous_7)
FNDA:0,(anonymous_8)
FNDA:2,register
FNDA:2,(anonymous_10)
FNDA:0,(anonymous_11)
FNDA:2,(anonymous_12)
FNDA:1,(anonymous_13)
FNDA:0,(anonymous_14)
FNDA:1,localStrategy
FNDA:1,(anonymous_16)
FNDA:0,(anonymous_17)
FNDA:2,serializeUser
FNDA:0,deserializeUser
FNDA:0,(anonymous_20)
FNDA:0,(anonymous_21)
FNDA:1,login
FNDA:1,loggedIn
FNDA:2,addUserCourses
FNDA:1,(anonymous_25)
FNDA:0,(anonymous_26)
FNDA:1,addCurrentCourses
FNDA:1,(anonymous_28)
FNDA:0,(anonymous_29)
FNDA:3,updateUser
FNDA:1,(anonymous_31)
FNDA:0,(anonymous_32)
FNDA:2,createUser
FNDA:2,(anonymous_34)
FNDA:0,(anonymous_35)
FNDA:2,(anonymous_36)
FNDA:0,(anonymous_37)
FNDA:0,deleteUserCourse
FNDA:0,(anonymous_39)
FNDA:0,(anonymous_40)
FNDA:0,deleteCurrentCourse
FNDA:0,(anonymous_42)
FNDA:0,(anonymous_43)
FNDA:1,deleteUser
FNDA:1,(anonymous_45)
FNDA:0,(anonymous_46)
FNDA:1,findUserById
FNDA:1,(anonymous_48)
FNDA:0,(anonymous_49)
FNDA:3,getUsers
FNDA:1,findUserByCredentials
FNDA:1,(anonymous_52)
FNDA:0,(anonymous_53)
FNDA:1,findUserByUsername
FNDA:1,(anonymous_55)
FNDA:0,(anonymous_56)
DA:4,1
DA:5,1
DA:7,1
DA:10,1
DA:11,1
DA:12,1
DA:15,1
DA:17,1
DA:19,1
DA:20,1
DA:21,1
DA:22,1
DA:23,1
DA:24,1
DA:25,1
DA:26,1
DA:27,1
DA:28,1
DA:29,1
DA:30,1
DA:31,1
DA:32,1
DA:33,1
DA:36,1
DA:42,1
DA:43,1
DA:47,1
DA:48,0
DA:50,0
DA:51,0
DA:52,0
DA:53,0
DA:54,0
DA:55,0
DA:58,0
DA:59,0
DA:62,0
DA:64,0
DA:67,0
DA:70,0
DA:77,0
DA:78,0
DA:82,0
DA:86,0
DA:95,1
DA:96,1
DA:97,1
DA:101,1
DA:103,9
DA:107,9
DA:110,0
DA:116,1
DA:117,2
DA:118,2
DA:119,2
DA:120,2
DA:123,2
DA:124,1
DA:125,1
DA:128,1
DA:129,1
DA:135,0
DA:141,2
DA:143,1
DA:144,1
DA:145,0
DA:147,1
DA:153,0
DA:157,1
DA:158,1
DA:163,1
DA:164,1
DA:167,0
DA:171,0
DA:175,1
DA:176,2
DA:179,1
DA:180,0
DA:184,0
DA:187,0
DA:194,1
DA:195,1
DA:196,1
DA:200,1
DA:201,1
DA:202,0
DA:204,1
DA:208,1
DA:209,2
DA:210,2
DA:211,2
DA:215,1
DA:218,0
DA:223,1
DA:224,1
DA:225,1
DA:226,1
DA:230,1
DA:233,0
DA:238,1
DA:239,3
DA:240,3
DA:243,3
DA:247,1
DA:250,0
DA:256,1
DA:258,2
DA:260,2
DA:264,2
DA:265,2
DA:266,2
DA:268,0
DA:269,0
DA:274,0
DA:279,2
DA:280,0
DA:284,0
DA:291,1
DA:292,0
DA:293,0
DA:294,0
DA:298,0
DA:301,0
DA:306,1
DA:307,0
DA:308,0
DA:309,0
DA:312,0
DA:315,0
DA:321,1
DA:322,1
DA:324,1
DA:329,1
DA:332,0
DA:339,1
DA:340,1
DA:342,1
DA:345,1
DA:348,0
DA:353,1
DA:354,3
DA:355,3
DA:356,3
DA:357,1
DA:358,2
DA:359,1
DA:361,1
DA:365,1
DA:366,1
DA:369,1
DA:370,1
DA:373,0
DA:377,1
DA:378,1
DA:382,1
DA:385,0
LF:156
LH:107
BRDA:77,1,0,0
BRDA:77,1,1,0
BRDA:123,2,0,1
BRDA:123,2,1,1
BRDA:141,3,0,1
BRDA:141,3,1,1
BRDA:144,4,0,0
BRDA:144,4,1,1
BRDA:163,5,0,1
BRDA:163,5,1,0
BRDA:163,6,0,1
BRDA:163,6,1,1
BRDA:201,7,0,0
BRDA:201,7,1,1
BRDA:264,8,0,2
BRDA:264,8,1,0
BRDA:279,9,0,0
BRDA:279,9,1,2
BRDA:356,10,0,1
BRDA:356,10,1,2
BRDA:356,11,0,3
BRDA:356,11,1,2
BRDA:358,12,0,1
BRDA:358,12,1,1
BRF:24
BRH:17
end_of_record
TN:
SF:/Users/anvitasurapaneni/Desktop/msd/taportal/project/services/coursesandsemesters.service.server.js
FN:4,(anonymous_1)
FN:22,findCourseById
FN:27,(anonymous_3)
FN:29,(anonymous_4)
FN:35,updateCourse
FN:43,(anonymous_6)
FN:46,(anonymous_7)
FN:53,deleteCourse
FN:60,(anonymous_9)
FN:63,(anonymous_10)
FN:69,findallcourses
FN:73,(anonymous_12)
FN:76,(anonymous_13)
FN:84,createCourse
FN:89,(anonymous_15)
FN:97,(anonymous_16)
FN:102,(anonymous_17)
FN:107,(anonymous_18)
FN:132,findSemesterById
FN:137,(anonymous_20)
FN:139,(anonymous_21)
FN:144,updateSemester
FN:152,(anonymous_23)
FN:155,(anonymous_24)
FN:162,deleteSemester
FN:169,(anonymous_26)
FN:172,(anonymous_27)
FN:178,findallsemesters
FN:182,(anonymous_29)
FN:185,(anonymous_30)
FN:193,createSemester
FN:200,(anonymous_32)
FN:208,(anonymous_33)
FN:213,(anonymous_34)
FN:218,(anonymous_35)
FNF:35
FNH:25
FNDA:1,(anonymous_1)
FNDA:1,findCourseById
FNDA:1,(anonymous_3)
FNDA:0,(anonymous_4)
FNDA:2,updateCourse
FNDA:1,(anonymous_6)
FNDA:0,(anonymous_7)
FNDA:2,deleteCourse
FNDA:1,(anonymous_9)
FNDA:1,(anonymous_10)
FNDA:6,findallcourses
FNDA:6,(anonymous_12)
FNDA:0,(anonymous_13)
FNDA:3,createCourse
FNDA:3,(anonymous_15)
FNDA:0,(anonymous_16)
FNDA:3,(anonymous_17)
FNDA:0,(anonymous_18)
FNDA:2,findSemesterById
FNDA:1,(anonymous_20)
FNDA:1,(anonymous_21)
FNDA:2,updateSemester
FNDA:2,(anonymous_23)
FNDA:0,(anonymous_24)
FNDA:1,deleteSemester
FNDA:1,(anonymous_26)
FNDA:0,(anonymous_27)
FNDA:5,findallsemesters
FNDA:5,(anonymous_29)
FNDA:0,(anonymous_30)
FNDA:3,createSemester
FNDA:3,(anonymous_32)
FNDA:0,(anonymous_33)
FNDA:3,(anonymous_34)
FNDA:0,(anonymous_35)
DA:4,1
DA:6,1
DA:7,1
DA:9,1
DA:10,1
DA:11,1
DA:12,1
DA:13,1
DA:16,1
DA:17,1
DA:18,1
DA:19,1
DA:20,1
DA:22,1
DA:23,1
DA:25,1
DA:28,1
DA:30,0
DA:35,1
DA:36,2
DA:37,2
DA:40,2
DA:44,1
DA:47,0
DA:53,1
DA:55,2
DA:57,2
DA:61,1
DA:64,1
DA:69,1
DA:70,6
DA:74,6
DA:77,0
DA:84,1
DA:85,3
DA:86,3
DA:90,3
DA:91,2
DA:92,2
DA:94,1
DA:98,0
DA:103,3
DA:104,1
DA:108,0
DA:132,1
DA:133,2
DA:135,2
DA:138,1
DA:140,1
DA:144,1
DA:145,2
DA:146,2
DA:149,2
DA:153,2
DA:156,0
DA:162,1
DA:164,1
DA:166,1
DA:170,1
DA:173,0
DA:178,1
DA:179,5
DA:183,5
DA:186,0
DA:193,1
DA:195,3
DA:196,3
DA:197,3
DA:201,3
DA:202,2
DA:203,2
DA:205,1
DA:209,0
DA:214,3
DA:215,1
DA:219,0
LF:76
LH:66
BRDA:90,1,0,2
BRDA:90,1,1,1
BRDA:103,2,0,1
BRDA:103,2,1,2
BRDA:201,3,0,2
BRDA:201,3,1,1
BRDA:214,4,0,1
BRDA:214,4,1,2
BRF:8
BRH:8
end_of_record
TN:
SF:/Users/anvitasurapaneni/Desktop/msd/taportal/project/services/position.service.server.js
FN:5,(anonymous_1)
FN:20,findPositionById
FN:24,(anonymous_3)
FN:26,(anonymous_4)
FN:32,updatePosition
FN:38,(anonymous_6)
FN:41,(anonymous_7)
FN:48,updateDeadline
FN:57,(anonymous_9)
FN:60,(anonymous_10)
FN:66,deletePosition
FN:71,(anonymous_12)
FN:74,(anonymous_13)
FN:80,findallpositions
FN:84,(anonymous_15)
FN:87,(anonymous_16)
FN:93,createPosition
FN:98,(anonymous_18)
FN:101,(anonymous_19)
FNF:19
FNH:10
FNDA:1,(anonymous_1)
FNDA:1,findPositionById
FNDA:1,(anonymous_3)
FNDA:0,(anonymous_4)
FNDA:1,updatePosition
FNDA:1,(anonymous_6)
FNDA:0,(anonymous_7)
FNDA:0,updateDeadline
FNDA:0,(anonymous_9)
FNDA:0,(anonymous_10)
FNDA:1,deletePosition
FNDA:0,(anonymous_12)
FNDA:0,(anonymous_13)
FNDA:4,findallpositions
FNDA:4,(anonymous_15)
FNDA:0,(anonymous_16)
FNDA:1,createPosition
FNDA:1,(anonymous_18)
FNDA:0,(anonymous_19)
DA:5,1
DA:7,1
DA:11,1
DA:12,1
DA:13,1
DA:14,1
DA:15,1
DA:16,1
DA:20,1
DA:21,1
DA:22,1
DA:25,1
DA:27,0
DA:32,1
DA:33,1
DA:34,1
DA:35,1
DA:39,1
DA:42,0
DA:48,1
DA:49,0
DA:51,0
DA:52,0
DA:54,0
DA:58,0
DA:61,0
DA:66,1
DA:69,1
DA:72,0
DA:75,0
DA:80,1
DA:81,4
DA:85,4
DA:88,0
DA:93,1
DA:94,1
DA:95,1
DA:99,1
DA:102,0
LF:39
LH:27
BRF:0
BRH:0
end_of_record
TN:
SF:/Users/anvitasurapaneni/Desktop/msd/taportal/testspec/testForCoursesAndSem.js
FN:24,(anonymous_1)
FN:26,(anonymous_2)
FN:29,(anonymous_3)
FN:36,(anonymous_4)
FN:39,(anonymous_5)
FN:46,(anonymous_6)
FN:50,(anonymous_7)
FN:56,(anonymous_8)
FN:60,(anonymous_9)
FN:78,(anonymous_10)
FN:82,(anonymous_11)
FN:89,(anonymous_12)
FN:92,(anonymous_13)
FN:96,(anonymous_14)
FN:105,(anonymous_15)
FN:108,(anonymous_16)
FN:112,(anonymous_17)
FN:121,(anonymous_18)
FN:124,(anonymous_19)
FN:127,(anonymous_20)
FN:161,(anonymous_21)
FN:164,(anonymous_22)
FN:167,(anonymous_23)
FN:175,(anonymous_24)
FN:178,(anonymous_25)
FN:181,(anonymous_26)
FN:192,(anonymous_27)
FN:194,(anonymous_28)
FN:197,(anonymous_29)
FN:204,(anonymous_30)
FN:207,(anonymous_31)
FN:214,(anonymous_32)
FN:218,(anonymous_33)
FN:224,(anonymous_34)
FN:227,(anonymous_35)
FN:234,(anonymous_36)
FN:238,(anonymous_37)
FN:245,(anonymous_38)
FN:248,(anonymous_39)
FN:252,(anonymous_40)
FN:262,(anonymous_41)
FN:265,(anonymous_42)
FN:269,(anonymous_43)
FN:280,(anonymous_44)
FN:283,(anonymous_45)
FN:293,(anonymous_46)
FN:296,(anonymous_47)
FN:299,(anonymous_48)
FN:307,(anonymous_49)
FN:310,(anonymous_50)
FN:313,(anonymous_51)
FNF:51
FNH:49
FNDA:1,(anonymous_1)
FNDA:1,(anonymous_2)
FNDA:1,(anonymous_3)
FNDA:1,(anonymous_4)
FNDA:1,(anonymous_5)
FNDA:1,(anonymous_6)
FNDA:1,(anonymous_7)
FNDA:1,(anonymous_8)
FNDA:1,(anonymous_9)
FNDA:1,(anonymous_10)
FNDA:1,(anonymous_11)
FNDA:1,(anonymous_12)
FNDA:1,(anonymous_13)
FNDA:1,(anonymous_14)
FNDA:1,(anonymous_15)
FNDA:1,(anonymous_16)
FNDA:1,(anonymous_17)
FNDA:1,(anonymous_18)
FNDA:1,(anonymous_19)
FNDA:1,(anonymous_20)
FNDA:1,(anonymous_21)
FNDA:1,(anonymous_22)
FNDA:1,(anonymous_23)
FNDA:1,(anonymous_24)
FNDA:1,(anonymous_25)
FNDA:0,(anonymous_26)
FNDA:1,(anonymous_27)
FNDA:1,(anonymous_28)
FNDA:1,(anonymous_29)
FNDA:1,(anonymous_30)
FNDA:1,(anonymous_31)
FNDA:1,(anonymous_32)
FNDA:1,(anonymous_33)
FNDA:1,(anonymous_34)
FNDA:1,(anonymous_35)
FNDA:1,(anonymous_36)
FNDA:1,(anonymous_37)
FNDA:1,(anonymous_38)
FNDA:1,(anonymous_39)
FNDA:1,(anonymous_40)
FNDA:1,(anonymous_41)
FNDA:1,(anonymous_42)
FNDA:1,(anonymous_43)
FNDA:1,(anonymous_44)
FNDA:0,(anonymous_45)
FNDA:1,(anonymous_46)
FNDA:1,(anonymous_47)
FNDA:1,(anonymous_48)
FNDA:1,(anonymous_49)
FNDA:1,(anonymous_50)
FNDA:1,(anonymous_51)
DA:5,1
DA:6,1
DA:7,1
DA:9,1
DA:11,1
DA:13,1
DA:14,1
DA:16,1
DA:18,1
DA:19,1
DA:20,1
DA:22,1
DA:24,1
DA:26,1
DA:27,1
DA:30,1
DA:31,1
DA:36,1
DA:37,1
DA:40,1
DA:41,1
DA:46,1
DA:47,1
DA:51,1
DA:52,1
DA:56,1
DA:57,1
DA:61,1
DA:62,1
DA:78,1
DA:79,1
DA:83,1
DA:84,1
DA:89,1
DA:90,1
DA:93,1
DA:97,1
DA:100,1
DA:105,1
DA:106,1
DA:109,1
DA:113,1
DA:116,1
DA:121,1
DA:122,1
DA:125,1
DA:128,1
DA:129,1
DA:161,1
DA:162,1
DA:165,1
DA:168,1
DA:171,1
DA:175,1
DA:176,1
DA:179,1
DA:182,0
DA:185,1
DA:192,1
DA:194,1
DA:195,1
DA:198,1
DA:199,1
DA:204,1
DA:205,1
DA:208,1
DA:209,1
DA:214,1
DA:215,1
DA:219,1
DA:220,1
DA:224,1
DA:225,1
DA:228,1
DA:229,1
DA:234,1
DA:235,1
DA:239,1
DA:240,1
DA:245,1
DA:246,1
DA:249,1
DA:253,1
DA:256,1
DA:262,1
DA:263,1
DA:266,1
DA:270,1
DA:273,1
DA:280,1
DA:281,1
DA:284,0
DA:285,0
DA:287,1
DA:293,1
DA:294,1
DA:297,1
DA:300,1
DA:301,1
DA:307,1
DA:308,1
DA:311,1
DA:314,1
DA:317,1
LF:104
LH:101
BRF:0
BRH:0
end_of_record
TN:
SF:/Users/anvitasurapaneni/Desktop/msd/taportal/testspec/testForPositions.js
FN:23,(anonymous_1)
FN:25,(anonymous_2)
FN:28,(anonymous_3)
FN:35,(anonymous_4)
FN:38,(anonymous_5)
FN:45,(anonymous_6)
FN:50,(anonymous_7)
FN:57,(anonymous_8)
FN:60,(anonymous_9)
FN:65,(anonymous_10)
FN:74,(anonymous_11)
FN:77,(anonymous_12)
FN:80,(anonymous_13)
FN:88,(anonymous_14)
FN:91,(anonymous_15)
FN:94,(anonymous_16)
FNF:16
FNH:15
FNDA:1,(anonymous_1)
FNDA:1,(anonymous_2)
FNDA:1,(anonymous_3)
FNDA:1,(anonymous_4)
FNDA:1,(anonymous_5)
FNDA:1,(anonymous_6)
FNDA:1,(anonymous_7)
FNDA:1,(anonymous_8)
FNDA:1,(anonymous_9)
FNDA:1,(anonymous_10)
FNDA:1,(anonymous_11)
FNDA:1,(anonymous_12)
FNDA:1,(anonymous_13)
FNDA:1,(anonymous_14)
FNDA:1,(anonymous_15)
FNDA:0,(anonymous_16)
DA:5,1
DA:6,1
DA:7,1
DA:9,1
DA:11,1
DA:13,1
DA:15,1
DA:17,1
DA:18,1
DA:19,1
DA:21,1
DA:23,1
DA:25,1
DA:26,1
DA:29,1
DA:30,1
DA:35,1
DA:36,1
DA:39,1
DA:40,1
DA:45,1
DA:46,1
DA:51,1
DA:52,1
DA:57,1
DA:58,1
DA:61,1
DA:66,1
DA:67,1
DA:74,1
DA:75,1
DA:78,1
DA:81,1
DA:82,1
DA:88,1
DA:89,1
DA:92,1
DA:95,0
DA:96,0
DA:98,1
LF:40
LH:38
BRF:0
BRH:0
end_of_record
