TN:
SF:E:\NEU\MSD\TA Portal\Project1\taportal-master\testspec\dummytest.js
FNF:0
FNH:0
LF:0
LH:0
BRF:0
BRH:0
end_of_record
TN:
SF:E:\NEU\MSD\TA Portal\Project1\taportal-master\testspec\test.js
FN:25,(anonymous_1)
FN:27,(anonymous_2)
FN:30,(anonymous_3)
FN:37,(anonymous_4)
FN:40,(anonymous_5)
FN:47,(anonymous_6)
FN:51,(anonymous_7)
FN:57,(anonymous_8)
FN:60,(anonymous_9)
FN:67,(anonymous_10)
FN:70,(anonymous_11)
FN:77,(anonymous_12)
FN:80,(anonymous_13)
FN:87,(anonymous_14)
FN:90,(anonymous_15)
FN:98,(anonymous_16)
FN:102,(anonymous_17)
FN:110,(anonymous_18)
FN:114,(anonymous_19)
FN:132,(anonymous_20)
FN:136,(anonymous_21)
FN:140,(anonymous_22)
FN:156,(anonymous_23)
FN:160,(anonymous_24)
FN:166,(anonymous_25)
FN:169,(anonymous_26)
FN:173,(anonymous_27)
FN:181,(anonymous_28)
FN:184,(anonymous_29)
FN:196,(anonymous_30)
FN:203,(anonymous_31)
FN:206,(anonymous_32)
FN:218,(anonymous_33)
FN:228,(anonymous_34)
FN:236,(anonymous_35)
FN:253,(anonymous_36)
FN:261,(anonymous_37)
FN:269,(anonymous_38)
FN:286,(anonymous_39)
FN:294,(anonymous_40)
FN:297,(anonymous_41)
FN:309,(anonymous_42)
FN:317,(anonymous_43)
FN:320,(anonymous_44)
FN:323,(anonymous_45)
FN:330,(anonymous_46)
FN:333,(anonymous_47)
FN:339,(anonymous_48)
FN:342,(anonymous_49)
FN:352,(anonymous_50)
FN:355,(anonymous_51)
FN:367,(anonymous_52)
FN:377,(anonymous_53)
FN:380,(anonymous_54)
FN:392,(anonymous_55)
FN:402,(anonymous_56)
FN:405,(anonymous_57)
FN:408,(anonymous_58)
FN:415,(anonymous_59)
FN:418,(anonymous_60)
FN:421,(anonymous_61)
FNF:61
FNH:60
FNDA:1,(anonymous_1)
FNDA:1,(anonymous_2)
FNDA:1,(anonymous_3)
FNDA:1,(anonymous_4)
FNDA:1,(anonymous_5)
FNDA:1,(anonymous_6)
FNDA:1,(anonymous_7)
FNDA:1,(anonymous_8)
FNDA:1,(anonymous_9)
FNDA:1,(anonymous_10)
FNDA:1,(anonymous_11)
FNDA:1,(anonymous_12)
FNDA:1,(anonymous_13)
FNDA:1,(anonymous_14)
FNDA:1,(anonymous_15)
FNDA:1,(anonymous_16)
FNDA:1,(anonymous_17)
FNDA:1,(anonymous_18)
FNDA:1,(anonymous_19)
FNDA:1,(anonymous_20)
FNDA:1,(anonymous_21)
FNDA:1,(anonymous_22)
FNDA:1,(anonymous_23)
FNDA:1,(anonymous_24)
FNDA:1,(anonymous_25)
FNDA:1,(anonymous_26)
FNDA:1,(anonymous_27)
FNDA:1,(anonymous_28)
FNDA:1,(anonymous_29)
FNDA:1,(anonymous_30)
FNDA:1,(anonymous_31)
FNDA:1,(anonymous_32)
FNDA:1,(anonymous_33)
FNDA:1,(anonymous_34)
FNDA:1,(anonymous_35)
FNDA:1,(anonymous_36)
FNDA:1,(anonymous_37)
FNDA:1,(anonymous_38)
FNDA:1,(anonymous_39)
FNDA:1,(anonymous_40)
FNDA:1,(anonymous_41)
FNDA:1,(anonymous_42)
FNDA:1,(anonymous_43)
FNDA:1,(anonymous_44)
FNDA:1,(anonymous_45)
FNDA:1,(anonymous_46)
FNDA:1,(anonymous_47)
FNDA:1,(anonymous_48)
FNDA:0,(anonymous_49)
FNDA:1,(anonymous_50)
FNDA:1,(anonymous_51)
FNDA:1,(anonymous_52)
FNDA:1,(anonymous_53)
FNDA:1,(anonymous_54)
FNDA:1,(anonymous_55)
FNDA:1,(anonymous_56)
FNDA:1,(anonymous_57)
FNDA:1,(anonymous_58)
FNDA:1,(anonymous_59)
FNDA:1,(anonymous_60)
FNDA:1,(anonymous_61)
DA:8,1
DA:9,1
DA:10,1
DA:12,1
DA:14,1
DA:16,1
DA:18,1
DA:20,1
DA:21,1
DA:22,1
DA:25,1
DA:27,1
DA:28,1
DA:31,1
DA:32,1
DA:37,1
DA:38,1
DA:41,1
DA:42,1
DA:47,1
DA:48,1
DA:52,1
DA:53,1
DA:57,1
DA:58,1
DA:61,1
DA:62,1
DA:67,1
DA:68,1
DA:71,1
DA:72,1
DA:77,1
DA:78,1
DA:81,1
DA:82,1
DA:87,1
DA:88,1
DA:91,1
DA:92,1
DA:98,1
DA:99,1
DA:103,1
DA:104,1
DA:110,1
DA:111,1
DA:115,1
DA:116,1
DA:132,1
DA:133,1
DA:137,1
DA:138,1
DA:141,1
DA:142,1
DA:156,1
DA:157,1
DA:161,1
DA:162,1
DA:166,1
DA:167,1
DA:170,1
DA:174,1
DA:175,1
DA:181,1
DA:182,1
DA:185,1
DA:197,1
DA:198,1
DA:203,1
DA:204,1
DA:207,1
DA:219,1
DA:220,1
DA:228,1
DA:229,1
DA:237,1
DA:254,1
DA:255,1
DA:261,1
DA:262,1
DA:270,1
DA:287,1
DA:288,1
DA:294,1
DA:295,1
DA:298,1
DA:310,1
DA:311,1
DA:317,1
DA:318,1
DA:321,1
DA:324,1
DA:325,1
DA:330,1
DA:331,1
DA:334,1
DA:335,1
DA:339,1
DA:340,1
DA:343,0
DA:344,0
DA:346,1
DA:352,1
DA:353,1
DA:356,1
DA:368,1
DA:369,1
DA:377,1
DA:378,1
DA:381,1
DA:393,1
DA:394,1
DA:402,1
DA:403,1
DA:406,1
DA:409,1
DA:411,1
DA:415,1
DA:416,1
DA:419,1
DA:422,1
DA:424,1
LF:121
LH:119
BRF:0
BRH:0
end_of_record
TN:
SF:E:\NEU\MSD\TA Portal\Project1\taportal-master\server.js
FNF:0
FNH:0
DA:1,1
DA:4,1
DA:5,1
DA:6,1
DA:7,1
DA:10,1
DA:12,1
DA:13,1
DA:15,1
DA:16,1
DA:17,1
DA:20,1
DA:21,1
DA:25,1
DA:26,1
DA:29,1
DA:33,1
DA:34,1
DA:36,1
DA:37,1
DA:41,1
DA:44,1
LF:22
LH:22
BRDA:34,1,0,1
BRDA:34,1,1,1
BRF:2
BRH:2
end_of_record
TN:
SF:E:\NEU\MSD\TA Portal\Project1\taportal-master\project\app.js
FN:5,(anonymous_1)
FNF:1
FNH:1
FNDA:1,(anonymous_1)
DA:5,1
DA:6,1
DA:8,1
DA:9,1
DA:10,1
LF:5
LH:5
BRF:0
BRH:0
end_of_record
TN:
SF:E:\NEU\MSD\TA Portal\Project1\taportal-master\project\model\models.server.js
FN:4,(anonymous_1)
FNF:1
FNH:1
FNDA:1,(anonymous_1)
DA:4,1
DA:6,1
DA:14,1
LF:3
LH:3
BRF:0
BRH:0
end_of_record
TN:
SF:E:\NEU\MSD\TA Portal\Project1\taportal-master\project\model\user\user.model.server.js
FN:5,(anonymous_1)
FN:38,findAllUsers
FN:44,findUserById
FN:50,findUserByUsername
FN:58,addUserCourses
FN:69,addCurrentCourses
FN:80,deleteUserCourse
FN:91,deleteCurrentCourse
FN:116,updateUser
FN:136,deleteUser
FN:142,findUserByCredentials
FN:148,createUser
FN:157,updateResumeOfStudent
FNF:13
FNH:12
FNDA:1,(anonymous_1)
FNDA:5,findAllUsers
FNDA:1,findUserById
FNDA:17,findUserByUsername
FNDA:2,addUserCourses
FNDA:1,addCurrentCourses
FNDA:1,deleteUserCourse
FNDA:1,deleteCurrentCourse
FNDA:3,updateUser
FNDA:4,deleteUser
FNDA:1,findUserByCredentials
FNDA:4,createUser
FNDA:0,updateResumeOfStudent
DA:5,1
DA:7,1
DA:8,1
DA:9,1
DA:11,1
DA:28,1
DA:38,1
DA:39,5
DA:44,1
DA:45,1
DA:50,1
DA:51,17
DA:58,1
DA:59,2
DA:69,1
DA:70,1
DA:80,1
DA:81,1
DA:91,1
DA:92,1
DA:116,1
DA:118,3
DA:136,1
DA:137,4
DA:142,1
DA:143,1
DA:148,1
DA:149,4
DA:157,1
DA:159,0
LF:30
LH:29
BRF:0
BRH:0
end_of_record
TN:
SF:E:\NEU\MSD\TA Portal\Project1\taportal-master\project\model\user\user.schema.server.js
FN:6,(anonymous_1)
FNF:1
FNH:1
FNDA:1,(anonymous_1)
DA:6,1
DA:8,1
DA:10,1
DA:70,1
LF:4
LH:4
BRF:0
BRH:0
end_of_record
TN:
SF:E:\NEU\MSD\TA Portal\Project1\taportal-master\project\model\user\course.model.server.js
FN:5,(anonymous_1)
FN:35,findCourseByName
FN:43,updateCourse
FN:51,findAllCourses
FN:55,createCourse
FN:60,deleteCourse
FN:64,findCourseById
FN:68,findCourseByCoursename
FNF:8
FNH:8
FNDA:1,(anonymous_1)
FNDA:3,findCourseByName
FNDA:2,updateCourse
FNDA:3,findAllCourses
FNDA:1,createCourse
FNDA:2,deleteCourse
FNDA:1,findCourseById
FNDA:2,findCourseByCoursename
DA:5,1
DA:7,1
DA:8,1
DA:9,1
DA:13,1
DA:23,1
DA:35,1
DA:37,3
DA:43,1
DA:44,2
DA:45,2
DA:51,1
DA:52,3
DA:55,1
DA:57,1
DA:60,1
DA:61,2
DA:64,1
DA:65,1
DA:68,1
DA:69,2
LF:21
LH:21
BRF:0
BRH:0
end_of_record
TN:
SF:E:\NEU\MSD\TA Portal\Project1\taportal-master\project\model\user\course.schema.server.js
FN:6,(anonymous_1)
FNF:1
FNH:1
FNDA:1,(anonymous_1)
DA:6,1
DA:7,1
DA:9,1
DA:12,1
LF:4
LH:4
BRF:0
BRH:0
end_of_record
TN:
SF:E:\NEU\MSD\TA Portal\Project1\taportal-master\project\model\user\semester.model.server.js
FN:6,(anonymous_1)
FN:38,findSemesterByName
FN:46,updateSemester
FN:55,findAllSemesters
FN:60,createSemester
FN:65,deleteSemester
FN:70,findSemesterById
FN:75,findSemesterBySemestername
FNF:8
FNH:7
FNDA:1,(anonymous_1)
FNDA:2,findSemesterByName
FNDA:2,updateSemester
FNDA:2,findAllSemesters
FNDA:1,createSemester
FNDA:0,deleteSemester
FNDA:1,findSemesterById
FNDA:3,findSemesterBySemestername
DA:6,1
DA:8,1
DA:9,1
DA:10,1
DA:14,1
DA:24,1
DA:38,1
DA:40,2
DA:46,1
DA:47,2
DA:48,2
DA:55,1
DA:56,2
DA:60,1
DA:61,1
DA:65,1
DA:66,0
DA:70,1
DA:71,1
DA:75,1
DA:76,3
LF:21
LH:20
BRF:0
BRH:0
end_of_record
TN:
SF:E:\NEU\MSD\TA Portal\Project1\taportal-master\project\model\user\semester.schema.server.js
FN:7,(anonymous_1)
FNF:1
FNH:1
FNDA:1,(anonymous_1)
DA:7,1
DA:8,1
DA:10,1
DA:14,1
LF:4
LH:4
BRF:0
BRH:0
end_of_record
TN:
SF:E:\NEU\MSD\TA Portal\Project1\taportal-master\project\model\user\position.model.server.js
FN:7,(anonymous_1)
FN:31,findPositionByName
FN:43,updatePosition
FN:58,updateDeadline
FN:68,findAllPositions
FN:74,createPosition
FN:81,deletePosition
FN:87,findPositionById
FNF:8
FNH:6
FNDA:1,(anonymous_1)
FNDA:1,findPositionByName
FNDA:0,updatePosition
FNDA:0,updateDeadline
FNDA:3,findAllPositions
FNDA:1,createPosition
FNDA:1,deletePosition
FNDA:2,findPositionById
DA:7,1
DA:9,1
DA:10,1
DA:11,1
DA:15,1
DA:25,1
DA:31,1
DA:33,1
DA:43,1
DA:44,0
DA:45,0
DA:58,1
DA:59,0
DA:68,1
DA:69,3
DA:74,1
DA:75,1
DA:76,1
DA:81,1
DA:82,1
DA:87,1
DA:88,2
LF:22
LH:19
BRF:0
BRH:0
end_of_record
TN:
SF:E:\NEU\MSD\TA Portal\Project1\taportal-master\project\model\user\position.schema.server.js
FN:5,(anonymous_1)
FNF:1
FNH:1
FNDA:1,(anonymous_1)
DA:5,1
DA:6,1
DA:8,1
DA:18,1
LF:4
LH:4
BRF:0
BRH:0
end_of_record
TN:
SF:E:\NEU\MSD\TA Portal\Project1\taportal-master\project\services\user.service.server.js
FN:15,(anonymous_1)
FN:54,logout
FN:62,findallusers
FN:67,(anonymous_4)
FN:70,(anonymous_5)
FN:79,register
FN:85,(anonymous_7)
FN:97,(anonymous_8)
FN:103,(anonymous_9)
FN:106,(anonymous_10)
FN:115,(anonymous_11)
FN:123,localStrategy
FN:127,(anonymous_13)
FN:136,(anonymous_14)
FN:143,serializeUser
FN:150,deserializeUser
FN:154,(anonymous_17)
FN:157,(anonymous_18)
FN:166,login
FN:173,loggedIn
FN:185,addUserCourses
FN:191,(anonymous_22)
FN:194,(anonymous_23)
FN:203,addCurrentCourses
FN:209,(anonymous_25)
FN:212,(anonymous_26)
FN:221,updateUser
FN:227,(anonymous_28)
FN:230,(anonymous_29)
FN:239,createUser
FN:246,(anonymous_31)
FN:256,(anonymous_32)
FN:261,(anonymous_33)
FN:266,(anonymous_34)
FN:276,deleteUserCourse
FN:281,(anonymous_36)
FN:285,(anonymous_37)
FN:293,deleteCurrentCourse
FN:298,(anonymous_39)
FN:301,(anonymous_40)
FN:310,deleteUser
FN:316,(anonymous_42)
FN:320,(anonymous_43)
FN:330,findUserById
FN:335,(anonymous_45)
FN:338,(anonymous_46)
FN:347,getUsers
FN:362,findUserByCredentials
FN:365,(anonymous_49)
FN:369,(anonymous_50)
FN:378,findUserByUsername
FN:382,(anonymous_52)
FN:385,(anonymous_53)
FN:403,uploadResume
FN:437,(anonymous_55)
FN:441,(anonymous_56)
FNF:56
FNH:35
FNDA:1,(anonymous_1)
FNDA:1,logout
FNDA:5,findallusers
FNDA:5,(anonymous_4)
FNDA:0,(anonymous_5)
FNDA:2,register
FNDA:2,(anonymous_7)
FNDA:0,(anonymous_8)
FNDA:2,(anonymous_9)
FNDA:1,(anonymous_10)
FNDA:0,(anonymous_11)
FNDA:1,localStrategy
FNDA:1,(anonymous_13)
FNDA:0,(anonymous_14)
FNDA:2,serializeUser
FNDA:0,deserializeUser
FNDA:0,(anonymous_17)
FNDA:0,(anonymous_18)
FNDA:1,login
FNDA:1,loggedIn
FNDA:2,addUserCourses
FNDA:1,(anonymous_22)
FNDA:0,(anonymous_23)
FNDA:1,addCurrentCourses
FNDA:1,(anonymous_25)
FNDA:0,(anonymous_26)
FNDA:3,updateUser
FNDA:1,(anonymous_28)
FNDA:0,(anonymous_29)
FNDA:3,createUser
FNDA:3,(anonymous_31)
FNDA:0,(anonymous_32)
FNDA:3,(anonymous_33)
FNDA:0,(anonymous_34)
FNDA:1,deleteUserCourse
FNDA:1,(anonymous_36)
FNDA:0,(anonymous_37)
FNDA:1,deleteCurrentCourse
FNDA:1,(anonymous_39)
FNDA:0,(anonymous_40)
FNDA:4,deleteUser
FNDA:4,(anonymous_42)
FNDA:0,(anonymous_43)
FNDA:1,findUserById
FNDA:1,(anonymous_45)
FNDA:0,(anonymous_46)
FNDA:13,getUsers
FNDA:1,findUserByCredentials
FNDA:1,(anonymous_49)
FNDA:0,(anonymous_50)
FNDA:11,findUserByUsername
FNDA:11,(anonymous_52)
FNDA:0,(anonymous_53)
FNDA:0,uploadResume
FNDA:0,(anonymous_55)
FNDA:0,(anonymous_56)
DA:4,1
DA:5,1
DA:7,1
DA:10,1
DA:11,1
DA:12,1
DA:15,1
DA:17,1
DA:19,1
DA:20,1
DA:21,1
DA:22,1
DA:23,1
DA:24,1
DA:25,1
DA:26,1
DA:27,1
DA:28,1
DA:29,1
DA:30,1
DA:31,1
DA:32,1
DA:33,1
DA:36,1
DA:42,1
DA:43,1
DA:54,1
DA:55,1
DA:56,1
DA:62,1
DA:64,5
DA:68,5
DA:71,0
DA:79,1
DA:80,2
DA:81,2
DA:82,2
DA:83,2
DA:86,2
DA:87,1
DA:88,1
DA:91,1
DA:92,1
DA:98,0
DA:104,2
DA:106,1
DA:107,1
DA:108,0
DA:110,1
DA:116,0
DA:123,1
DA:124,1
DA:129,1
DA:130,1
DA:133,0
DA:137,0
DA:143,1
DA:144,2
DA:150,1
DA:151,0
DA:155,0
DA:158,0
DA:166,1
DA:167,1
DA:168,1
DA:173,1
DA:174,1
DA:175,0
DA:177,1
DA:185,1
DA:186,2
DA:187,2
DA:188,2
DA:192,1
DA:195,0
DA:203,1
DA:204,1
DA:205,1
DA:206,1
DA:210,1
DA:213,0
DA:221,1
DA:222,3
DA:223,3
DA:224,3
DA:228,1
DA:231,0
DA:239,1
DA:241,3
DA:243,3
DA:247,3
DA:248,0
DA:249,0
DA:251,3
DA:252,3
DA:257,0
DA:262,3
DA:263,3
DA:267,0
DA:276,1
DA:277,1
DA:278,1
DA:279,1
DA:283,1
DA:286,0
DA:293,1
DA:294,1
DA:295,1
DA:296,1
DA:299,1
DA:302,0
DA:310,1
DA:311,4
DA:313,4
DA:318,4
DA:321,0
DA:330,1
DA:331,1
DA:333,1
DA:336,1
DA:339,0
DA:347,1
DA:348,13
DA:349,13
DA:350,13
DA:351,1
DA:352,12
DA:353,11
DA:355,1
DA:362,1
DA:363,1
DA:366,1
DA:367,1
DA:370,0
DA:378,1
DA:379,11
DA:383,11
DA:386,0
DA:403,1
DA:404,0
DA:406,0
DA:407,0
DA:408,0
DA:409,0
DA:410,0
DA:411,0
DA:414,0
DA:415,0
DA:418,0
DA:420,0
DA:423,0
DA:426,0
DA:433,0
DA:434,0
DA:438,0
DA:442,0
LF:156
LH:116
BRDA:86,1,0,1
BRDA:86,1,1,1
BRDA:104,2,0,1
BRDA:104,2,1,1
BRDA:107,3,0,0
BRDA:107,3,1,1
BRDA:129,4,0,1
BRDA:129,4,1,0
BRDA:129,5,0,1
BRDA:129,5,1,1
BRDA:174,6,0,0
BRDA:174,6,1,1
BRDA:247,7,0,0
BRDA:247,7,1,3
BRDA:262,8,0,3
BRDA:262,8,1,0
BRDA:350,9,0,1
BRDA:350,9,1,12
BRDA:350,10,0,13
BRDA:350,10,1,12
BRDA:352,11,0,11
BRDA:352,11,1,1
BRDA:433,12,0,0
BRDA:433,12,1,0
BRF:24
BRH:17
end_of_record
TN:
SF:E:\NEU\MSD\TA Portal\Project1\taportal-master\project\services\coursesandsemesters.service.server.js
FN:4,(anonymous_1)
FN:35,findCourseByName
FN:40,(anonymous_3)
FN:42,(anonymous_4)
FN:48,findSemesterByName
FN:53,(anonymous_6)
FN:55,(anonymous_7)
FN:66,findCourseById
FN:71,(anonymous_9)
FN:73,(anonymous_10)
FN:81,updateCourse
FN:87,(anonymous_12)
FN:90,(anonymous_13)
FN:99,deleteCourse
FN:104,(anonymous_15)
FN:107,(anonymous_16)
FN:115,findallcourses
FN:119,(anonymous_18)
FN:122,(anonymous_19)
FN:132,createCourse
FN:137,(anonymous_21)
FN:145,(anonymous_22)
FN:150,(anonymous_23)
FN:155,(anonymous_24)
FN:171,findSemesterById
FN:176,(anonymous_26)
FN:178,(anonymous_27)
FN:187,updateSemester
FN:195,(anonymous_29)
FN:198,(anonymous_30)
FN:207,deleteSemester
FN:214,(anonymous_32)
FN:217,(anonymous_33)
FN:225,findallsemesters
FN:229,(anonymous_35)
FN:232,(anonymous_36)
FN:242,createSemester
FN:249,(anonymous_38)
FN:257,(anonymous_39)
FN:262,(anonymous_40)
FN:267,(anonymous_41)
FNF:41
FNH:26
FNDA:1,(anonymous_1)
FNDA:3,findCourseByName
FNDA:3,(anonymous_3)
FNDA:0,(anonymous_4)
FNDA:2,findSemesterByName
FNDA:2,(anonymous_6)
FNDA:0,(anonymous_7)
FNDA:1,findCourseById
FNDA:1,(anonymous_9)
FNDA:0,(anonymous_10)
FNDA:2,updateCourse
FNDA:1,(anonymous_12)
FNDA:0,(anonymous_13)
FNDA:2,deleteCourse
FNDA:1,(anonymous_15)
FNDA:1,(anonymous_16)
FNDA:3,findallcourses
FNDA:3,(anonymous_18)
FNDA:0,(anonymous_19)
FNDA:2,createCourse
FNDA:2,(anonymous_21)
FNDA:0,(anonymous_22)
FNDA:2,(anonymous_23)
FNDA:0,(anonymous_24)
FNDA:1,findSemesterById
FNDA:0,(anonymous_26)
FNDA:1,(anonymous_27)
FNDA:2,updateSemester
FNDA:2,(anonymous_29)
FNDA:0,(anonymous_30)
FNDA:0,deleteSemester
FNDA:0,(anonymous_32)
FNDA:0,(anonymous_33)
FNDA:2,findallsemesters
FNDA:1,(anonymous_35)
FNDA:0,(anonymous_36)
FNDA:3,createSemester
FNDA:3,(anonymous_38)
FNDA:0,(anonymous_39)
FNDA:3,(anonymous_40)
FNDA:0,(anonymous_41)
DA:4,1
DA:6,1
DA:7,1
DA:9,1
DA:10,1
DA:11,1
DA:12,1
DA:13,1
DA:16,1
DA:17,1
DA:18,1
DA:19,1
DA:20,1
DA:22,1
DA:23,1
DA:35,1
DA:36,3
DA:38,3
DA:41,3
DA:43,0
DA:48,1
DA:49,2
DA:51,2
DA:54,2
DA:56,0
DA:66,1
DA:67,1
DA:69,1
DA:72,1
DA:74,0
DA:81,1
DA:82,2
DA:83,2
DA:84,2
DA:88,1
DA:91,0
DA:99,1
DA:100,2
DA:101,2
DA:105,1
DA:108,1
DA:115,1
DA:116,3
DA:120,3
DA:123,0
DA:132,1
DA:133,2
DA:134,2
DA:138,2
DA:139,1
DA:140,1
DA:142,1
DA:146,0
DA:151,2
DA:152,1
DA:156,0
DA:171,1
DA:172,1
DA:174,1
DA:177,0
DA:179,1
DA:187,1
DA:188,2
DA:189,2
DA:192,2
DA:196,2
DA:199,0
DA:207,1
DA:209,0
DA:211,0
DA:215,0
DA:218,0
DA:225,1
DA:226,2
DA:230,1
DA:233,0
DA:242,1
DA:244,3
DA:245,3
DA:246,3
DA:250,3
DA:251,2
DA:252,2
DA:254,1
DA:258,0
DA:263,3
DA:264,1
DA:268,0
LF:88
LH:72
BRDA:138,1,0,1
BRDA:138,1,1,1
BRDA:151,2,0,1
BRDA:151,2,1,1
BRDA:250,3,0,2
BRDA:250,3,1,1
BRDA:263,4,0,1
BRDA:263,4,1,2
BRF:8
BRH:8
end_of_record
TN:
SF:E:\NEU\MSD\TA Portal\Project1\taportal-master\project\services\position.service.server.js
FN:5,(anonymous_1)
FN:24,findPositionByName
FN:28,(anonymous_3)
FN:30,(anonymous_4)
FN:43,findPositionById
FN:47,(anonymous_6)
FN:49,(anonymous_7)
FN:57,updatePosition
FN:63,(anonymous_9)
FN:66,(anonymous_10)
FN:73,updateDeadline
FN:82,(anonymous_12)
FN:85,(anonymous_13)
FN:93,deletePosition
FN:98,(anonymous_15)
FN:101,(anonymous_16)
FN:109,findallpositions
FN:113,(anonymous_18)
FN:116,(anonymous_19)
FN:125,createPosition
FN:130,(anonymous_21)
FN:133,(anonymous_22)
FNF:22
FNH:10
FNDA:1,(anonymous_1)
FNDA:1,findPositionByName
FNDA:0,(anonymous_3)
FNDA:0,(anonymous_4)
FNDA:2,findPositionById
FNDA:2,(anonymous_6)
FNDA:0,(anonymous_7)
FNDA:0,updatePosition
FNDA:0,(anonymous_9)
FNDA:0,(anonymous_10)
FNDA:0,updateDeadline
FNDA:0,(anonymous_12)
FNDA:0,(anonymous_13)
FNDA:1,deletePosition
FNDA:0,(anonymous_15)
FNDA:1,(anonymous_16)
FNDA:3,findallpositions
FNDA:3,(anonymous_18)
FNDA:0,(anonymous_19)
FNDA:1,createPosition
FNDA:1,(anonymous_21)
FNDA:0,(anonymous_22)
DA:5,1
DA:7,1
DA:11,1
DA:12,1
DA:13,1
DA:14,1
DA:15,1
DA:16,1
DA:22,1
DA:24,1
DA:25,1
DA:26,1
DA:29,0
DA:31,0
DA:43,1
DA:44,2
DA:45,2
DA:48,2
DA:50,0
DA:57,1
DA:58,0
DA:59,0
DA:60,0
DA:64,0
DA:67,0
DA:73,1
DA:74,0
DA:76,0
DA:77,0
DA:79,0
DA:83,0
DA:86,0
DA:93,1
DA:96,1
DA:99,0
DA:102,1
DA:109,1
DA:110,3
DA:114,3
DA:117,0
DA:125,1
DA:126,1
DA:127,1
DA:131,1
DA:134,0
LF:45
LH:28
BRF:0
BRH:0
end_of_record
TN:
SF:E:\NEU\MSD\TA Portal\Project1\taportal-master\testspec\testForApplications.js
FN:24,(anonymous_1)
FN:27,(anonymous_2)
FN:31,(anonymous_3)
FN:37,(anonymous_4)
FN:40,(anonymous_5)
FN:49,(anonymous_6)
FN:57,(anonymous_7)
FN:60,(anonymous_8)
FN:66,(anonymous_9)
FN:69,(anonymous_10)
FN:72,(anonymous_11)
FN:80,(anonymous_12)
FN:83,(anonymous_13)
FN:92,(anonymous_14)
FN:100,(anonymous_15)
FN:103,(anonymous_16)
FN:106,(anonymous_17)
FN:114,(anonymous_18)
FN:117,(anonymous_19)
FN:120,(anonymous_20)
FNF:20
FNH:20
FNDA:1,(anonymous_1)
FNDA:1,(anonymous_2)
FNDA:1,(anonymous_3)
FNDA:1,(anonymous_4)
FNDA:1,(anonymous_5)
FNDA:1,(anonymous_6)
FNDA:1,(anonymous_7)
FNDA:1,(anonymous_8)
FNDA:1,(anonymous_9)
FNDA:1,(anonymous_10)
FNDA:1,(anonymous_11)
FNDA:1,(anonymous_12)
FNDA:1,(anonymous_13)
FNDA:1,(anonymous_14)
FNDA:1,(anonymous_15)
FNDA:1,(anonymous_16)
FNDA:1,(anonymous_17)
FNDA:1,(anonymous_18)
FNDA:1,(anonymous_19)
FNDA:1,(anonymous_20)
DA:8,1
DA:9,1
DA:10,1
DA:12,1
DA:14,1
DA:16,1
DA:18,1
DA:20,1
DA:21,1
DA:22,1
DA:24,1
DA:27,1
DA:28,1
DA:32,1
DA:33,1
DA:37,1
DA:38,1
DA:41,1
DA:50,1
DA:51,0
DA:57,1
DA:58,1
DA:61,1
DA:62,0
DA:66,1
DA:67,1
DA:70,1
DA:73,1
DA:74,0
DA:80,1
DA:81,1
DA:84,1
DA:93,1
DA:95,1
DA:100,1
DA:101,1
DA:104,1
DA:107,1
DA:109,1
DA:114,1
DA:115,1
DA:118,1
DA:121,1
DA:123,1
LF:44
LH:41
BRF:0
BRH:0
end_of_record
TN:
SF:E:\NEU\MSD\TA Portal\Project1\taportal-master\project\model\user\application.schema.server.js
FN:5,(anonymous_1)
FNF:1
FNH:0
FNDA:0,(anonymous_1)
DA:5,1
DA:6,0
DA:8,0
DA:19,0
LF:4
LH:1
BRF:0
BRH:0
end_of_record
TN:
SF:E:\NEU\MSD\TA Portal\Project1\taportal-master\testspec\testForCoursesAndSem.js
FN:25,(anonymous_1)
FN:27,(anonymous_2)
FN:30,(anonymous_3)
FN:37,(anonymous_4)
FN:40,(anonymous_5)
FN:57,(anonymous_6)
FN:61,(anonymous_7)
FN:79,(anonymous_8)
FN:83,(anonymous_9)
FN:90,(anonymous_10)
FN:93,(anonymous_11)
FN:97,(anonymous_12)
FN:106,(anonymous_13)
FN:109,(anonymous_14)
FN:113,(anonymous_15)
FN:122,(anonymous_16)
FN:125,(anonymous_17)
FN:128,(anonymous_18)
FN:164,(anonymous_19)
FN:167,(anonymous_20)
FN:170,(anonymous_21)
FN:179,(anonymous_22)
FN:182,(anonymous_23)
FN:185,(anonymous_24)
FN:196,(anonymous_25)
FN:198,(anonymous_26)
FN:201,(anonymous_27)
FN:208,(anonymous_28)
FN:211,(anonymous_29)
FN:218,(anonymous_30)
FN:222,(anonymous_31)
FN:228,(anonymous_32)
FN:231,(anonymous_33)
FN:238,(anonymous_34)
FN:242,(anonymous_35)
FN:249,(anonymous_36)
FN:252,(anonymous_37)
FN:256,(anonymous_38)
FN:266,(anonymous_39)
FN:269,(anonymous_40)
FN:273,(anonymous_41)
FN:284,(anonymous_42)
FN:287,(anonymous_43)
FN:297,(anonymous_44)
FN:300,(anonymous_45)
FN:303,(anonymous_46)
FN:311,(anonymous_47)
FN:314,(anonymous_48)
FN:317,(anonymous_49)
FNF:49
FNH:39
FNDA:1,(anonymous_1)
FNDA:1,(anonymous_2)
FNDA:1,(anonymous_3)
FNDA:1,(anonymous_4)
FNDA:1,(anonymous_5)
FNDA:1,(anonymous_6)
FNDA:1,(anonymous_7)
FNDA:1,(anonymous_8)
FNDA:1,(anonymous_9)
FNDA:1,(anonymous_10)
FNDA:1,(anonymous_11)
FNDA:1,(anonymous_12)
FNDA:1,(anonymous_13)
FNDA:1,(anonymous_14)
FNDA:1,(anonymous_15)
FNDA:1,(anonymous_16)
FNDA:1,(anonymous_17)
FNDA:1,(anonymous_18)
FNDA:1,(anonymous_19)
FNDA:1,(anonymous_20)
FNDA:1,(anonymous_21)
FNDA:1,(anonymous_22)
FNDA:1,(anonymous_23)
FNDA:0,(anonymous_24)
FNDA:1,(anonymous_25)
FNDA:1,(anonymous_26)
FNDA:1,(anonymous_27)
FNDA:1,(anonymous_28)
FNDA:1,(anonymous_29)
FNDA:1,(anonymous_30)
FNDA:1,(anonymous_31)
FNDA:1,(anonymous_32)
FNDA:1,(anonymous_33)
FNDA:1,(anonymous_34)
FNDA:1,(anonymous_35)
FNDA:2,(anonymous_36)
FNDA:2,(anonymous_37)
FNDA:2,(anonymous_38)
FNDA:0,(anonymous_39)
FNDA:0,(anonymous_40)
FNDA:0,(anonymous_41)
FNDA:1,(anonymous_42)
FNDA:0,(anonymous_43)
FNDA:1,(anonymous_44)
FNDA:0,(anonymous_45)
FNDA:0,(anonymous_46)
FNDA:0,(anonymous_47)
FNDA:0,(anonymous_48)
FNDA:0,(anonymous_49)
DA:8,1
DA:9,1
DA:10,1
DA:12,1
DA:14,1
DA:16,1
DA:17,1
DA:19,1
DA:21,1
DA:22,1
DA:23,1
DA:25,1
DA:27,1
DA:28,1
DA:31,1
DA:32,1
DA:37,1
DA:38,1
DA:41,1
DA:42,1
DA:57,1
DA:58,1
DA:62,1
DA:63,1
DA:79,1
DA:80,1
DA:84,1
DA:85,1
DA:90,1
DA:91,1
DA:94,1
DA:98,1
DA:101,1
DA:106,1
DA:107,1
DA:110,1
DA:114,1
DA:117,1
DA:122,1
DA:123,1
DA:126,1
DA:129,1
DA:130,1
DA:164,1
DA:165,1
DA:168,1
DA:171,1
DA:174,1
DA:179,1
DA:180,1
DA:183,1
DA:186,0
DA:189,1
DA:196,1
DA:198,1
DA:199,1
DA:202,1
DA:203,1
DA:208,1
DA:209,1
DA:212,1
DA:213,1
DA:218,1
DA:219,1
DA:223,1
DA:224,1
DA:228,1
DA:229,1
DA:232,1
DA:233,1
DA:238,1
DA:239,1
DA:243,1
DA:244,1
DA:249,1
DA:250,2
DA:253,2
DA:257,2
DA:260,2
DA:266,1
DA:267,0
DA:270,0
DA:274,0
DA:277,0
DA:284,1
DA:285,1
DA:288,0
DA:289,0
DA:291,1
DA:297,1
DA:298,1
DA:301,0
DA:304,0
DA:305,0
DA:311,1
DA:312,0
DA:315,0
DA:318,0
DA:321,0
LF:99
LH:85
BRF:0
BRH:0
end_of_record
TN:
SF:E:\NEU\MSD\TA Portal\Project1\taportal-master\testspec\testForPositions.js
FN:26,(anonymous_1)
FN:28,(anonymous_2)
FN:31,(anonymous_3)
FN:38,(anonymous_4)
FN:41,(anonymous_5)
FN:48,(anonymous_6)
FN:53,(anonymous_7)
FN:60,(anonymous_8)
FN:63,(anonymous_9)
FN:68,(anonymous_10)
FN:77,(anonymous_11)
FN:80,(anonymous_12)
FN:83,(anonymous_13)
FN:91,(anonymous_14)
FN:94,(anonymous_15)
FN:97,(anonymous_16)
FNF:16
FNH:12
FNDA:1,(anonymous_1)
FNDA:1,(anonymous_2)
FNDA:1,(anonymous_3)
FNDA:1,(anonymous_4)
FNDA:1,(anonymous_5)
FNDA:1,(anonymous_6)
FNDA:1,(anonymous_7)
FNDA:0,(anonymous_8)
FNDA:0,(anonymous_9)
FNDA:0,(anonymous_10)
FNDA:2,(anonymous_11)
FNDA:2,(anonymous_12)
FNDA:2,(anonymous_13)
FNDA:1,(anonymous_14)
FNDA:1,(anonymous_15)
FNDA:0,(anonymous_16)
DA:8,1
DA:9,1
DA:10,1
DA:12,1
DA:14,1
DA:16,1
DA:18,1
DA:20,1
DA:21,1
DA:22,1
DA:24,1
DA:26,1
DA:28,1
DA:29,1
DA:32,1
DA:33,1
DA:38,1
DA:39,1
DA:42,1
DA:43,1
DA:48,1
DA:49,1
DA:54,1
DA:55,1
DA:60,1
DA:61,0
DA:64,0
DA:69,0
DA:70,0
DA:77,1
DA:78,2
DA:81,2
DA:84,2
DA:85,2
DA:91,1
DA:92,1
DA:95,1
DA:98,0
DA:99,0
DA:101,1
LF:40
LH:34
BRF:0
BRH:0
end_of_record
